
---------------------------------------------
MiB Mem :   1817.3 total,   1636.9 free,    109.2 used,     71.2 buff/cache
MiB Swap:    820.0 total,    680.2 free,    139.8 used.   1595.1 avail Mem 
current:
  36919 root      20   0  242976  23660   3056 R  93.8   1.3   0:00.78 mem.bash
top:
  36919 root      20   0  246936  27620   3056 R  94.1   1.5   0:00.94 mem.bash
   1589 root      20   0  903284   7316   3396 S   0.0   0.4   1:05.77 cockpit-bridge
  36928 root      20   0  275048   4432   3856 R   0.0   0.2   0:00.00 top
    647 root      20   0  100960   3508   3228 S   0.0   0.2   0:00.78 systemd-journal
  15837 root      20   0  237488   3448   2592 S   0.0   0.2   0:00.59 bash
---------------------------------------------
MiB Mem :   1817.3 total,   1621.0 free,    125.1 used,     71.2 buff/cache
MiB Swap:    820.0 total,    680.2 free,    139.8 used.   1579.3 avail Mem 
current:
  36919 root      20   0  259080  39764   3056 R  99.9   2.1   0:01.45 mem.bash
top:
  36919 root      20   0  263172  43724   3056 R  94.1   2.3   0:01.61 mem.bash
   1589 root      20   0  903284   7316   3396 S   0.0   0.4   1:05.77 cockpit-bridge
  36938 root      20   0  275048   4500   3928 R   0.0   0.2   0:00.00 top
    647 root      20   0  100960   3508   3228 S   0.0   0.2   0:00.78 systemd-journal
  15837 root      20   0  237488   3448   2592 S   0.0   0.2   0:00.59 bash
---------------------------------------------
MiB Mem :   1817.3 total,   1605.5 free,    140.6 used,     71.2 buff/cache
MiB Swap:    820.0 total,    680.2 free,    139.8 used.   1563.8 avail Mem 
current:
  36919 root      20   0  275712  56396   3056 R  94.1   3.0   0:02.14 mem.bash
top:
  36919 root      20   0  280068  60620   3056 R  94.1   3.3   0:02.32 mem.bash
   1589 root      20   0  903284   7316   3396 S   0.0   0.4   1:05.77 cockpit-bridge
  36948 root      20   0  275048   4432   3860 R   0.0   0.2   0:00.00 top
    647 root      20   0  100960   3508   3228 S   0.0   0.2   0:00.78 systemd-journal
  15837 root      20   0  237488   3448   2592 S   0.0   0.2   0:00.59 bash
---------------------------------------------
MiB Mem :   1817.3 total,   1588.9 free,    157.2 used,     71.2 buff/cache
MiB Swap:    820.0 total,    680.2 free,    139.8 used.   1546.7 avail Mem 
current:
  36919 root      20   0  293004  73556   3056 R  99.9   4.0   0:02.86 mem.bash
top:
  36919 root      20   0  297096  77780   3056 R  94.1   4.2   0:03.03 mem.bash
   1589 root      20   0  903284   7316   3396 S   0.0   0.4   1:05.77 cockpit-bridge
  36958 root      20   0  275048   4408   3836 R   0.0   0.2   0:00.00 top
    647 root      20   0  100960   3508   3228 S   0.0   0.2   0:00.78 systemd-journal
  15837 root      20   0  237488   3448   2592 S   0.0   0.2   0:00.59 bash
---------------------------------------------
MiB Mem :   1817.3 total,   1572.2 free,    173.9 used,     71.2 buff/cache
MiB Swap:    820.0 total,    680.2 free,    139.8 used.   1530.3 avail Mem 
current:
  36919 root      20   0  309768  90452   3056 R  94.4   4.9   0:03.53 mem.bash
top:
  36919 root      20   0  314124  94940   3056 R  94.4   5.1   0:03.70 mem.bash
   1589 root      20   0  903284   7316   3396 S   0.0   0.4   1:05.77 cockpit-bridge
  36968 root      20   0  275048   4500   3928 R   0.0   0.2   0:00.00 top
    647 root      20   0  100960   3508   3228 S   0.0   0.2   0:00.78 systemd-journal
  15837 root      20   0  237488   3448   2592 S   0.0   0.2   0:00.59 bash
---------------------------------------------
MiB Mem :   1817.3 total,   1555.1 free,    191.0 used,     71.2 buff/cache
MiB Swap:    820.0 total,    680.2 free,    139.8 used.   1512.9 avail Mem 
current:
  36919 root      20   0  327720 108404   3056 R  99.9   5.8   0:04.22 mem.bash
top:
  36919 root      20   0  331680 112364   3056 R  99.9   6.0   0:04.37 mem.bash
   1589 root      20   0  903284   7316   3396 S   0.0   0.4   1:05.77 cockpit-bridge
  36978 root      20   0  275048   4476   3904 R   0.0   0.2   0:00.00 top
    647 root      20   0  100960   3508   3228 S   0.0   0.2   0:00.78 systemd-journal
  15837 root      20   0  237488   3448   2592 S   0.0   0.2   0:00.59 bash
---------------------------------------------
MiB Mem :   1817.3 total,   1537.5 free,    208.5 used,     71.2 buff/cache
MiB Swap:    820.0 total,    680.2 free,    139.8 used.   1495.4 avail Mem 
current:
  36919 root      20   0  346464 127148   3056 R  99.9   6.8   0:04.94 mem.bash
top:
  36919 root      20   0  350688 131372   3056 R  99.9   7.1   0:05.11 mem.bash
   1589 root      20   0  903284   7316   3396 S   0.0   0.4   1:05.77 cockpit-bridge
  36988 root      20   0  275048   4512   3940 R   0.0   0.2   0:00.00 top
    647 root      20   0  100960   3508   3228 S   0.0   0.2   0:00.78 systemd-journal
  15837 root      20   0  237488   3448   2592 S   0.0   0.2   0:00.59 bash
---------------------------------------------
MiB Mem :   1817.3 total,   1519.6 free,    226.5 used,     71.2 buff/cache
MiB Swap:    820.0 total,    680.2 free,    139.8 used.   1478.2 avail Mem 
current:
  36919 root      20   0  362568 143252   3056 R  99.9   7.7   0:05.63 mem.bash
top:
  36919 root      20   0  366000 146684   3056 R  99.9   7.9   0:05.80 mem.bash
   1589 root      20   0  903284   7316   3396 S   0.0   0.4   1:05.77 cockpit-bridge
  36998 root      20   0  275048   4580   4004 R   0.0   0.2   0:00.00 top
    647 root      20   0  100960   3508   3228 S   0.0   0.2   0:00.78 systemd-journal
  15837 root      20   0  237488   3448   2592 S   0.0   0.2   0:00.59 bash
---------------------------------------------
MiB Mem :   1817.3 total,   1505.1 free,    240.9 used,     71.2 buff/cache
MiB Swap:    820.0 total,    680.2 free,    139.8 used.   1463.0 avail Mem 
current:
  36919 root      20   0  378804 159356   3056 R  94.7   8.6   0:06.36 mem.bash
top:
  36919 root      20   0  383424 164108   3056 R  99.9   8.8   0:06.54 mem.bash
   1589 root      20   0  903284   7316   3396 S   0.0   0.4   1:05.77 cockpit-bridge
  37008 root      20   0  275048   4428   3856 R   0.0   0.2   0:00.00 top
    647 root      20   0  100960   3508   3228 S   0.0   0.2   0:00.78 systemd-journal
  15837 root      20   0  237488   3448   2592 S   0.0   0.2   0:00.59 bash
---------------------------------------------
MiB Mem :   1817.3 total,   1487.1 free,    259.0 used,     71.2 buff/cache
MiB Swap:    820.0 total,    680.2 free,    139.8 used.   1444.8 avail Mem 
current:
  36919 root      20   0  397284 178100   3056 R  93.8   9.6   0:07.08 mem.bash
top:
  36919 root      20   0  401376 182060   3056 R  99.9   9.8   0:07.24 mem.bash
   1589 root      20   0  903284   7316   3396 S   0.0   0.4   1:05.77 cockpit-bridge
  37018 root      20   0  275048   4556   3984 R   0.0   0.2   0:00.00 top
    647 root      20   0  100960   3508   3228 S   0.0   0.2   0:00.78 systemd-journal
  15837 root      20   0  237488   3448   2592 S   0.0   0.2   0:00.59 bash
---------------------------------------------
MiB Mem :   1817.3 total,   1469.5 free,    276.6 used,     71.2 buff/cache
MiB Swap:    820.0 total,    680.2 free,    139.8 used.   1427.7 avail Mem 
current:
  36919 root      20   0  413916 194468   3056 R  94.1  10.5   0:07.79 mem.bash
top:
  36919 root      20   0  418008 198692   3056 R  99.9  10.7   0:07.97 mem.bash
   1589 root      20   0  903284   7316   3396 S   0.0   0.4   1:05.77 cockpit-bridge
  37028 root      20   0  275048   4476   3900 R   0.0   0.2   0:00.00 top
    647 root      20   0  100960   3508   3228 S   0.0   0.2   0:00.78 systemd-journal
  15837 root      20   0  237488   3448   2592 S   0.0   0.2   0:00.59 bash
---------------------------------------------
MiB Mem :   1817.3 total,   1453.4 free,    292.6 used,     71.2 buff/cache
MiB Swap:    820.0 total,    680.2 free,    139.8 used.   1412.4 avail Mem 
current:
  36919 root      20   0  429360 210044   3056 R  99.9  11.3   0:08.51 mem.bash
top:
  36919 root      20   0  432528 213212   3056 R  99.9  11.5   0:08.67 mem.bash
   1589 root      20   0  903284   7316   3396 S   0.0   0.4   1:05.77 cockpit-bridge
  37038 root      20   0  275048   4412   3840 R   0.0   0.2   0:00.00 top
    883 root      20   0  438912   3848   3496 S   0.0   0.2   0:01.81 sssd_nss
    647 root      20   0  100960   3508   3228 S   0.0   0.2   0:00.78 systemd-journal
---------------------------------------------
MiB Mem :   1817.3 total,   1439.2 free,    306.9 used,     71.2 buff/cache
MiB Swap:    820.0 total,    680.2 free,    139.8 used.   1397.8 avail Mem 
current:
  36919 root      20   0  443484 224036   3056 R  99.9  12.0   0:09.18 mem.bash
top:
  36919 root      20   0  447048 227732   3056 R  99.9  12.2   0:09.35 mem.bash
   1589 root      20   0  903284   7316   3396 S   0.0   0.4   1:05.77 cockpit-bridge
  37048 root      20   0  275048   4380   3808 R   5.9   0.2   0:00.01 top
    883 root      20   0  438912   3848   3496 S   0.0   0.2   0:01.81 sssd_nss
    647 root      20   0  100960   3508   3228 S   0.0   0.2   0:00.78 systemd-journal
---------------------------------------------
MiB Mem :   1817.3 total,   1424.0 free,    322.1 used,     71.2 buff/cache
MiB Swap:    820.0 total,    680.2 free,    139.8 used.   1382.4 avail Mem 
current:
  36919 root      20   0  460908 241460   3056 R  99.9  13.0   0:09.89 mem.bash
top:
  36919 root      20   0  464340 245156   3056 R  93.8  13.2   0:10.04 mem.bash
   1589 root      20   0  903284   7316   3396 S   0.0   0.4   1:05.77 cockpit-bridge
  37058 root      20   0  275048   4428   3856 R   0.0   0.2   0:00.00 top
    883 root      20   0  438912   3848   3496 S   0.0   0.2   0:01.81 sssd_nss
    647 root      20   0  100960   3508   3228 S   0.0   0.2   0:00.78 systemd-journal
---------------------------------------------
MiB Mem :   1817.3 total,   1407.7 free,    338.4 used,     71.2 buff/cache
MiB Swap:    820.0 total,    680.2 free,    139.8 used.   1365.6 avail Mem 
current:
  36919 root      20   0  477672 258356   3056 R  94.1  13.9   0:10.57 mem.bash
top:
  36919 root      20   0  481896 262580   3056 R  94.1  14.1   0:10.75 mem.bash
   1589 root      20   0  903284   7316   3396 S   0.0   0.4   1:05.77 cockpit-bridge
  37070 root      20   0  275048   4448   3876 R   0.0   0.2   0:00.00 top
    883 root      20   0  438912   3848   3496 S   0.0   0.2   0:01.82 sssd_nss
    647 root      20   0  100960   3508   3228 S   0.0   0.2   0:00.78 systemd-journal
---------------------------------------------
MiB Mem :   1817.3 total,   1390.9 free,    355.2 used,     71.2 buff/cache
MiB Swap:    820.0 total,    680.2 free,    139.8 used.   1348.7 avail Mem 
current:
  36919 root      20   0  495492 276044   3056 R  99.9  14.8   0:11.31 mem.bash
top:
  36919 root      20   0  500112 280796   3056 R  99.9  15.1   0:11.49 mem.bash
   1589 root      20   0  903284   7316   3396 S   0.0   0.4   1:05.77 cockpit-bridge
  37080 root      20   0  275048   4332   3760 R   0.0   0.2   0:00.00 top
    883 root      20   0  438912   3848   3496 S   0.0   0.2   0:01.82 sssd_nss
    647 root      20   0  100960   3508   3228 S   0.0   0.2   0:00.78 systemd-journal
---------------------------------------------
MiB Mem :   1817.3 total,   1372.5 free,    373.6 used,     71.2 buff/cache
MiB Swap:    820.0 total,    680.2 free,    139.8 used.   1330.9 avail Mem 
current:
  36919 root      20   0  513180 293996   3056 R  94.4  15.8   0:12.04 mem.bash
top:
  36919 root      20   0  516348 296900   3056 R  99.9  16.0   0:12.19 mem.bash
   1589 root      20   0  903284   7316   3396 S   0.0   0.4   1:05.77 cockpit-bridge
  37090 root      20   0  275048   4504   3932 R   0.0   0.2   0:00.00 top
    883 root      20   0  438912   3848   3496 S   0.0   0.2   0:01.82 sssd_nss
    647 root      20   0  100960   3508   3228 S   0.0   0.2   0:00.78 systemd-journal
---------------------------------------------
MiB Mem :   1817.3 total,   1357.3 free,    388.7 used,     71.2 buff/cache
MiB Swap:    820.0 total,    680.2 free,    139.8 used.   1316.6 avail Mem 
current:
  36919 root      20   0  527040 307724   3056 R  99.9  16.5   0:12.73 mem.bash
top:
  36919 root      20   0  531000 311684   3056 R  94.4  16.7   0:12.90 mem.bash
   1589 root      20   0  903284   7316   3396 S   0.0   0.4   1:05.77 cockpit-bridge
  37100 root      20   0  275048   4512   3940 R   0.0   0.2   0:00.00 top
    883 root      20   0  438912   3848   3496 S   0.0   0.2   0:01.82 sssd_nss
    647 root      20   0  100960   3508   3228 S   0.0   0.2   0:00.78 systemd-journal
---------------------------------------------
MiB Mem :   1817.3 total,   1342.1 free,    404.0 used,     71.2 buff/cache
MiB Swap:    820.0 total,    680.2 free,    139.8 used.   1300.7 avail Mem 
current:
  36919 root      20   0  543276 323828   3056 R  99.9  17.4   0:13.44 mem.bash
top:
  36919 root      20   0  547368 328052   3056 R  99.9  17.6   0:13.61 mem.bash
   1589 root      20   0  903284   7316   3396 S   0.0   0.4   1:05.77 cockpit-bridge
  37110 root      20   0  275048   4524   3952 R   0.0   0.2   0:00.00 top
    883 root      20   0  438912   3848   3496 S   0.0   0.2   0:01.82 sssd_nss
    647 root      20   0  100960   3508   3228 S   0.0   0.2   0:00.78 systemd-journal
---------------------------------------------
MiB Mem :   1817.3 total,   1326.7 free,    419.4 used,     71.2 buff/cache
MiB Swap:    820.0 total,    680.2 free,    139.8 used.   1285.2 avail Mem 
current:
  36919 root      20   0  559380 339932   3056 R  99.9  18.3   0:14.18 mem.bash
top:
  36919 root      20   0  562548 343100   3056 R  93.8  18.4   0:14.33 mem.bash
   1589 root      20   0  903284   7316   3396 S   0.0   0.4   1:05.77 cockpit-bridge
  37120 root      20   0  275048   4592   4016 R   0.0   0.2   0:00.00 top
    883 root      20   0  438912   3848   3496 S   0.0   0.2   0:01.82 sssd_nss
    647 root      20   0  100960   3508   3228 S   0.0   0.2   0:00.78 systemd-journal
---------------------------------------------
MiB Mem :   1817.3 total,   1312.6 free,    433.4 used,     71.2 buff/cache
MiB Swap:    820.0 total,    680.2 free,    139.8 used.   1270.7 avail Mem 
current:
  36919 root      20   0  574032 354716   3056 R  93.8  19.1   0:14.88 mem.bash
top:
  36919 root      20   0  578388 359204   3056 R  94.7  19.3   0:15.06 mem.bash
   1589 root      20   0  903284   7316   3396 S   0.0   0.4   1:05.77 cockpit-bridge
  37130 root      20   0  275048   4452   3876 R   0.0   0.2   0:00.00 top
    883 root      20   0  438912   3848   3496 S   0.0   0.2   0:01.82 sssd_nss
    647 root      20   0  100960   3508   3228 S   0.0   0.2   0:00.78 systemd-journal
---------------------------------------------
MiB Mem :   1817.3 total,   1296.9 free,    449.2 used,     71.2 buff/cache
MiB Swap:    820.0 total,    680.2 free,    139.8 used.   1255.2 avail Mem 
current:
  36919 root      20   0  589872 370556   3056 R  94.1  19.9   0:15.61 mem.bash
top:
  36919 root      20   0  593304 373988   3056 R  94.1  20.1   0:15.77 mem.bash
   1589 root      20   0  903284   7316   3396 S   0.0   0.4   1:05.77 cockpit-bridge
  37140 root      20   0  275048   4512   3940 R   0.0   0.2   0:00.00 top
    883 root      20   0  438912   3848   3496 S   0.0   0.2   0:01.82 sssd_nss
    647 root      20   0  100960   3508   3228 S   0.0   0.2   0:00.78 systemd-journal
---------------------------------------------
MiB Mem :   1817.3 total,   1282.0 free,    464.0 used,     71.2 buff/cache
MiB Swap:    820.0 total,    680.2 free,    139.8 used.   1240.0 avail Mem 
current:
  36919 root      20   0  605316 386132   3056 R  99.9  20.7   0:16.29 mem.bash
top:
  36919 root      20   0  608484 389036   3056 R  93.8  20.9   0:16.44 mem.bash
   1589 root      20   0  903284   7316   3396 S   0.0   0.4   1:05.77 cockpit-bridge
  37150 root      20   0  275048   4480   3908 R   6.2   0.2   0:00.01 top
    883 root      20   0  438912   3848   3496 S   0.0   0.2   0:01.82 sssd_nss
    647 root      20   0  100960   3508   3228 S   0.0   0.2   0:00.78 systemd-journal
---------------------------------------------
MiB Mem :   1817.3 total,   1267.5 free,    478.6 used,     71.2 buff/cache
MiB Swap:    820.0 total,    680.2 free,    139.8 used.   1226.0 avail Mem 
current:
  36919 root      20   0  620760 401444   3056 R  94.4  21.6   0:16.94 mem.bash
top:
  36919 root      20   0  624588 405140   3056 R  99.9  21.8   0:17.10 mem.bash
   1589 root      20   0  903284   7316   3396 S   0.0   0.4   1:05.77 cockpit-bridge
  37160 root      20   0  275048   4476   3904 R   0.0   0.2   0:00.00 top
    883 root      20   0  438912   3848   3496 S   0.0   0.2   0:01.82 sssd_nss
    647 root      20   0  100960   3508   3228 S   0.0   0.2   0:00.78 systemd-journal
---------------------------------------------
MiB Mem :   1817.3 total,   1251.2 free,    494.9 used,     71.2 buff/cache
MiB Swap:    820.0 total,    680.2 free,    139.8 used.   1210.3 avail Mem 
current:
  36919 root      20   0  635676 416228   3056 R  99.9  22.4   0:17.62 mem.bash
top:
  36919 root      20   0  639636 420188   3056 R  99.9  22.6   0:17.77 mem.bash
   1589 root      20   0  903284   7316   3396 S   0.0   0.4   1:05.77 cockpit-bridge
  37170 root      20   0  275048   4444   3872 R   0.0   0.2   0:00.00 top
    883 root      20   0  438912   3848   3496 S   0.0   0.2   0:01.82 sssd_nss
    647 root      20   0  100960   3508   3228 S   0.0   0.2   0:00.78 systemd-journal
---------------------------------------------
MiB Mem :   1817.3 total,   1235.8 free,    510.3 used,     71.2 buff/cache
MiB Swap:    820.0 total,    680.2 free,    139.8 used.   1193.4 avail Mem 
current:
  36919 root      20   0  654156 434972   3056 R  94.4  23.4   0:18.32 mem.bash
top:
  36919 root      20   0  658512 439196   3056 R  99.9  23.6   0:18.50 mem.bash
   1589 root      20   0  903284   7316   3396 S   0.0   0.4   1:05.77 cockpit-bridge
  37180 root      20   0  275048   4464   3892 R   0.0   0.2   0:00.00 top
    883 root      20   0  438912   3848   3496 S   0.0   0.2   0:01.82 sssd_nss
    647 root      20   0  100960   3508   3228 S   0.0   0.2   0:00.78 systemd-journal
---------------------------------------------
MiB Mem :   1817.3 total,   1217.8 free,    528.2 used,     71.2 buff/cache
MiB Swap:    820.0 total,    680.2 free,    139.8 used.   1175.3 avail Mem 
current:
  36919 root      20   0  671976 452660   3056 R  93.8  24.3   0:19.02 mem.bash
top:
  36919 root      20   0  676332 456884   3056 R  99.9  24.6   0:19.19 mem.bash
   1589 root      20   0  903284   7316   3396 S   0.0   0.4   1:05.77 cockpit-bridge
  37190 root      20   0  275048   4572   4000 R   0.0   0.2   0:00.00 top
    883 root      20   0  438912   3848   3496 S   0.0   0.2   0:01.82 sssd_nss
    647 root      20   0  100960   3508   3228 S   0.0   0.2   0:00.78 systemd-journal
---------------------------------------------
MiB Mem :   1817.3 total,   1200.3 free,    545.8 used,     71.2 buff/cache
MiB Swap:    820.0 total,    680.2 free,    139.8 used.   1158.0 avail Mem 
current:
  36919 root      20   0  690324 470876   3056 R  99.9  25.3   0:19.73 mem.bash
top:
  36919 root      20   0  694152 474836   3056 R  99.9  25.5   0:19.88 mem.bash
   1589 root      20   0  903284   7316   3396 S   0.0   0.4   1:05.77 cockpit-bridge
  37200 root      20   0  275048   4500   3928 R   0.0   0.2   0:00.00 top
    883 root      20   0  438912   3848   3496 S   0.0   0.2   0:01.83 sssd_nss
    647 root      20   0  100960   3508   3228 S   0.0   0.2   0:00.78 systemd-journal
---------------------------------------------
MiB Mem :   1817.3 total,   1182.9 free,    563.2 used,     71.2 buff/cache
MiB Swap:    820.0 total,    680.2 free,    139.8 used.   1140.2 avail Mem 
current:
  36919 root      20   0  707880 488564   3056 R  99.9  26.3   0:20.41 mem.bash
top:
  36919 root      20   0  712368 493052   3056 R  99.9  26.5   0:20.58 mem.bash
   1589 root      20   0  903284   7316   3396 S   0.0   0.4   1:05.77 cockpit-bridge
  37210 root      20   0  275048   4560   3984 R   0.0   0.2   0:00.00 top
    883 root      20   0  438912   3848   3496 S   0.0   0.2   0:01.83 sssd_nss
    647 root      20   0  100960   3508   3228 S   0.0   0.2   0:00.78 systemd-journal
---------------------------------------------
MiB Mem :   1817.3 total,   1165.0 free,    581.1 used,     71.2 buff/cache
MiB Swap:    820.0 total,    680.2 free,    139.8 used.   1122.9 avail Mem 
current:
  36919 root      20   0  725700 506252   3056 R  99.9  27.2   0:21.11 mem.bash
top:
  36919 root      20   0  729396 509948   3056 R  93.8  27.4   0:21.26 mem.bash
   1589 root      20   0  903284   7316   3396 S   0.0   0.4   1:05.77 cockpit-bridge
  37220 root      20   0  275048   4484   3912 R   0.0   0.2   0:00.00 top
    883 root      20   0  438912   3848   3496 S   0.0   0.2   0:01.83 sssd_nss
    647 root      20   0  100960   3508   3228 S   0.0   0.2   0:00.78 systemd-journal
---------------------------------------------
MiB Mem :   1817.3 total,   1148.3 free,    597.7 used,     71.2 buff/cache
MiB Swap:    820.0 total,    680.2 free,    139.8 used.   1106.7 avail Mem 
current:
  36919 root      20   0  742860 523412   3056 R  99.9  28.1   0:21.80 mem.bash
top:
  36919 root      20   0  747348 528164   3056 R  99.9  28.4   0:21.97 mem.bash
   1589 root      20   0  903284   7316   3396 S   0.0   0.4   1:05.77 cockpit-bridge
  37230 root      20   0  275048   4508   3936 R   0.0   0.2   0:00.00 top
    883 root      20   0  438912   3848   3496 S   0.0   0.2   0:01.83 sssd_nss
    647 root      20   0  100960   3508   3228 S   0.0   0.2   0:00.78 systemd-journal
---------------------------------------------
MiB Mem :   1817.3 total,   1131.0 free,    615.1 used,     71.2 buff/cache
MiB Swap:    820.0 total,    680.2 free,    139.8 used.   1089.0 avail Mem 
current:
  36919 root      20   0  760944 541628   3056 R  94.4  29.1   0:22.49 mem.bash
top:
  36919 root      20   0  765300 546116   3056 R  94.1  29.3   0:22.65 mem.bash
   1589 root      20   0  903284   7316   3396 S   0.0   0.4   1:05.77 cockpit-bridge
  37240 root      20   0  275048   4580   4008 R   0.0   0.2   0:00.00 top
    883 root      20   0  438912   3848   3496 S   0.0   0.2   0:01.83 sssd_nss
    647 root      20   0  100960   3508   3228 S   0.0   0.2   0:00.78 systemd-journal
---------------------------------------------
MiB Mem :   1817.3 total,   1113.1 free,    632.9 used,     71.2 buff/cache
MiB Swap:    820.0 total,    680.2 free,    139.8 used.   1071.2 avail Mem 
current:
  36919 root      20   0  778896 559580   3056 R  99.9  30.1   0:23.18 mem.bash
top:
  36919 root      20   0  783516 564068   3056 R  99.9  30.3   0:23.36 mem.bash
   1589 root      20   0  903284   7316   3396 S   0.0   0.4   1:05.77 cockpit-bridge
  37250 root      20   0  275048   4508   3932 R   0.0   0.2   0:00.00 top
    883 root      20   0  438912   3848   3496 S   0.0   0.2   0:01.83 sssd_nss
    647 root      20   0  100960   3508   3228 S   0.0   0.2   0:00.78 systemd-journal
---------------------------------------------
MiB Mem :   1817.3 total,   1095.7 free,    650.4 used,     71.2 buff/cache
MiB Swap:    820.0 total,    680.2 free,    139.8 used.   1052.7 avail Mem 
current:
  36919 root      20   0  798036 578588   3056 R  99.9  31.1   0:23.91 mem.bash
top:
  36919 root      20   0  801864 582548   3056 R  99.9  31.3   0:24.06 mem.bash
   1589 root      20   0  903284   7316   3396 S   0.0   0.4   1:05.77 cockpit-bridge
  37260 root      20   0  275048   4364   3792 R   0.0   0.2   0:00.00 top
    883 root      20   0  438912   3848   3496 S   0.0   0.2   0:01.83 sssd_nss
    647 root      20   0  100960   3508   3228 S   0.0   0.2   0:00.78 systemd-journal
---------------------------------------------
MiB Mem :   1817.3 total,   1077.1 free,    669.0 used,     71.2 buff/cache
MiB Swap:    820.0 total,    680.2 free,    139.8 used.   1034.6 avail Mem 
current:
  36919 root      20   0  816384 597068   3056 R  99.9  32.1   0:24.61 mem.bash
top:
  36919 root      20   0  821136 601820   3056 R  94.4  32.3   0:24.78 mem.bash
   1589 root      20   0  903284   7316   3396 S   0.0   0.4   1:05.77 cockpit-bridge
  37270 root      20   0  275048   4388   3816 R   0.0   0.2   0:00.00 top
    883 root      20   0  438912   3848   3496 S   0.0   0.2   0:01.83 sssd_nss
    647 root      20   0  100960   3508   3228 S   0.0   0.2   0:00.78 systemd-journal
---------------------------------------------
MiB Mem :   1817.3 total,   1058.5 free,    687.6 used,     71.2 buff/cache
MiB Swap:    820.0 total,    680.2 free,    139.8 used.   1016.1 avail Mem 
current:
  36919 root      20   0  835392 616076   3056 R  94.1  33.1   0:25.31 mem.bash
top:
  36919 root      20   0  838560 619244   3056 R  99.9  33.3   0:25.49 mem.bash
   1589 root      20   0  903284   7316   3396 S   0.0   0.4   1:05.77 cockpit-bridge
  37280 root      20   0  275048   4448   3876 R   0.0   0.2   0:00.00 top
    883 root      20   0  438912   3848   3496 S   0.0   0.2   0:01.83 sssd_nss
    647 root      20   0  100960   3508   3228 S   0.0   0.2   0:00.78 systemd-journal
---------------------------------------------
MiB Mem :   1817.3 total,   1041.3 free,    704.7 used,     71.3 buff/cache
MiB Swap:    820.0 total,    680.2 free,    139.8 used.    999.2 avail Mem 
current:
  36919 root      20   0  853212 634028   3056 R  99.9  34.1   0:26.04 mem.bash
top:
  36919 root      20   0  857304 637988   3056 R  99.9  34.3   0:26.19 mem.bash
   1589 root      20   0  903284   7316   3396 S   0.0   0.4   1:05.77 cockpit-bridge
  37290 root      20   0  275048   4516   3944 R   0.0   0.2   0:00.00 top
    883 root      20   0  438912   3848   3496 S   0.0   0.2   0:01.83 sssd_nss
    647 root      20   0  100960   3508   3228 S   0.0   0.2   0:00.78 systemd-journal
---------------------------------------------
MiB Mem :   1817.3 total,   1023.2 free,    722.9 used,     71.3 buff/cache
MiB Swap:    820.0 total,    680.2 free,    139.8 used.    980.9 avail Mem 
current:
  36919 root      20   0  871032 651716   3056 R  93.8  35.0   0:26.70 mem.bash
top:
  36919 root      20   0  875388 655940   3056 R  99.9  35.2   0:26.87 mem.bash
   1589 root      20   0  903284   7316   3396 S   0.0   0.4   1:05.77 cockpit-bridge
  37300 root      20   0  275048   4444   3872 R   0.0   0.2   0:00.00 top
    883 root      20   0  438912   3848   3496 S   0.0   0.2   0:01.83 sssd_nss
    647 root      20   0  100960   3508   3228 S   0.0   0.2   0:00.78 systemd-journal
---------------------------------------------
MiB Mem :   1817.3 total,   1005.1 free,    740.9 used,     71.3 buff/cache
MiB Swap:    820.0 total,    680.2 free,    139.8 used.    963.2 avail Mem 
current:
  36919 root      20   0  890304 670988   3056 R  94.7  36.1   0:27.43 mem.bash
top:
  36919 root      20   0  894528 675212   3056 R  94.1  36.3   0:27.59 mem.bash
   1589 root      20   0  903284   7316   3396 S   0.0   0.4   1:05.77 cockpit-bridge
  37310 root      20   0  275048   4428   3856 R   0.0   0.2   0:00.00 top
    883 root      20   0  438912   3848   3496 S   0.0   0.2   0:01.83 sssd_nss
    647 root      20   0  100960   3508   3228 S   0.0   0.2   0:00.78 systemd-journal
---------------------------------------------
MiB Mem :   1817.3 total,    986.6 free,    759.5 used,     71.3 buff/cache
MiB Swap:    820.0 total,    680.2 free,    139.8 used.    943.8 avail Mem 
current:
  36919 root      20   0  909576 690260   3056 R  99.9  37.1   0:28.15 mem.bash
top:
  36919 root      20   0  913668 694220   3056 R  99.9  37.3   0:28.31 mem.bash
   1589 root      20   0  903284   7316   3396 S   0.0   0.4   1:05.77 cockpit-bridge
  37320 root      20   0  275048   4504   3932 R   0.0   0.2   0:00.00 top
    883 root      20   0  438912   3848   3496 S   0.0   0.2   0:01.83 sssd_nss
    647 root      20   0  100960   3508   3228 S   0.0   0.2   0:00.78 systemd-journal
---------------------------------------------
MiB Mem :   1817.3 total,    967.7 free,    778.3 used,     71.3 buff/cache
MiB Swap:    820.0 total,    680.2 free,    139.8 used.    925.4 avail Mem 
current:
  36919 root      20   0  927792 708476   3056 R  93.8  38.1   0:28.82 mem.bash
top:
  36919 root      20   0  932280 712964   3056 R  99.9  38.3   0:28.99 mem.bash
   1589 root      20   0  903284   7316   3396 S   0.0   0.4   1:05.77 cockpit-bridge
  37330 root      20   0  275048   4428   3856 R   0.0   0.2   0:00.00 top
    883 root      20   0  438912   3848   3496 S   0.0   0.2   0:01.83 sssd_nss
    647 root      20   0  100960   3508   3228 S   0.0   0.2   0:00.78 systemd-journal
---------------------------------------------
MiB Mem :   1817.3 total,    949.5 free,    796.6 used,     71.3 buff/cache
MiB Swap:    820.0 total,    680.2 free,    139.8 used.    906.9 avail Mem 
current:
  36919 root      20   0  947196 727748   3056 R  99.9  39.1   0:29.54 mem.bash
top:
  36919 root      20   0  951948 732500   3056 R  94.7  39.4   0:29.72 mem.bash
   1589 root      20   0  903284   7316   3396 S   0.0   0.4   1:05.77 cockpit-bridge
  37340 root      20   0  275048   4432   3856 R   0.0   0.2   0:00.00 top
    883 root      20   0  438912   3848   3496 S   0.0   0.2   0:01.83 sssd_nss
    647 root      20   0  100960   3508   3228 S   0.0   0.2   0:00.78 systemd-journal
---------------------------------------------
MiB Mem :   1817.3 total,    931.0 free,    815.1 used,     71.3 buff/cache
MiB Swap:    820.0 total,    680.2 free,    139.8 used.    888.5 avail Mem 
current:
  36919 root      20   0  965676 746228   3056 R  94.1  40.1   0:30.23 mem.bash
top:
  36919 root      20   0  970032 750716   3056 R  99.9  40.3   0:30.40 mem.bash
   1589 root      20   0  903284   7316   3396 S   0.0   0.4   1:05.77 cockpit-bridge
  37350 root      20   0  275048   4508   3936 R   0.0   0.2   0:00.00 top
    883 root      20   0  438912   3848   3496 S   0.0   0.2   0:01.83 sssd_nss
    647 root      20   0  100960   3508   3228 S   0.0   0.2   0:00.78 systemd-journal
---------------------------------------------
MiB Mem :   1817.3 total,    913.0 free,    833.1 used,     71.3 buff/cache
MiB Swap:    820.0 total,    680.2 free,    139.8 used.    870.6 avail Mem 
current:
  36919 root      20   0  983760 764444   3056 R  93.8  41.1   0:30.91 mem.bash
top:
  36919 root      20   0  988644 769196   3056 R  94.7  41.3   0:31.09 mem.bash
   1589 root      20   0  903284   7316   3396 S   0.0   0.4   1:05.77 cockpit-bridge
  37360 root      20   0  275048   4508   3932 R   0.0   0.2   0:00.00 top
    883 root      20   0  438912   3848   3496 S   0.0   0.2   0:01.83 sssd_nss
    647 root      20   0  100960   3508   3228 S   0.0   0.2   0:00.78 systemd-journal
---------------------------------------------
MiB Mem :   1817.3 total,    894.4 free,    851.7 used,     71.3 buff/cache
MiB Swap:    820.0 total,    680.2 free,    139.8 used.    851.9 avail Mem 
current:
  36919 root      20   0 1003164 783716   3056 R  99.9  42.1   0:31.63 mem.bash
top:
  36919 root      20   0 1007520 788204   3056 R  99.9  42.4   0:31.80 mem.bash
   1589 root      20   0  903284   7316   3396 S   0.0   0.4   1:05.77 cockpit-bridge
  37370 root      20   0  275048   4468   3896 R   0.0   0.2   0:00.00 top
    883 root      20   0  438912   3848   3496 S   0.0   0.2   0:01.83 sssd_nss
    647 root      20   0  100960   3508   3228 S   0.0   0.2   0:00.78 systemd-journal
---------------------------------------------
MiB Mem :   1817.3 total,    876.2 free,    869.9 used,     71.3 buff/cache
MiB Swap:    820.0 total,    680.2 free,    139.8 used.    834.0 avail Mem 
current:
  36919 root      20   0 1021116 801668   3056 R  99.9  43.1   0:32.29 mem.bash
top:
  36919 root      20   0 1025868 806420   3056 R  94.7  43.3   0:32.47 mem.bash
   1589 root      20   0  903284   7316   3396 S   0.0   0.4   1:05.77 cockpit-bridge
  37380 root      20   0  275048   4568   3992 R   0.0   0.2   0:00.00 top
    883 root      20   0  438912   3848   3496 S   0.0   0.2   0:01.83 sssd_nss
    647 root      20   0  100960   3508   3228 S   0.0   0.2   0:00.78 systemd-journal
---------------------------------------------
MiB Mem :   1817.3 total,    857.8 free,    888.3 used,     71.3 buff/cache
MiB Swap:    820.0 total,    680.2 free,    139.8 used.    815.1 avail Mem 
current:
  36919 root      20   0 1040784 821468   3056 R  99.9  44.1   0:33.02 mem.bash
top:
  36919 root      20   0 1045668 826220   3056 R  94.4  44.4   0:33.20 mem.bash
   1589 root      20   0  903284   7316   3396 S   0.0   0.4   1:05.77 cockpit-bridge
  37390 root      20   0  275048   4500   3928 R   0.0   0.2   0:00.00 top
    883 root      20   0  438912   3848   3496 S   0.0   0.2   0:01.83 sssd_nss
    647 root      20   0  100960   3508   3228 S   0.0   0.2   0:00.78 systemd-journal
---------------------------------------------
MiB Mem :   1817.3 total,    839.1 free,    906.9 used,     71.3 buff/cache
MiB Swap:    820.0 total,    680.2 free,    139.8 used.    796.8 avail Mem 
current:
  36919 root      20   0 1059000 839684   3056 R  99.9  45.1   0:33.70 mem.bash
top:
  36919 root      20   0 1063620 844172   3056 R  99.9  45.4   0:33.87 mem.bash
   1589 root      20   0  903284   7316   3396 S   0.0   0.4   1:05.77 cockpit-bridge
  37400 root      20   0  275048   4428   3852 R   0.0   0.2   0:00.00 top
    883 root      20   0  438912   3848   3496 S   0.0   0.2   0:01.84 sssd_nss
    647 root      20   0  100960   3508   3228 S   0.0   0.2   0:00.78 systemd-journal
---------------------------------------------
MiB Mem :   1817.3 total,    821.1 free,    924.9 used,     71.3 buff/cache
MiB Swap:    820.0 total,    680.2 free,    139.8 used.    778.4 avail Mem 
current:
  36919 root      20   0 1077744 858428   3056 R  94.1  46.1   0:34.41 mem.bash
top:
  36919 root      20   0 1082628 863444   3056 R  94.1  46.4   0:34.60 mem.bash
   1589 root      20   0  903284   7316   3396 S   0.0   0.4   1:05.78 cockpit-bridge
  37410 root      20   0  275048   4560   3988 R   0.0   0.2   0:00.00 top
    883 root      20   0  438912   3848   3496 S   0.0   0.2   0:01.84 sssd_nss
    647 root      20   0  100960   3508   3228 S   0.0   0.2   0:00.78 systemd-journal
---------------------------------------------
MiB Mem :   1817.3 total,    802.0 free,    944.0 used,     71.3 buff/cache
MiB Swap:    820.0 total,    680.2 free,    139.8 used.    760.1 avail Mem 
current:
  36919 root      20   0 1097412 877964   3056 R  99.9  47.2   0:35.14 mem.bash
top:
  36919 root      20   0 1101900 882452   3056 R  99.9  47.4   0:35.31 mem.bash
   1589 root      20   0  903284   7316   3396 S   0.0   0.4   1:05.78 cockpit-bridge
  37420 root      20   0  275048   4416   3840 R   0.0   0.2   0:00.00 top
    883 root      20   0  438912   3848   3496 S   0.0   0.2   0:01.84 sssd_nss
    647 root      20   0  100960   3508   3228 S   0.0   0.2   0:00.78 systemd-journal
---------------------------------------------
MiB Mem :   1817.3 total,    784.1 free,    961.9 used,     71.3 buff/cache
MiB Swap:    820.0 total,    680.2 free,    139.8 used.    741.6 avail Mem 
current:
  36919 root      20   0 1116156 896708   3056 R  99.9  48.2   0:35.84 mem.bash
top:
  36919 root      20   0 1121040 901724   3056 R  94.1  48.5   0:36.01 mem.bash
   1589 root      20   0  903284   7316   3396 S   0.0   0.4   1:05.78 cockpit-bridge
  37430 root      20   0  275048   4336   3760 R   0.0   0.2   0:00.00 top
    883 root      20   0  438912   3848   3496 S   0.0   0.2   0:01.84 sssd_nss
    647 root      20   0  100960   3508   3228 S   0.0   0.2   0:00.78 systemd-journal
---------------------------------------------
MiB Mem :   1817.3 total,    765.0 free,    981.0 used,     71.3 buff/cache
MiB Swap:    820.0 total,    680.2 free,    139.8 used.    722.4 avail Mem 
current:
  36919 root      20   0 1135560 916244   3056 R  99.9  49.2   0:36.55 mem.bash
top:
  36919 root      20   0 1140444 920996   3056 R  94.4  49.5   0:36.73 mem.bash
   1589 root      20   0  903284   7316   3396 S   0.0   0.4   1:05.78 cockpit-bridge
  37440 root      20   0  275048   4508   3936 R   0.0   0.2   0:00.00 top
    883 root      20   0  438912   3848   3496 S   0.0   0.2   0:01.84 sssd_nss
    647 root      20   0  100960   3508   3228 S   0.0   0.2   0:00.78 systemd-journal
---------------------------------------------
MiB Mem :   1817.3 total,    746.4 free,    999.7 used,     71.3 buff/cache
MiB Swap:    820.0 total,    680.2 free,    139.8 used.    704.1 avail Mem 
current:
  36919 root      20   0 1154436 935252   3056 R  99.9  50.3   0:37.27 mem.bash
top:
  36919 root      20   0 1158660 939212   3056 R  93.8  50.5   0:37.42 mem.bash
   1589 root      20   0  903284   7316   3396 S   0.0   0.4   1:05.78 cockpit-bridge
  37450 root      20   0  275048   4408   3836 R   0.0   0.2   0:00.00 top
    883 root      20   0  438912   3848   3496 S   0.0   0.2   0:01.84 sssd_nss
    647 root      20   0  100960   3508   3228 S   0.0   0.2   0:00.78 systemd-journal
---------------------------------------------
MiB Mem :   1817.3 total,    728.2 free,   1017.8 used,     71.3 buff/cache
MiB Swap:    820.0 total,    680.2 free,    139.8 used.    685.6 avail Mem 
current:
  36919 root      20   0 1172784 953468   3056 R  93.8  51.2   0:37.94 mem.bash
top:
  36919 root      20   0 1176744 957428   3056 R  99.9  51.4   0:38.10 mem.bash
   1589 root      20   0  903284   7316   3396 S   0.0   0.4   1:05.78 cockpit-bridge
  37460 root      20   0  275048   4336   3760 R   0.0   0.2   0:00.00 top
    883 root      20   0  438912   3848   3496 S   0.0   0.2   0:01.84 sssd_nss
    647 root      20   0  100960   3508   3228 S   0.0   0.2   0:00.78 systemd-journal
---------------------------------------------
MiB Mem :   1817.3 total,    711.2 free,   1034.9 used,     71.3 buff/cache
MiB Swap:    820.0 total,    680.2 free,    139.8 used.    668.8 avail Mem 
current:
  36919 root      20   0 1189944 970628   3056 R  99.9  52.2   0:38.64 mem.bash
top:
  36919 root      20   0 1194300 974852   3056 R  88.9  52.4   0:38.82 mem.bash
   1589 root      20   0  903284   7316   3396 S   0.0   0.4   1:05.78 cockpit-bridge
  37470 root      20   0  275048   4460   3884 R   5.6   0.2   0:00.01 top
    883 root      20   0  438912   3848   3496 S   0.0   0.2   0:01.84 sssd_nss
    647 root      20   0  100960   3508   3228 S   0.0   0.2   0:00.78 systemd-journal
---------------------------------------------
MiB Mem :   1817.3 total,    693.8 free,   1052.2 used,     71.3 buff/cache
MiB Swap:    820.0 total,    680.2 free,    139.8 used.    651.2 avail Mem 
current:
  36919 root      20   0 1208160 988844   3056 R  99.9  53.1   0:39.36 mem.bash
top:
  36919 root      20   0 1212516 993068   3056 R  99.9  53.4   0:39.53 mem.bash
   1589 root      20   0  903284   7316   3396 S   0.0   0.4   1:05.78 cockpit-bridge
  37480 root      20   0  275048   4544   3972 R   0.0   0.2   0:00.00 top
    883 root      20   0  438912   3848   3496 S   0.0   0.2   0:01.84 sssd_nss
    647 root      20   0  100960   3508   3228 S   0.0   0.2   0:00.78 systemd-journal
---------------------------------------------
MiB Mem :   1817.3 total,    675.3 free,   1070.8 used,     71.3 buff/cache
MiB Swap:    820.0 total,    680.2 free,    139.8 used.    634.1 avail Mem 
current:
  36919 root      20   0 1224264 981.4m   3056 R  99.9  54.0   0:40.06 mem.bash
top:
  36919 root      20   0 1227828 984.7m   3056 R  93.8  54.2   0:40.22 mem.bash
   1589 root      20   0  903284   7316   3396 S   0.0   0.4   1:05.78 cockpit-bridge
  37490 root      20   0  275048   4516   3940 R   0.0   0.2   0:00.00 top
    883 root      20   0  438912   3848   3496 S   0.0   0.2   0:01.84 sssd_nss
    647 root      20   0  100960   3508   3228 S   0.0   0.2   0:00.78 systemd-journal
---------------------------------------------
MiB Mem :   1817.3 total,    661.4 free,   1084.6 used,     71.3 buff/cache
MiB Swap:    820.0 total,    680.2 free,    139.8 used.    620.0 avail Mem 
current:
  36919 root      20   0 1239840 996.6m   3056 R  99.9  54.8   0:40.75 mem.bash
top:
  36919 root      20   0 1243668   1.0g   3056 R  99.9  55.1   0:40.93 mem.bash
   1589 root      20   0  903284   7316   3396 S   0.0   0.4   1:05.78 cockpit-bridge
  37500 root      20   0  275048   4504   3932 R   0.0   0.2   0:00.00 top
    883 root      20   0  438912   3848   3496 S   0.0   0.2   0:01.84 sssd_nss
    647 root      20   0  100960   3508   3228 S   0.0   0.2   0:00.78 systemd-journal
---------------------------------------------
MiB Mem :   1817.3 total,    644.9 free,   1101.2 used,     71.3 buff/cache
MiB Swap:    820.0 total,    680.2 free,    139.8 used.    602.3 avail Mem 
current:
  36919 root      20   0 1258056   1.0g   3056 R  99.9  55.8   0:41.48 mem.bash
top:
  36919 root      20   0 1262940   1.0g   3056 R  99.9  56.1   0:41.67 mem.bash
   1589 root      20   0  903284   7316   3396 S   0.0   0.4   1:05.78 cockpit-bridge
  37510 root      20   0  275048   4564   3992 R   0.0   0.2   0:00.00 top
    883 root      20   0  438912   3848   3496 S   0.0   0.2   0:01.84 sssd_nss
    647 root      20   0  100960   3508   3228 S   0.0   0.2   0:00.78 systemd-journal
---------------------------------------------
MiB Mem :   1817.3 total,    626.3 free,   1119.7 used,     71.3 buff/cache
MiB Swap:    820.0 total,    680.2 free,    139.8 used.    584.1 avail Mem 
current:
  36919 root      20   0 1276536   1.0g   3056 R  99.9  56.8   0:42.20 mem.bash
top:
  36919 root      20   0 1280364   1.0g   3056 R  99.9  57.0   0:42.37 mem.bash
   1589 root      20   0  903284   7316   3396 S   0.0   0.4   1:05.78 cockpit-bridge
  37520 root      20   0  275048   4560   3984 R   0.0   0.2   0:00.00 top
    883 root      20   0  438912   3848   3496 S   0.0   0.2   0:01.84 sssd_nss
    647 root      20   0  100960   3508   3228 S   0.0   0.2   0:00.78 systemd-journal
---------------------------------------------
MiB Mem :   1817.3 total,    609.4 free,   1136.7 used,     71.3 buff/cache
MiB Swap:    820.0 total,    680.2 free,    139.8 used.    567.7 avail Mem 
current:
  36919 root      20   0 1293432   1.0g   3056 R  99.9  57.7   0:42.92 mem.bash
top:
  36919 root      20   0 1297524   1.0g   3056 R  99.9  57.9   0:43.09 mem.bash
   1589 root      20   0  903284   7316   3396 S   0.0   0.4   1:05.78 cockpit-bridge
  37530 root      20   0  275048   4480   3908 R   0.0   0.2   0:00.00 top
    883 root      20   0  438912   3848   3496 S   0.0   0.2   0:01.84 sssd_nss
    647 root      20   0  100960   3508   3228 S   0.0   0.2   0:00.78 systemd-journal
---------------------------------------------
MiB Mem :   1817.3 total,    592.5 free,   1153.5 used,     71.3 buff/cache
MiB Swap:    820.0 total,    680.2 free,    139.8 used.    550.5 avail Mem 
current:
  36919 root      20   0 1311252   1.0g   3056 R  99.9  58.7   0:43.63 mem.bash
top:
  36919 root      20   0 1315212   1.0g   3056 R  94.1  58.9   0:43.79 mem.bash
   1589 root      20   0  903284   7316   3396 S   0.0   0.4   1:05.78 cockpit-bridge
  37540 root      20   0  275048   4416   3840 R   0.0   0.2   0:00.00 top
    883 root      20   0  438912   3848   3496 S   0.0   0.2   0:01.84 sssd_nss
    647 root      20   0  100960   3508   3228 S   0.0   0.2   0:00.78 systemd-journal
---------------------------------------------
MiB Mem :   1817.3 total,    574.5 free,   1171.5 used,     71.3 buff/cache
MiB Swap:    820.0 total,    680.2 free,    139.8 used.    532.4 avail Mem 
current:
  36919 root      20   0 1329864   1.1g   3056 R  94.4  59.7   0:44.33 mem.bash
top:
  36919 root      20   0 1334484   1.1g   3056 R  99.9  59.9   0:44.50 mem.bash
   1589 root      20   0  903284   7316   3396 S   0.0   0.4   1:05.78 cockpit-bridge
  37550 root      20   0  275048   4508   3936 R   0.0   0.2   0:00.00 top
    883 root      20   0  438912   3848   3496 S   0.0   0.2   0:01.84 sssd_nss
    647 root      20   0  100960   3508   3228 S   0.0   0.2   0:00.78 systemd-journal
---------------------------------------------
MiB Mem :   1817.3 total,    556.0 free,   1190.0 used,     71.3 buff/cache
MiB Swap:    820.0 total,    680.2 free,    139.8 used.    514.1 avail Mem 
current:
  36919 root      20   0 1347552   1.1g   3056 R  99.9  60.6   0:45.03 mem.bash
top:
  36919 root      20   0 1351644   1.1g   3056 R  99.9  60.9   0:45.20 mem.bash
   1589 root      20   0  903284   7316   3396 S   0.0   0.4   1:05.78 cockpit-bridge
  37560 root      20   0  275048   4512   3940 R   0.0   0.2   0:00.00 top
    883 root      20   0  438912   3848   3496 S   0.0   0.2   0:01.84 sssd_nss
    647 root      20   0  100960   3508   3228 S   0.0   0.2   0:00.78 systemd-journal
---------------------------------------------
MiB Mem :   1817.3 total,    540.0 free,   1206.0 used,     71.3 buff/cache
MiB Swap:    820.0 total,    680.2 free,    139.8 used.    498.3 avail Mem 
current:
  36919 root      20   0 1363656   1.1g   3056 R  94.4  61.5   0:45.75 mem.bash
top:
  36919 root      20   0 1367880   1.1g   3056 R  99.9  61.7   0:45.93 mem.bash
   1589 root      20   0  903284   7316   3396 S   0.0   0.4   1:05.78 cockpit-bridge
  37570 root      20   0  275048   4560   3984 R   0.0   0.2   0:00.00 top
    883 root      20   0  438912   3848   3496 S   0.0   0.2   0:01.84 sssd_nss
    647 root      20   0  100960   3508   3228 S   0.0   0.2   0:00.78 systemd-journal
---------------------------------------------
MiB Mem :   1817.3 total,    524.9 free,   1221.1 used,     71.3 buff/cache
MiB Swap:    820.0 total,    680.2 free,    139.8 used.    483.5 avail Mem 
current:
  36919 root      20   0 1379100   1.1g   3056 R  94.7  62.3   0:46.51 mem.bash
top:
  36919 root      20   0 1383192   1.1g   3056 R  78.9  62.5   0:46.69 mem.bash
   1589 root      20   0  903284   7316   3396 S   0.0   0.4   1:05.78 cockpit-bridge
  37580 root      20   0  275048   4464   3892 R   0.0   0.2   0:00.00 top
    883 root      20   0  438912   3848   3496 S   0.0   0.2   0:01.84 sssd_nss
    647 root      20   0  100960   3508   3228 S   0.0   0.2   0:00.78 systemd-journal
---------------------------------------------
MiB Mem :   1817.3 total,    509.6 free,   1236.4 used,     71.3 buff/cache
MiB Swap:    820.0 total,    680.2 free,    139.8 used.    468.5 avail Mem 
current:
  36919 root      20   0 1393488   1.1g   3056 R  99.9  63.1   0:47.23 mem.bash
top:
  36919 root      20   0 1395600   1.1g   3056 R  89.5  63.2   0:47.42 mem.bash
   1589 root      20   0  903284   7316   3396 S   0.0   0.4   1:05.78 cockpit-bridge
  37590 root      20   0  275048   4448   3876 R   5.3   0.2   0:00.01 top
    883 root      20   0  438912   3848   3496 S   0.0   0.2   0:01.85 sssd_nss
    647 root      20   0  100960   3508   3228 S   0.0   0.2   0:00.78 systemd-journal
---------------------------------------------
MiB Mem :   1817.3 total,    499.3 free,   1246.7 used,     71.3 buff/cache
MiB Swap:    820.0 total,    680.2 free,    139.8 used.    458.8 avail Mem 
current:
  36919 root      20   0 1404576   1.1g   3056 R  94.1  63.7   0:47.96 mem.bash
top:
  36919 root      20   0 1409460   1.1g   3056 R  94.4  63.9   0:48.15 mem.bash
   1589 root      20   0  903284   7316   3396 S   0.0   0.4   1:05.78 cockpit-bridge
  37600 root      20   0  275048   4432   3860 R   0.0   0.2   0:00.00 top
    883 root      20   0  438912   3848   3496 S   0.0   0.2   0:01.85 sssd_nss
    647 root      20   0  100960   3508   3228 S   0.0   0.2   0:00.78 systemd-journal
---------------------------------------------
MiB Mem :   1817.3 total,    484.1 free,   1261.9 used,     71.3 buff/cache
MiB Swap:    820.0 total,    680.2 free,    139.8 used.    441.7 avail Mem 
current:
  36919 root      20   0 1421868   1.1g   3056 R  99.9  64.6   0:48.66 mem.bash
top:
  36919 root      20   0 1425300   1.2g   3056 R  93.8  64.8   0:48.81 mem.bash
   1589 root      20   0  903284   7316   3396 S   0.0   0.4   1:05.78 cockpit-bridge
  37612 root      20   0  275048   4512   3940 R   0.0   0.2   0:00.00 top
    883 root      20   0  438912   3848   3496 S   0.0   0.2   0:01.85 sssd_nss
    647 root      20   0  100960   3508   3228 S   0.0   0.2   0:00.78 systemd-journal
---------------------------------------------
MiB Mem :   1817.3 total,    467.8 free,   1278.2 used,     71.3 buff/cache
MiB Swap:    820.0 total,    680.2 free,    139.8 used.    425.7 avail Mem 
current:
  36919 root      20   0 1438896   1.2g   3056 R  94.4  65.5   0:49.34 mem.bash
top:
  36919 root      20   0 1442856   1.2g   3056 R  99.9  65.7   0:49.52 mem.bash
   1589 root      20   0  903284   7316   3396 S   0.0   0.4   1:05.78 cockpit-bridge
  37622 root      20   0  275048   4556   3984 R   0.0   0.2   0:00.00 top
    883 root      20   0  438912   3848   3496 S   0.0   0.2   0:01.85 sssd_nss
    647 root      20   0  100960   3508   3228 S   0.0   0.2   0:00.78 systemd-journal
---------------------------------------------
MiB Mem :   1817.3 total,    450.4 free,   1295.6 used,     71.3 buff/cache
MiB Swap:    820.0 total,    680.2 free,    139.8 used.    408.8 avail Mem 
current:
  36919 root      20   0 1455528   1.2g   3056 R  93.8  66.4   0:50.07 mem.bash
top:
  36919 root      20   0 1459092   1.2g   3056 R  84.2  66.6   0:50.25 mem.bash
   1589 root      20   0  903284   7316   3396 S   0.0   0.4   1:05.78 cockpit-bridge
  37632 root      20   0  275048   4436   3860 R   0.0   0.2   0:00.01 top
    883 root      20   0  438912   3848   3496 S   0.0   0.2   0:01.85 sssd_nss
    647 root      20   0  100960   3508   3228 S   0.0   0.2   0:00.78 systemd-journal
---------------------------------------------
MiB Mem :   1817.3 total,    434.0 free,   1312.0 used,     71.3 buff/cache
MiB Swap:    820.0 total,    680.2 free,    139.8 used.    392.0 avail Mem 
current:
  36919 root      20   0 1472952   1.2g   3056 R  99.9  67.4   0:50.81 mem.bash
top:
  36919 root      20   0 1477044   1.2g   3056 R  93.8  67.6   0:50.96 mem.bash
   1589 root      20   0  903284   7316   3396 S   0.0   0.4   1:05.78 cockpit-bridge
  37642 root      20   0  275048   4504   3932 R   0.0   0.2   0:00.00 top
    883 root      20   0  438912   3848   3496 S   0.0   0.2   0:01.85 sssd_nss
    647 root      20   0  100960   3508   3228 S   0.0   0.2   0:00.78 systemd-journal
---------------------------------------------
MiB Mem :   1817.3 total,    417.5 free,   1328.6 used,     71.3 buff/cache
MiB Swap:    820.0 total,    680.2 free,    139.8 used.    374.8 avail Mem 
current:
  36919 root      20   0 1490772   1.2g   3056 R  99.9  68.3   0:51.51 mem.bash
top:
  36919 root      20   0 1495128   1.2g   3056 R  94.4  68.6   0:51.68 mem.bash
   1589 root      20   0  903284   7316   3396 S   0.0   0.4   1:05.78 cockpit-bridge
  37652 root      20   0  275048   4584   4008 R   0.0   0.2   0:00.00 top
    883 root      20   0  438912   3848   3496 S   0.0   0.2   0:01.86 sssd_nss
    647 root      20   0  100960   3508   3228 S   0.0   0.2   0:00.78 systemd-journal
---------------------------------------------
MiB Mem :   1817.3 total,    399.3 free,   1346.8 used,     71.3 buff/cache
MiB Swap:    820.0 total,    680.2 free,    139.8 used.    357.2 avail Mem 
current:
  36919 root      20   0 1508856   1.2g   3056 R  93.8  69.3   0:52.24 mem.bash
top:
  36919 root      20   0 1513212   1.2g   3056 R  94.4  69.5   0:52.41 mem.bash
   1589 root      20   0  903284   7316   3396 S   0.0   0.4   1:05.78 cockpit-bridge
  37662 root      20   0  275048   4548   3972 R   0.0   0.2   0:00.00 top
    883 root      20   0  438912   3848   3496 S   0.0   0.2   0:01.86 sssd_nss
    647 root      20   0  100960   3508   3228 S   0.0   0.2   0:00.78 systemd-journal
---------------------------------------------
MiB Mem :   1817.3 total,    381.7 free,   1364.4 used,     71.3 buff/cache
MiB Swap:    820.0 total,    680.2 free,    139.8 used.    339.2 avail Mem 
current:
  36919 root      20   0 1526544   1.2g   3056 R  99.9  70.2   0:52.96 mem.bash
top:
  36919 root      20   0 1530636   1.3g   3056 R  99.9  70.5   0:53.12 mem.bash
   1589 root      20   0  903284   7316   3396 S   0.0   0.4   1:05.78 cockpit-bridge
  37672 root      20   0  275048   4440   3868 R   0.0   0.2   0:00.00 top
    883 root      20   0  438912   3848   3496 S   0.0   0.2   0:01.86 sssd_nss
    647 root      20   0  100960   3508   3228 S   0.0   0.2   0:00.78 systemd-journal
---------------------------------------------
MiB Mem :   1817.3 total,    364.2 free,   1381.8 used,     71.3 buff/cache
MiB Swap:    820.0 total,    680.2 free,    139.8 used.    322.2 avail Mem 
current:
  36919 root      20   0 1543968   1.3g   3056 R  99.9  71.2   0:53.63 mem.bash
top:
  36919 root      20   0 1548456   1.3g   3056 R  99.9  71.4   0:53.81 mem.bash
   1589 root      20   0  903284   7316   3396 S   0.0   0.4   1:05.78 cockpit-bridge
  37682 root      20   0  275048   4436   3864 R   0.0   0.2   0:00.00 top
    883 root      20   0  438912   3848   3496 S   0.0   0.2   0:01.86 sssd_nss
    647 root      20   0  100960   3508   3228 S   0.0   0.2   0:00.78 systemd-journal
---------------------------------------------
MiB Mem :   1817.3 total,    347.5 free,   1398.5 used,     71.3 buff/cache
MiB Swap:    820.0 total,    680.2 free,    139.8 used.    305.6 avail Mem 
current:
  36919 root      20   0 1561128   1.3g   3056 R  99.9  72.1   0:54.32 mem.bash
top:
  36919 root      20   0 1565616   1.3g   3056 R  99.9  72.3   0:54.50 mem.bash
   1589 root      20   0  903284   7316   3396 S   0.0   0.4   1:05.78 cockpit-bridge
  37692 root      20   0  275048   4576   4004 R   0.0   0.2   0:00.00 top
    883 root      20   0  438912   3848   3496 S   0.0   0.2   0:01.86 sssd_nss
    647 root      20   0  100960   3508   3228 S   0.0   0.2   0:00.78 systemd-journal
---------------------------------------------
MiB Mem :   1817.3 total,    330.1 free,   1415.9 used,     71.3 buff/cache
MiB Swap:    820.0 total,    680.2 free,    139.8 used.    288.0 avail Mem 
current:
  36919 root      20   0 1578948   1.3g   3056 R  99.9  73.1   0:55.05 mem.bash
top:
  36919 root      20   0 1582908   1.3g   3056 R  99.9  73.3   0:55.21 mem.bash
   1589 root      20   0  903284   7316   3396 S   0.0   0.4   1:05.78 cockpit-bridge
  37702 root      20   0  275048   4432   3856 R   0.0   0.2   0:00.00 top
    883 root      20   0  438912   3848   3496 S   0.0   0.2   0:01.86 sssd_nss
    647 root      20   0  100960   3508   3228 S   0.0   0.2   0:00.78 systemd-journal
---------------------------------------------
MiB Mem :   1817.3 total,    314.9 free,   1431.1 used,     71.3 buff/cache
MiB Swap:    820.0 total,    680.2 free,    139.8 used.    273.6 avail Mem 
current:
  36919 root      20   0 1593864   1.3g   3056 R  94.4  73.9   0:55.74 mem.bash
top:
  36919 root      20   0 1597692   1.3g   3056 R  93.8  74.1   0:55.89 mem.bash
   1589 root      20   0  903284   7316   3396 S   0.0   0.4   1:05.78 cockpit-bridge
  37712 root      20   0  275048   4496   3924 R   0.0   0.2   0:00.00 top
    883 root      20   0  438912   3848   3496 S   0.0   0.2   0:01.86 sssd_nss
    647 root      20   0  100960   3508   3228 S   0.0   0.2   0:00.78 systemd-journal
---------------------------------------------
MiB Mem :   1817.3 total,    300.8 free,   1445.3 used,     71.3 buff/cache
MiB Swap:    820.0 total,    680.2 free,    139.8 used.    259.9 avail Mem 
current:
  36919 root      20   0 1607988   1.3g   3056 R  99.9  74.6   0:56.43 mem.bash
top:
  36919 root      20   0 1611948   1.3g   3056 R  99.9  74.8   0:56.61 mem.bash
   1589 root      20   0  903284   7316   3396 S   0.0   0.4   1:05.78 cockpit-bridge
  37722 root      20   0  275048   4496   3924 R   0.0   0.2   0:00.00 top
    883 root      20   0  438912   3848   3496 S   0.0   0.2   0:01.86 sssd_nss
    647 root      20   0  100960   3508   3228 S   0.0   0.2   0:00.78 systemd-journal
---------------------------------------------
MiB Mem :   1817.3 total,    285.9 free,   1460.2 used,     71.3 buff/cache
MiB Swap:    820.0 total,    680.2 free,    139.8 used.    243.7 avail Mem 
current:
  36919 root      20   0 1623828   1.3g   3056 R  99.9  75.5   0:57.16 mem.bash
top:
  36919 root      20   0 1627392   1.3g   3056 R  93.8  75.7   0:57.31 mem.bash
   1589 root      20   0  903284   7316   3396 S   0.0   0.4   1:05.78 cockpit-bridge
  37732 root      20   0  275048   4336   3760 R   0.0   0.2   0:00.00 top
    883 root      20   0  438912   3848   3496 S   0.0   0.2   0:01.86 sssd_nss
    647 root      20   0  100960   3508   3228 S   0.0   0.2   0:00.78 systemd-journal
---------------------------------------------
MiB Mem :   1817.3 total,    269.7 free,   1476.3 used,     71.3 buff/cache
MiB Swap:    820.0 total,    680.2 free,    139.8 used.    228.2 avail Mem 
current:
  36919 root      20   0 1640196   1.4g   3056 R  99.9  76.3   0:57.87 mem.bash
top:
  36919 root      20   0 1643892   1.4g   3056 R  94.1  76.6   0:58.03 mem.bash
   1589 root      20   0  903284   7316   3396 S   0.0   0.4   1:05.78 cockpit-bridge
  37742 root      20   0  275048   4500   3928 R   0.0   0.2   0:00.00 top
    883 root      20   0  438912   3848   3496 S   0.0   0.2   0:01.86 sssd_nss
    647 root      20   0  100960   3508   3228 S   0.0   0.2   0:00.78 systemd-journal
---------------------------------------------
MiB Mem :   1817.3 total,    254.5 free,   1491.6 used,     71.3 buff/cache
MiB Swap:    820.0 total,    680.2 free,    139.8 used.    213.1 avail Mem 
current:
  36919 root      20   0 1654980   1.4g   3056 R  99.9  77.2   0:58.56 mem.bash
top:
  36919 root      20   0 1659468   1.4g   3056 R  94.4  77.4   0:58.73 mem.bash
   1589 root      20   0  903284   7316   3396 S   0.0   0.4   1:05.78 cockpit-bridge
  37752 root      20   0  275048   4564   3992 R   0.0   0.2   0:00.00 top
    883 root      20   0  438912   3848   3496 S   0.0   0.2   0:01.86 sssd_nss
    647 root      20   0  100960   3508   3228 S   0.0   0.2   0:00.78 systemd-journal
---------------------------------------------
MiB Mem :   1817.3 total,    239.4 free,   1506.7 used,     71.3 buff/cache
MiB Swap:    820.0 total,    680.2 free,    139.8 used.    198.2 avail Mem 
current:
  36919 root      20   0 1668444   1.4g   3056 R  99.9  77.9   0:59.27 mem.bash
top:
  36919 root      20   0 1670160   1.4g   3056 R  99.9  78.0   0:59.45 mem.bash
   1589 root      20   0  903284   7316   3396 S   0.0   0.4   1:05.78 cockpit-bridge
  37762 root      20   0  275048   4508   3936 R   5.6   0.2   0:00.01 top
    883 root      20   0  438912   3848   3496 S   0.0   0.2   0:01.86 sssd_nss
    647 root      20   0  100960   3508   3228 S   0.0   0.2   0:00.78 systemd-journal
---------------------------------------------
MiB Mem :   1817.3 total,    230.7 free,   1515.3 used,     71.3 buff/cache
MiB Swap:    820.0 total,    680.2 free,    139.8 used.    188.6 avail Mem 
current:
  36919 root      20   0 1679664   1.4g   3056 R  94.1  78.5   0:59.96 mem.bash
top:
  36919 root      20   0 1683228   1.4g   3056 R  94.1  78.7   1:00.12 mem.bash
   1589 root      20   0  903284   7316   3396 S   0.0   0.4   1:05.78 cockpit-bridge
  37772 root      20   0  275048   4472   3900 R   0.0   0.2   0:00.00 top
    883 root      20   0  438912   3848   3496 S   0.0   0.2   0:01.87 sssd_nss
    647 root      20   0  100960   3508   3228 S   0.0   0.2   0:00.78 systemd-journal
---------------------------------------------
MiB Mem :   1817.3 total,    216.3 free,   1529.7 used,     71.3 buff/cache
MiB Swap:    820.0 total,    680.2 free,    139.8 used.    175.8 avail Mem 
current:
  36919 root      20   0 1692864   1.4g   3056 R  94.7  79.2   1:00.67 mem.bash
top:
  36919 root      20   0 1696428   1.4g   3056 R  94.4  79.4   1:00.84 mem.bash
   1589 root      20   0  903284   7316   3396 S   0.0   0.4   1:05.78 cockpit-bridge
  37782 root      20   0  275048   4440   3864 R   0.0   0.2   0:00.00 top
    883 root      20   0  438912   3848   3496 S   0.0   0.2   0:01.87 sssd_nss
    647 root      20   0  100960   3508   3228 S   0.0   0.2   0:00.78 systemd-journal
---------------------------------------------
MiB Mem :   1817.3 total,    202.4 free,   1543.6 used,     71.3 buff/cache
MiB Swap:    820.0 total,    680.2 free,    139.8 used.    161.6 avail Mem 
current:
  36919 root      20   0 1706328   1.4g   3056 R  94.1  79.9   1:01.39 mem.bash
top:
  36919 root      20   0 1709232   1.4g   3056 R  99.9  80.1   1:01.56 mem.bash
   1589 root      20   0  903284   7316   3396 S   0.0   0.4   1:05.78 cockpit-bridge
  37792 root      20   0  275048   4408   3832 R   0.0   0.2   0:00.00 top
    883 root      20   0  438912   3848   3496 S   0.0   0.2   0:01.87 sssd_nss
    647 root      20   0  100960   3508   3228 S   0.0   0.2   0:00.78 systemd-journal
---------------------------------------------
MiB Mem :   1817.3 total,    192.4 free,   1553.7 used,     71.3 buff/cache
MiB Swap:    820.0 total,    680.2 free,    139.8 used.    151.0 avail Mem 
current:
  36919 root      20   0 1718472   1.4g   3056 R  99.9  80.6   1:02.09 mem.bash
top:
  36919 root      20   0 1722036   1.4g   3056 R  89.5  80.7   1:02.26 mem.bash
   1589 root      20   0  903284   7316   3396 S   0.0   0.4   1:05.78 cockpit-bridge
  37802 root      20   0  275048   4492   3920 R   0.0   0.2   0:00.00 top
    883 root      20   0  438912   3848   3496 S   0.0   0.2   0:01.87 sssd_nss
    647 root      20   0  100960   3508   3228 S   0.0   0.2   0:00.78 systemd-journal
---------------------------------------------
MiB Mem :   1817.3 total,    179.1 free,   1566.9 used,     71.3 buff/cache
MiB Swap:    820.0 total,    680.2 free,    139.8 used.    138.4 avail Mem 
current:
  36919 root      20   0 1730880   1.4g   3056 R  99.9  81.2   1:02.81 mem.bash
top:
  36919 root      20   0 1734312   1.4g   3056 R  94.4  81.4   1:02.98 mem.bash
   1589 root      20   0  903284   7316   3396 S   0.0   0.4   1:05.78 cockpit-bridge
  37812 root      20   0  275048   4316   3744 R   0.0   0.2   0:00.00 top
    883 root      20   0  438912   3848   3496 S   0.0   0.2   0:01.87 sssd_nss
    647 root      20   0  100960   3508   3228 S   0.0   0.2   0:00.78 systemd-journal
---------------------------------------------
MiB Mem :   1817.3 total,    166.5 free,   1579.5 used,     71.3 buff/cache
MiB Swap:    820.0 total,    680.2 free,    139.8 used.    125.4 avail Mem 
current:
  36919 root      20   0 1744212   1.5g   3056 R  94.4  81.9   1:03.51 mem.bash
top:
  36919 root      20   0 1747116   1.5g   3056 R  94.7  82.1   1:03.69 mem.bash
   1589 root      20   0  903284   7316   3396 S   0.0   0.4   1:05.78 cockpit-bridge
  37822 root      20   0  275048   4556   3984 R   0.0   0.2   0:00.00 top
    883 root      20   0  438912   3848   3496 S   0.0   0.2   0:01.87 sssd_nss
    647 root      20   0  100960   3508   3228 S   0.0   0.2   0:00.78 systemd-journal
---------------------------------------------
MiB Mem :   1817.3 total,    153.0 free,   1593.0 used,     71.3 buff/cache
MiB Swap:    820.0 total,    680.2 free,    139.8 used.    111.0 avail Mem 
current:
  36919 root      20   0 1759788   1.5g   3056 R  99.9  82.8   1:04.27 mem.bash
top:
  36919 root      20   0 1764144   1.5g   3056 R  99.9  83.0   1:04.45 mem.bash
   1589 root      20   0  903284   7316   3396 S   0.0   0.4   1:05.78 cockpit-bridge
  37832 root      20   0  275048   4556   3984 R   0.0   0.2   0:00.00 top
    883 root      20   0  438912   3848   3496 S   0.0   0.2   0:01.87 sssd_nss
    647 root      20   0  100960   3508   3228 S   0.0   0.2   0:00.78 systemd-journal
---------------------------------------------
MiB Mem :   1817.3 total,    136.2 free,   1609.8 used,     71.3 buff/cache
MiB Swap:    820.0 total,    680.2 free,    139.8 used.     94.1 avail Mem 
current:
  36919 root      20   0 1777476   1.5g   3056 R  94.1  83.7   1:04.99 mem.bash
top:
  36919 root      20   0 1781436   1.5g   3056 R  94.4  83.9   1:05.16 mem.bash
   1589 root      20   0  903284   7316   3396 S   0.0   0.4   1:05.78 cockpit-bridge
  37842 root      20   0  275048   4564   3992 R   0.0   0.2   0:00.00 top
    883 root      20   0  438912   3848   3496 S   0.0   0.2   0:01.87 sssd_nss
    647 root      20   0  100960   3508   3228 S   0.0   0.2   0:00.78 systemd-journal
---------------------------------------------
MiB Mem :   1817.3 total,    118.9 free,   1627.1 used,     71.3 buff/cache
MiB Swap:    820.0 total,    680.2 free,    139.8 used.     76.8 avail Mem 
current:
  36919 root      20   0 1795560   1.5g   3056 R  99.9  84.7   1:05.72 mem.bash
top:
  36919 root      20   0 1799916   1.5g   3056 R  94.1  84.9   1:05.88 mem.bash
   1589 root      20   0  903284   7316   3396 S   0.0   0.4   1:05.78 cockpit-bridge
  37852 root      20   0  275048   4332   3760 R   0.0   0.2   0:00.00 top
    883 root      20   0  438912   3848   3496 S   0.0   0.2   0:01.87 sssd_nss
    647 root      20   0  100960   3508   3228 S   0.0   0.2   0:00.78 systemd-journal
---------------------------------------------
MiB Mem :   1817.3 total,    101.3 free,   1644.7 used,     71.3 buff/cache
MiB Swap:    820.0 total,    680.2 free,    139.8 used.     59.5 avail Mem 
current:
  36919 root      20   0 1812852   1.5g   3056 R  99.9  85.6   1:06.43 mem.bash
top:
  36919 root      20   0 1817340   1.5g   3056 R  94.4  85.9   1:06.60 mem.bash
   1589 root      20   0  903284   7316   3396 S   0.0   0.4   1:05.78 cockpit-bridge
  37862 root      20   0  275048   4404   3828 R   0.0   0.2   0:00.00 top
    883 root      20   0  438912   3848   3496 S   0.0   0.2   0:01.87 sssd_nss
    647 root      20   0  100960   3508   3228 S   0.0   0.2   0:00.78 systemd-journal
---------------------------------------------
MiB Mem :   1817.3 total,     84.0 free,   1662.1 used,     71.3 buff/cache
MiB Swap:    820.0 total,    680.2 free,    139.8 used.     41.9 avail Mem 
current:
  36919 root      20   0 1830936   1.5g   3056 R  99.9  86.6   1:07.12 mem.bash
top:
  36919 root      20   0 1835028   1.5g   3056 R  99.9  86.8   1:07.29 mem.bash
   1589 root      20   0  903284   7316   3396 S   0.0   0.4   1:05.78 cockpit-bridge
  37872 root      20   0  275048   4336   3760 R   0.0   0.2   0:00.00 top
    883 root      20   0  438912   3848   3496 S   0.0   0.2   0:01.87 sssd_nss
    647 root      20   0  100960   3508   3228 S   0.0   0.2   0:00.78 systemd-journal
---------------------------------------------
MiB Mem :   1817.3 total,     66.7 free,   1679.3 used,     71.3 buff/cache
MiB Swap:    820.0 total,    680.2 free,    139.8 used.     25.1 avail Mem 
current:
  36919 root      20   0 1847304   1.6g   3056 R  82.4  87.5   1:07.78 mem.bash
top:
  36919 root      20   0 1854300   1.6g   3056 R  71.4  87.9   1:08.07 mem.bash
   1589 root      20   0  903284   6984   3396 S   0.0   0.4   1:05.78 cockpit-bridge
  37882 root      20   0  275048   4500   3928 R   4.8   0.2   0:00.01 top
    883 root      20   0  438912   3848   3496 S   0.0   0.2   0:01.87 sssd_nss
    647 root      20   0  100960   3488   3208 S   0.0   0.2   0:00.78 systemd-journal
---------------------------------------------
MiB Mem :   1817.3 total,     77.9 free,   1688.2 used,     51.2 buff/cache
MiB Swap:    820.0 total,    656.1 free,    163.9 used.     26.0 avail Mem 
current:
  36919 root      20   0 1874496   1.6g   3056 R  99.9  87.7   1:09.06 mem.bash
top:
  36919 root      20   0 1878588   1.6g   3056 R  94.1  87.9   1:09.22 mem.bash
   1589 root      20   0  903284   6740   3396 S   0.0   0.4   1:05.78 cockpit-bridge
  37892 root      20   0  275048   4480   3908 R   0.0   0.2   0:00.00 top
    883 root      20   0  438912   3848   3496 S   0.0   0.2   0:01.87 sssd_nss
    647 root      20   0  100960   3488   3208 S   0.0   0.2   0:00.78 systemd-journal
---------------------------------------------
MiB Mem :   1817.3 total,     69.3 free,   1696.9 used,     51.2 buff/cache
MiB Swap:    820.0 total,    646.3 free,    173.7 used.     26.0 avail Mem 
current:
  36919 root      20   0 1890732   1.6g   3056 R  94.4  88.0   1:09.74 mem.bash
top:
  36919 root      20   0 1893768   1.6g   3056 R  88.2  87.4   1:09.89 mem.bash
   1589 root      20   0  903284   6724   3396 S   0.0   0.4   1:05.78 cockpit-bridge
  37902 root      20   0  275048   4336   3760 R   0.0   0.2   0:00.00 top
    883 root      20   0  438912   3848   3496 S   0.0   0.2   0:01.87 sssd_nss
    647 root      20   0  100960   3488   3208 S   0.0   0.2   0:00.78 systemd-journal
---------------------------------------------
MiB Mem :   1817.3 total,     74.5 free,   1691.9 used,     50.8 buff/cache
MiB Swap:    820.0 total,    631.6 free,    188.4 used.     22.1 avail Mem 
current:
  36919 root      20   0 1906572   1.6g   3056 R  99.9  88.1   1:10.42 mem.bash
top:
  36919 root      20   0 1910004   1.6g   3056 R  99.9  88.2   1:10.59 mem.bash
   1589 root      20   0  903284   6708   3396 S   0.0   0.4   1:05.78 cockpit-bridge
  37912 root      20   0  275048   4512   3940 R   0.0   0.2   0:00.00 top
    883 root      20   0  438912   3848   3496 S   0.0   0.2   0:01.88 sssd_nss
    647 root      20   0  100960   3488   3208 S   0.0   0.2   0:00.78 systemd-journal
---------------------------------------------
MiB Mem :   1817.3 total,     71.4 free,   1695.7 used,     50.2 buff/cache
MiB Swap:    820.0 total,    615.4 free,    204.6 used.     24.9 avail Mem 
current:
  36919 root      20   0 1919640   1.6g   3056 R  99.9  87.9   1:11.10 mem.bash
top:
  36919 root      20   0 1922148   1.6g   3056 R  94.4  88.0   1:11.27 mem.bash
   1589 root      20   0  903284   6780   3488 S   0.0   0.4   1:05.78 cockpit-bridge
  37922 root      20   0  275048   4504   3932 R   5.6   0.2   0:00.02 top
    883 root      20   0  438912   3848   3496 S   0.0   0.2   0:01.88 sssd_nss
    647 root      20   0  100960   3488   3208 S   0.0   0.2   0:00.78 systemd-journal
---------------------------------------------
MiB Mem :   1817.3 total,     64.3 free,   1702.6 used,     50.5 buff/cache
MiB Swap:    820.0 total,    607.1 free,    212.9 used.     14.7 avail Mem 
current:
  36919 root      20   0 1934292   1.6g   3056 R  99.9  87.4   1:11.85 mem.bash
top:
  36919 root      20   0 1935876   1.6g   3056 R  94.1  87.5   1:12.01 mem.bash
   1589 root      20   0  903284   6776   3488 S   0.0   0.4   1:05.78 cockpit-bridge
  37932 root      20   0  275048   4408   3836 R   5.9   0.2   0:00.01 top
    883 root      20   0  438912   3848   3496 S   0.0   0.2   0:01.88 sssd_nss
    647 root      20   0  100960   3488   3208 S   0.0   0.2   0:00.78 systemd-journal
---------------------------------------------
MiB Mem :   1817.3 total,     69.0 free,   1698.5 used,     49.8 buff/cache
MiB Swap:    820.0 total,    593.3 free,    226.7 used.     17.0 avail Mem 
current:
  36919 root      20   0 1948680   1.6g   3056 R  99.9  88.2   1:12.54 mem.bash
top:
  36919 root      20   0 1952772   1.6g   3056 R  83.3  87.4   1:12.70 mem.bash
   1589 root      20   0  903284   6776   3488 S   0.0   0.4   1:05.78 cockpit-bridge
  37942 root      20   0  275048   4516   3940 R   0.0   0.2   0:00.00 top
    883 root      20   0  438912   3824   3472 S   0.0   0.2   0:01.88 sssd_nss
    647 root      20   0  100960   3488   3208 S   0.0   0.2   0:00.78 systemd-journal
---------------------------------------------
MiB Mem :   1817.3 total,     75.3 free,   1692.8 used,     49.2 buff/cache
MiB Swap:    820.0 total,    574.5 free,    245.5 used.     24.1 avail Mem 
current:
  36919 root      20   0 1962408   1.6g   3056 R  94.1  87.9   1:13.22 mem.bash
top:
  36919 root      20   0 1966764   1.6g   3056 R  94.1  88.2   1:13.38 mem.bash
   1589 root      20   0  903284   6776   3488 S   0.0   0.4   1:05.78 cockpit-bridge
  37952 root      20   0  275048   4564   3988 R   0.0   0.2   0:00.00 top
    883 root      20   0  438912   3824   3472 S   0.0   0.2   0:01.88 sssd_nss
    647 root      20   0  100960   3488   3208 S   0.0   0.2   0:00.78 systemd-journal
---------------------------------------------
MiB Mem :   1817.3 total,     70.2 free,   1698.4 used,     48.7 buff/cache
MiB Swap:    820.0 total,    556.9 free,    263.1 used.     29.0 avail Mem 
current:
  36919 root      20   0 1979832   1.6g   3056 R  99.9  87.9   1:13.89 mem.bash
top:
  36919 root      20   0 1984320   1.6g   3056 R  94.4  88.1   1:14.06 mem.bash
   1589 root      20   0  903284   6776   3488 S   0.0   0.4   1:05.78 cockpit-bridge
  37962 root      20   0  275048   4604   4028 R   0.0   0.2   0:00.00 top
    883 root      20   0  438912   3768   3416 S   0.0   0.2   0:01.88 sssd_nss
    647 root      20   0  100960   3488   3208 S   0.0   0.2   0:00.78 systemd-journal
---------------------------------------------
MiB Mem :   1817.3 total,     64.7 free,   1704.1 used,     48.5 buff/cache
MiB Swap:    820.0 total,    547.6 free,    272.4 used.     13.5 avail Mem 
current:
  36919 root      20   0 1995672   1.6g   3056 R  94.4  87.6   1:14.58 mem.bash
top:
  36919 root      20   0 1999368   1.6g   3056 R  99.9  87.8   1:14.76 mem.bash
   1589 root      20   0  903284   6776   3488 S   0.0   0.4   1:05.78 cockpit-bridge
  37972 root      20   0  275048   4408   3832 R   0.0   0.2   0:00.00 top
    883 root      20   0  438912   3728   3376 S   0.0   0.2   0:01.88 sssd_nss
    647 root      20   0  100960   3488   3208 S   0.0   0.2   0:00.78 systemd-journal
---------------------------------------------
MiB Mem :   1817.3 total,     68.3 free,   1701.1 used,     47.9 buff/cache
MiB Swap:    820.0 total,    536.6 free,    283.4 used.     14.9 avail Mem 
current:
  36919 root      20   0 2011776   1.6g   3056 R  93.8  87.9   1:15.27 mem.bash
top:
  36919 root      20   0 2015340   1.6g   3056 R  93.8  87.6   1:15.42 mem.bash
   1589 root      20   0  903284   6776   3488 S   0.0   0.4   1:05.78 cockpit-bridge
  37982 root      20   0  275048   4576   4004 R   0.0   0.2   0:00.00 top
    883 root      20   0  438912   3700   3348 S   0.0   0.2   0:01.88 sssd_nss
    647 root      20   0  100960   3488   3208 S   0.0   0.2   0:00.78 systemd-journal
---------------------------------------------
MiB Mem :   1817.3 total,     70.8 free,   1699.2 used,     47.3 buff/cache
MiB Swap:    820.0 total,    516.4 free,    303.6 used.     17.4 avail Mem 
current:
  36919 root      20   0 2027352   1.6g   3056 R  93.8  88.2   1:15.92 mem.bash
top:
  36919 root      20   0 2031180   1.6g   3056 R  81.2  87.4   1:16.07 mem.bash
   1589 root      20   0  903284   6732   3444 S   0.0   0.4   1:05.78 cockpit-bridge
  37992 root      20   0  275048   4520   3944 R   0.0   0.2   0:00.00 top
    883 root      20   0  438912   3644   3292 S   0.0   0.2   0:01.88 sssd_nss
    647 root      20   0  100960   3448   3168 S   0.0   0.2   0:00.78 systemd-journal
---------------------------------------------
MiB Mem :   1817.3 total,     74.5 free,   1696.2 used,     46.6 buff/cache
MiB Swap:    820.0 total,    497.6 free,    322.4 used.     20.0 avail Mem 
current:
  36919 root      20   0 2044512   1.6g   3056 R  99.9  88.1   1:16.59 mem.bash
top:
  36919 root      20   0 2048208   1.6g   3056 R  99.9  88.3   1:16.75 mem.bash
   1589 root      20   0  903284   6732   3444 S   0.0   0.4   1:05.78 cockpit-bridge
  38002 root      20   0  275048   4368   3792 R   0.0   0.2   0:00.00 top
    883 root      20   0  438912   3644   3292 S   0.0   0.2   0:01.88 sssd_nss
    647 root      20   0  100960   3448   3168 S   0.0   0.2   0:00.78 systemd-journal
---------------------------------------------
MiB Mem :   1817.3 total,     81.2 free,   1690.5 used,     45.7 buff/cache
MiB Swap:    820.0 total,    480.4 free,    339.6 used.     29.3 avail Mem 
current:
  36919 root      20   0 2054412   1.6g   3056 R  50.0  87.7   1:17.07 mem.bash
top:
  36919 root      20   0 2056392   1.6g   3056 R  47.1  87.8   1:17.16 mem.bash
   1589 root      20   0  903284   6672   3384 S   0.0   0.4   1:05.78 cockpit-bridge
  38012 root      20   0  275048   4332   3760 R   0.0   0.2   0:00.00 top
    883 root      20   0  438912   3496   3144 S   0.0   0.2   0:01.88 sssd_nss
    647 root      20   0  100960   3436   3156 S   0.0   0.2   0:00.78 systemd-journal
---------------------------------------------
MiB Mem :   1817.3 total,     72.5 free,   1698.9 used,     45.9 buff/cache
MiB Swap:    820.0 total,    480.4 free,    339.6 used.     17.7 avail Mem 
current:
  36919 root      20   0 2067744   1.6g   3056 R  99.9  88.4   1:17.63 mem.bash
top:
  36919 root      20   0 2071308   1.6g   3056 R  88.2  88.0   1:17.80 mem.bash
   1589 root      20   0  903284   6532   3244 S   0.0   0.4   1:05.78 cockpit-bridge
  38022 root      20   0  275048   4332   3760 R   0.0   0.2   0:00.00 top
    883 root      20   0  438912   3444   3092 S   0.0   0.2   0:01.88 sssd_nss
    647 root      20   0  100960   3424   3144 S   0.0   0.2   0:00.78 systemd-journal
---------------------------------------------
MiB Mem :   1817.3 total,     76.3 free,   1695.6 used,     45.4 buff/cache
MiB Swap:    820.0 total,    461.9 free,    358.1 used.     22.1 avail Mem 
current:
  36919 root      20   0 2081604   1.6g   3056 R  93.8  88.1   1:18.31 mem.bash
top:
  36919 root      20   0 2085828   1.6g   3056 R  99.9  88.4   1:18.50 mem.bash
   1589 root      20   0  903284   6436   3148 S   0.0   0.3   1:05.78 cockpit-bridge
  38032 root      20   0  275048   4448   3876 R   0.0   0.2   0:00.00 top
    883 root      20   0  438912   3444   3092 S   0.0   0.2   0:01.88 sssd_nss
    647 root      20   0  100960   3424   3144 S   0.0   0.2   0:00.78 systemd-journal
---------------------------------------------
MiB Mem :   1817.3 total,     70.3 free,   1701.3 used,     45.7 buff/cache
MiB Swap:    820.0 total,    444.4 free,    375.6 used.     27.9 avail Mem 
current:
  36919 root      20   0 2095596   1.6g   3056 R  99.9  87.9   1:19.10 mem.bash
top:
  36919 root      20   0 2099424   1.6g   3056 R  94.1  88.1   1:19.26 mem.bash
   1589 root      20   0  903284   6120   2832 S   0.0   0.3   1:05.78 cockpit-bridge
  38042 root      20   0  275048   4556   3984 R   0.0   0.2   0:00.00 top
    883 root      20   0  438912   3392   3040 S   0.0   0.2   0:01.89 sssd_nss
    647 root      20   0  100960   3372   3092 S   0.0   0.2   0:00.78 systemd-journal
---------------------------------------------
MiB Mem :   1817.3 total,     66.5 free,   1705.0 used,     45.8 buff/cache
MiB Swap:    820.0 total,    444.4 free,    375.6 used.     11.8 avail Mem 
current:
  36919 root      20   0 2110908   1.6g   3056 R  81.2  87.8   1:19.76 mem.bash
top:
  36919 root      20   0 2114340   1.6g   3056 R  94.1  87.9   1:19.94 mem.bash
   1589 root      20   0  903284   6068   2780 S   0.0   0.3   1:05.78 cockpit-bridge
  38052 root      20   0  275048   4480   3908 R   0.0   0.2   0:00.01 top
    647 root      20   0  100960   3352   3072 S   0.0   0.2   0:00.78 systemd-journal
    883 root      20   0  438912   3340   2988 S   0.0   0.2   0:01.89 sssd_nss
---------------------------------------------
MiB Mem :   1817.3 total,     71.3 free,   1700.8 used,     45.2 buff/cache
MiB Swap:    820.0 total,    426.2 free,    393.8 used.     16.6 avail Mem 
current:
  36919 root      20   0 2126352   1.6g   3056 R  99.9  88.6   1:20.46 mem.bash
top:
  36919 root      20   0 2130048   1.6g   3056 R  82.4  87.7   1:20.61 mem.bash
   1589 root      20   0  903284   6016   2728 S   0.0   0.3   1:05.78 cockpit-bridge
  38062 root      20   0  275048   4508   3936 R   0.0   0.2   0:00.00 top
    647 root      20   0  100960   3332   3052 S   0.0   0.2   0:00.78 systemd-journal
    883 root      20   0  438912   3296   2944 S   0.0   0.2   0:01.89 sssd_nss
---------------------------------------------
MiB Mem :   1817.3 total,     75.8 free,   1696.4 used,     45.2 buff/cache
MiB Swap:    820.0 total,    395.7 free,    424.3 used.     20.4 avail Mem 
current:
  36919 root      20   0 2145360   1.6g   3056 R  94.4  87.9   1:21.35 mem.bash
top:
  36919 root      20   0 2149716   1.6g   3056 R  99.9  88.2   1:21.52 mem.bash
   1589 root      20   0  903284   6016   2728 S   0.0   0.3   1:05.78 cockpit-bridge
  38072 root      20   0  275048   4412   3836 R   0.0   0.2   0:00.00 top
    647 root      20   0  100960   3332   3052 S   0.0   0.2   0:00.78 systemd-journal
    883 root      20   0  438912   3296   2944 S   0.0   0.2   0:01.89 sssd_nss
---------------------------------------------
MiB Mem :   1817.3 total,     72.9 free,   1699.9 used,     44.5 buff/cache
MiB Swap:    820.0 total,    376.4 free,    443.6 used.     22.8 avail Mem 
current:
  36919 root      20   0 2159880   1.6g   3056 R  99.9  87.6   1:22.01 mem.bash
top:
  36919 root      20   0 2164236   1.6g   3056 R  99.9  87.9   1:22.18 mem.bash
   1589 root      20   0  903284   5964   2676 S   0.0   0.3   1:05.78 cockpit-bridge
  38082 root      20   0  275048   4576   4004 R   0.0   0.2   0:00.00 top
    647 root      20   0  100960   3316   3036 S   0.0   0.2   0:00.78 systemd-journal
    883 root      20   0  438912   3252   2900 S   0.0   0.2   0:01.89 sssd_nss
---------------------------------------------
MiB Mem :   1817.3 total,     64.6 free,   1708.4 used,     44.4 buff/cache
MiB Swap:    820.0 total,    358.0 free,    462.0 used.     27.9 avail Mem 
current:
  36919 root      20   0 2171364   1.5g   3052 R  94.1  87.2   1:22.65 mem.bash
top:
  36919 root      20   0 2175192   1.6g   3052 R  89.5  87.5   1:22.84 mem.bash
   1589 root      20   0  903284   5936   2648 S   0.0   0.3   1:05.78 cockpit-bridge
  38092 root      20   0  275048   4384   3812 R   5.3   0.2   0:00.01 top
    647 root      20   0  100960   3300   3020 S   0.0   0.2   0:00.78 systemd-journal
    883 root      20   0  438912   3208   2856 S   0.0   0.2   0:01.89 sssd_nss
---------------------------------------------
MiB Mem :   1817.3 total,     69.1 free,   1703.9 used,     44.2 buff/cache
MiB Swap:    820.0 total,    358.0 free,    462.0 used.     13.6 avail Mem 
current:
  36919 root      20   0 2188788   1.6g   3052 R  93.8  88.0   1:23.34 mem.bash
top:
  36919 root      20   0 2192484   1.6g   3044 R  84.2  87.4   1:23.50 mem.bash
   1589 root      20   0  903284   5832   2544 S   0.0   0.3   1:05.78 cockpit-bridge
  38102 root      20   0  275048   4556   3984 R   5.3   0.2   0:00.01 top
    647 root      20   0  100960   3264   2984 S   0.0   0.2   0:00.78 systemd-journal
  36466 root      20   0  222516   3180   2924 S   0.0   0.2   0:00.26 memInf.sh
---------------------------------------------
MiB Mem :   1817.3 total,     73.1 free,   1699.9 used,     44.4 buff/cache
MiB Swap:    820.0 total,    339.8 free,    480.2 used.     17.0 avail Mem 
current:
  36919 root      20   0 2204760   1.6g   3044 R  99.9  88.0   1:24.05 mem.bash
top:
  36919 root      20   0 2208720   1.5g   3036 R  83.3  87.2   1:24.20 mem.bash
   1589 root      20   0  903284   5660   2372 S   0.0   0.3   1:05.78 cockpit-bridge
  38112 root      20   0  275048   4512   3936 R   0.0   0.2   0:00.00 top
    647 root      20   0  100960   3224   2944 S   0.0   0.2   0:00.78 systemd-journal
  36466 root      20   0  222516   3176   2920 S   0.0   0.2   0:00.26 memInf.sh
---------------------------------------------
MiB Mem :   1817.3 total,     71.8 free,   1701.0 used,     44.5 buff/cache
MiB Swap:    820.0 total,    321.0 free,    499.0 used.     17.9 avail Mem 
current:
  36919 root      20   0 2221920   1.6g   3036 R  94.7  87.9   1:24.73 mem.bash
top:
  36919 root      20   0 2225484   1.6g   3028 R  81.2  87.4   1:24.86 mem.bash
   1589 root      20   0  903284   5624   2336 S   0.0   0.3   1:05.78 cockpit-bridge
  38124 root      20   0  275048   4508   3936 R   0.0   0.2   0:00.00 top
    647 root      20   0  100960   3224   2944 S   0.0   0.2   0:00.78 systemd-journal
  36466 root      20   0  222516   3168   2912 S   0.0   0.2   0:00.26 memInf.sh
---------------------------------------------
MiB Mem :   1817.3 total,     72.3 free,   1700.9 used,     44.1 buff/cache
MiB Swap:    820.0 total,    299.8 free,    520.2 used.     21.8 avail Mem 
current:
  36919 root      20   0 2237100   1.6g   3028 R  94.4  87.6   1:25.36 mem.bash
top:
  36919 root      20   0 2239344   1.6g   3028 R  86.7  87.5   1:25.51 mem.bash
   1589 root      20   0  903284   5620   2332 S   0.0   0.3   1:05.79 cockpit-bridge
  38134 root      20   0  275048   4568   3992 R   0.0   0.2   0:00.00 top
    647 root      20   0  100960   3224   2944 S   0.0   0.2   0:00.78 systemd-journal
  36466 root      20   0  222516   3168   2912 S   0.0   0.2   0:00.26 memInf.sh
---------------------------------------------
MiB Mem :   1817.3 total,     69.1 free,   1704.2 used,     44.1 buff/cache
MiB Swap:    820.0 total,    295.3 free,    524.7 used.     13.5 avail Mem 
current:
  36919 root      20   0 2251752   1.6g   3028 R  88.2  87.8   1:26.03 mem.bash
top:
  36919 root      20   0 2252280   1.5g   3020 R  50.0  87.1   1:26.13 mem.bash
   1589 root      20   0  903284   5584   2296 S   0.0   0.3   1:05.79 cockpit-bridge
  38144 root      20   0  275048   4332   3756 R   0.0   0.2   0:00.01 top
    647 root      20   0  100960   3224   2944 S   0.0   0.2   0:00.78 systemd-journal
  36466 root      20   0  222516   3160   2904 S   0.0   0.2   0:00.26 memInf.sh
---------------------------------------------
MiB Mem :   1817.3 total,     76.6 free,   1697.0 used,     43.7 buff/cache
MiB Swap:    820.0 total,    276.1 free,    543.9 used.     20.4 avail Mem 
current:
  36919 root      20   0 2263104   1.6g   3020 R  99.9  87.7   1:26.66 mem.bash
top:
  36919 root      20   0 2266800   1.6g   3020 R  99.9  87.9   1:26.81 mem.bash
   1589 root      20   0  903284   5584   2296 S   0.0   0.3   1:05.79 cockpit-bridge
  38154 root      20   0  275048   4332   3760 R   0.0   0.2   0:00.00 top
    647 root      20   0  100960   3224   2944 R   0.0   0.2   0:00.78 systemd-journal
  36466 root      20   0  222516   3160   2904 S   0.0   0.2   0:00.26 memInf.sh
---------------------------------------------
MiB Mem :   1817.3 total,     74.6 free,   1699.2 used,     43.5 buff/cache
MiB Swap:    820.0 total,    257.7 free,    562.3 used.     20.3 avail Mem 
current:
  36919 root      20   0 2279340   1.6g   3012 R  94.4  87.5   1:27.32 mem.bash
top:
  36919 root      20   0 2283036   1.6g   3012 R  88.2  87.5   1:27.47 mem.bash
   1589 root      20   0  903284   5552   2264 S   0.0   0.3   1:05.79 cockpit-bridge
  38164 root      20   0  275048   4484   3912 R   0.0   0.2   0:00.00 top
    647 root      20   0  100960   3224   2944 S   0.0   0.2   0:00.78 systemd-journal
  36466 root      20   0  222516   3144   2896 S   0.0   0.2   0:00.26 memInf.sh
---------------------------------------------
MiB Mem :   1817.3 total,     68.3 free,   1705.4 used,     43.7 buff/cache
MiB Swap:    820.0 total,    253.1 free,    566.9 used.     12.3 avail Mem 
current:
  36919 root      20   0 2296104   1.6g   3004 R  94.1  87.5   1:28.00 mem.bash
top:
  36919 root      20   0 2302572   1.6g   3004 R  99.9  87.5   1:28.25 mem.bash
   1589 root      20   0  903284   5524   2236 S   0.0   0.3   1:05.79 cockpit-bridge
  38174 root      20   0  275048   4500   3928 R   0.0   0.2   0:00.00 top
    647 root      20   0  100960   3224   2944 S   0.0   0.2   0:00.78 systemd-journal
  36466 root      20   0  222516   3100   2888 S   0.0   0.2   0:00.28 memInf.sh
---------------------------------------------
MiB Mem :   1817.3 total,     79.5 free,   1694.1 used,     43.7 buff/cache
MiB Swap:    820.0 total,    224.9 free,    595.1 used.     23.3 avail Mem 
current:
  36919 root      20   0 2313132   1.6g   3004 R  99.9  87.5   1:28.74 mem.bash
top:
  36919 root      20   0 2317488   1.6g   3004 R  99.9  87.8   1:28.92 mem.bash
   1589 root      20   0  903284   5516   2228 S   0.0   0.3   1:05.79 cockpit-bridge
  38184 root      20   0  275048   4408   3836 R   0.0   0.2   0:00.00 top
    647 root      20   0  100960   3224   2944 S   0.0   0.2   0:00.78 systemd-journal
  36466 root      20   0  222516   3084   2888 S   0.0   0.2   0:00.28 memInf.sh
---------------------------------------------
MiB Mem :   1817.3 total,     63.4 free,   1709.9 used,     44.0 buff/cache
MiB Swap:    820.0 total,    206.4 free,    613.6 used.     27.2 avail Mem 
current:
  36919 root      20   0 2326728   1.5g   2996 R  99.9  87.3   1:29.50 mem.bash
top:
  36919 root      20   0 2330952   1.6g   2996 R  99.9  87.5   1:29.67 mem.bash
   1589 root      20   0  903284   5492   2204 S   0.0   0.3   1:05.79 cockpit-bridge
  38194 root      20   0  275048   4332   3760 R   0.0   0.2   0:00.00 top
    647 root      20   0  100960   3220   2940 S   0.0   0.2   0:00.78 systemd-journal
  36466 root      20   0  222516   3044   2880 S   0.0   0.2   0:00.28 memInf.sh
---------------------------------------------
MiB Mem :   1817.3 total,     66.0 free,   1707.5 used,     43.9 buff/cache
MiB Swap:    820.0 total,    206.4 free,    613.6 used.     10.3 avail Mem 
current:
  36919 root      20   0 2344284   1.5g   2988 R  82.4  87.1   1:30.17 mem.bash
top:
  36919 root      20   0 2348772   1.6g   2988 R  99.9  87.4   1:30.34 mem.bash
   1589 root      20   0  903284   5484   2196 S   0.0   0.3   1:05.79 cockpit-bridge
  38204 root      20   0  275048   4512   3940 R   0.0   0.2   0:00.00 top
    647 root      20   0  100960   3216   2936 S   0.0   0.2   0:00.78 systemd-journal
  36466 root      20   0  222516   3012   2872 S   0.0   0.2   0:00.28 memInf.sh
---------------------------------------------
MiB Mem :   1817.3 total,     66.3 free,   1707.4 used,     43.5 buff/cache
MiB Swap:    820.0 total,    187.0 free,    632.9 used.     10.7 avail Mem 
current:
  36919 root      20   0 2360784   1.5g   2980 R  81.2  87.2   1:30.82 mem.bash
top:
  36919 root      20   0 2363292   1.5g   2980 R  85.0  87.2   1:31.03 mem.bash
   1589 root      20   0  903284   5480   2192 S   0.0   0.3   1:05.79 cockpit-bridge
  38214 root      20   0  275048   4492   3920 R   5.0   0.2   0:00.02 top
    647 root      20   0  100960   3208   2928 S   0.0   0.2   0:00.78 systemd-journal
  36466 root      20   0  222516   3004   2864 S   0.0   0.2   0:00.28 memInf.sh
---------------------------------------------
MiB Mem :   1817.3 total,     71.6 free,   1702.5 used,     43.2 buff/cache
MiB Swap:    820.0 total,    169.6 free,    650.4 used.     15.6 avail Mem 
current:
  36919 root      20   0 2375832   1.6g   2980 R  99.9  87.9   1:31.60 mem.bash
top:
  36919 root      20   0 2378736   1.6g   2980 R  93.3  87.4   1:31.75 mem.bash
   1589 root      20   0  903284   5476   2188 S   0.0   0.3   1:05.79 cockpit-bridge
  38224 root      20   0  275048   4432   3860 R   6.7   0.2   0:00.01 top
    647 root      20   0  100960   3208   2928 S   0.0   0.2   0:00.78 systemd-journal
  36466 root      20   0  222516   3004   2864 S   0.0   0.2   0:00.29 memInf.sh
---------------------------------------------
MiB Mem :   1817.3 total,     82.8 free,   1691.6 used,     42.9 buff/cache
MiB Swap:    820.0 total,    141.5 free,    678.5 used.     26.7 avail Mem 
current:
  36919 root      20   0 2388768   1.5g   2976 R  93.8  87.0   1:32.23 mem.bash
top:
  36919 root      20   0 2392464   1.5g   2976 R  99.9  87.2   1:32.40 mem.bash
   1589 root      20   0  903284   5452   2172 S   0.0   0.3   1:05.79 cockpit-bridge
  38234 root      20   0  275048   4496   3924 R   0.0   0.2   0:00.00 top
    647 root      20   0  100960   3196   2916 S   0.0   0.2   0:00.78 systemd-journal
  36466 root      20   0  222516   3000   2860 S   0.0   0.2   0:00.29 memInf.sh
---------------------------------------------
MiB Mem :   1817.3 total,     66.3 free,   1707.8 used,     43.2 buff/cache
MiB Swap:    820.0 total,    141.5 free,    678.5 used.     10.2 avail Mem 
current:
  36919 root      20   0 2405532   1.5g   2972 R  88.2  87.0   1:32.92 mem.bash
top:
  36919 root      20   0 2411208   1.5g   2972 R  88.9  87.3   1:33.15 mem.bash
   1589 root      20   0  903284   5412   2136 S   0.0   0.3   1:05.79 cockpit-bridge
  38244 root      20   0  275048   4448   3876 R   0.0   0.2   0:00.00 top
    647 root      20   0  100960   3184   2904 S   0.0   0.2   0:00.78 systemd-journal
  36466 root      20   0  222516   2996   2856 S   0.0   0.2   0:00.29 memInf.sh
---------------------------------------------
MiB Mem :   1817.3 total,     65.1 free,   1709.0 used,     43.3 buff/cache
MiB Swap:    820.0 total,    116.6 free,    703.4 used.     14.9 avail Mem 
current:
  36919 root      20   0 2423880   1.5g   2968 R  89.5  86.9   1:33.65 mem.bash
top:
  36919 root      20   0 2427972   1.5g   2968 R  93.8  87.2   1:33.80 mem.bash
   1589 root      20   0  903284   5396   2128 S   0.0   0.3   1:05.79 cockpit-bridge
  38254 root      20   0  275048   4496   3920 R   0.0   0.2   0:00.00 top
    647 root      20   0  100960   3168   2888 S   0.0   0.2   0:00.78 systemd-journal
  36466 root      20   0  222516   2992   2852 S   0.0   0.2   0:00.29 memInf.sh
---------------------------------------------
MiB Mem :   1817.3 total,     66.5 free,   1707.9 used,     42.9 buff/cache
MiB Swap:    820.0 total,    105.8 free,    714.2 used.     10.0 avail Mem 
current:
  36919 root      20   0 2440512   1.5g   2964 R  80.0  86.9   1:34.31 mem.bash
top:
  36919 root      20   0 2442360   1.5g   2964 R  84.2  87.0   1:34.49 mem.bash
   1589 root      20   0  903284   5356   2112 S   0.0   0.3   1:05.79 cockpit-bridge
  38264 root      20   0  275048   4496   3924 R   5.3   0.2   0:00.02 top
    647 root      20   0  100960   3160   2880 S   0.0   0.2   0:00.78 systemd-journal
  36466 root      20   0  222516   2988   2848 S   0.0   0.2   0:00.29 memInf.sh
---------------------------------------------
MiB Mem :   1817.3 total,     71.4 free,   1703.2 used,     42.6 buff/cache
MiB Swap:    820.0 total,     88.0 free,    732.0 used.     15.7 avail Mem 
current:
  36919 root      20   0 2455428   1.6g   2964 R  99.9  87.7   1:35.04 mem.bash
top:
  36919 root      20   0 2458860   1.5g   2960 R  87.5  87.2   1:35.18 mem.bash
   1589 root      20   0  903284   5328   2096 S   0.0   0.3   1:05.79 cockpit-bridge
  38274 root      20   0  275048   4448   3876 R   0.0   0.2   0:00.00 top
    647 root      20   0  100960   3152   2872 S   0.0   0.2   0:00.78 systemd-journal
  36466 root      20   0  222516   2984   2844 S   0.0   0.2   0:00.29 memInf.sh
---------------------------------------------
MiB Mem :   1817.3 total,     72.7 free,   1702.3 used,     42.3 buff/cache
MiB Swap:    820.0 total,     69.3 free,    750.7 used.     16.0 avail Mem 
current:
  36919 root      20   0 2471796   1.6g   2960 R  99.9  87.5   1:35.71 mem.bash
top:
  36919 root      20   0 2475624   1.5g   2956 R  77.8  86.6   1:35.88 mem.bash
   1589 root      20   0  903284   5288   2080 S   0.0   0.3   1:05.79 cockpit-bridge
  38284 root      20   0  275048   4516   3944 R   0.0   0.2   0:00.00 top
    647 root      20   0  100960   3144   2864 S   0.0   0.2   0:00.78 systemd-journal
  36466 root      20   0  222516   2980   2840 S   0.0   0.2   0:00.30 memInf.sh
---------------------------------------------
MiB Mem :   1817.3 total,     72.2 free,   1703.1 used,     42.0 buff/cache
MiB Swap:    820.0 total,     49.2 free,    770.8 used.     15.8 avail Mem 
current:
  36919 root      20   0 2488428   1.5g   2956 R  99.9  87.3   1:36.41 mem.bash
top:
  36919 root      20   0 2491728   1.5g   2952 R  80.0  86.6   1:36.53 mem.bash
   1589 root      20   0  903284   5236   2036 S   0.0   0.3   1:05.79 cockpit-bridge
  38294 root      20   0  275048   4512   3936 R   0.0   0.2   0:00.00 top
    647 root      20   0  100960   3136   2856 S   0.0   0.2   0:00.78 systemd-journal
  36466 root      20   0  222516   2976   2836 S   0.0   0.2   0:00.30 memInf.sh
---------------------------------------------
MiB Mem :   1817.3 total,     75.8 free,   1699.7 used,     41.8 buff/cache
MiB Swap:    820.0 total,     32.4 free,    787.6 used.     19.0 avail Mem 
current:
  36919 root      20   0 2503872   1.5g   2952 R  99.9  87.2   1:37.18 mem.bash
top:
  36919 root      20   0 2508492   1.6g   2952 R  99.9  87.5   1:37.36 mem.bash
   1589 root      20   0  903284   5236   2036 S   0.0   0.3   1:05.79 cockpit-bridge
  38304 root      20   0  275048   4516   3944 R   0.0   0.2   0:00.00 top
    647 root      20   0  100960   3136   2856 S   0.0   0.2   0:00.78 systemd-journal
  36466 root      20   0  222516   2976   2836 S   0.0   0.2   0:00.30 memInf.sh
---------------------------------------------
MiB Mem :   1817.3 total,     80.0 free,   1696.0 used,     41.3 buff/cache
MiB Swap:    820.0 total,     15.8 free,    804.2 used.     22.2 avail Mem 
current:
  36919 root      20   0 2521692   1.5g   2948 R  99.9  87.3   1:37.88 mem.bash
top:
  36919 root      20   0 2525124   1.6g   2948 R  93.8  87.5   1:38.03 mem.bash
   1589 root      20   0  903284   5216   2024 S   0.0   0.3   1:05.79 cockpit-bridge
  38314 root      20   0  275048   4548   3976 R   0.0   0.2   0:00.00 top
    647 root      20   0  100960   3128   2848 S   0.0   0.2   0:00.78 systemd-journal
  36466 root      20   0  222516   2972   2832 S   0.0   0.2   0:00.30 memInf.sh
---------------------------------------------
MiB Mem :   1817.3 total,     62.8 free,   1712.9 used,     41.6 buff/cache
MiB Swap:    820.0 total,      0.0 free,    820.0 used.     23.5 avail Mem 
current:
  36919 root      20   0 2537796   1.5g   2944 R  94.4  87.2   1:38.55 mem.bash
top:
  36919 root      20   0 2542284   1.6g   2944 R  99.9  87.5   1:38.72 mem.bash
   1589 root      20   0  903284   5204   2016 S   0.0   0.3   1:05.79 cockpit-bridge
  38324 root      20   0  275048   4340   3768 R   0.0   0.2   0:00.00 top
    647 root      20   0  100960   3120   2840 S   0.0   0.2   0:00.78 systemd-journal
  36466 root      20   0  222516   2968   2828 S   0.0   0.2   0:00.30 memInf.sh
---------------------------------------------
MiB Mem :   1817.3 total,     62.9 free,   1712.8 used,     41.6 buff/cache
MiB Swap:    820.0 total,      0.0 free,    820.0 used.      7.0 avail Mem 
current:
top:
   1589 root      20   0  903284   5312   2208 S   0.0   0.3   1:07.59 cockpit-bridge
  38348 root      20   0  275048   4512   3940 R   0.0   0.2   0:00.01 top
    647 root      20   0  100960   3588   3312 S   0.0   0.2   0:00.96 systemd-journal
   1612 root      20   0  288616   2000   1484 S   0.0   0.1   0:21.95 timedatex
    883 root      20   0  438912   1900   1528 S   0.0   0.1   0:01.98 sssd_nss
