
  45629 root      20   0  236640  17232   2960 R  99.9   0.9   0:00.54 mem.bash
  45629 root      20   0  255252  35712   2960 R  94.4   1.9   0:01.26 mem.bash
  45629 root      20   0  272412  53136   2960 R  94.4   2.9   0:01.92 mem.bash
  45629 root      20   0  290496  71088   2960 R  99.9   3.8   0:02.63 mem.bash
  45629 root      20   0  309108  89568   2960 R  99.9   4.8   0:03.34 mem.bash
  45629 root      20   0  328380 108840   2960 R  99.9   5.8   0:04.09 mem.bash
  45629 root      20   0  346992 127584   2960 R  99.9   6.9   0:04.81 mem.bash
  45629 root      20   0  365076 145536   2960 R  99.9   7.8   0:05.51 mem.bash
  45629 root      20   0  382368 162960   2960 R  99.9   8.8   0:06.19 mem.bash
  45629 root      20   0  400980 181440   2960 R  99.9   9.7   0:06.92 mem.bash
  45629 root      20   0  418272 198864   2960 R  99.9  10.7   0:07.60 mem.bash
  45629 root      20   0  436092 216552   2960 R  94.4  11.6   0:08.31 mem.bash
  45629 root      20   0  453648 234240   2960 R  93.8  12.6   0:09.00 mem.bash
  45629 root      20   0  471732 252192   2960 R  99.9  13.6   0:09.71 mem.bash
  45629 root      20   0  489948 270408   2960 R  94.1  14.5   0:10.41 mem.bash
  45629 root      20   0  509352 289944   2960 R  99.9  15.6   0:11.17 mem.bash
  45629 root      20   0  528096 308688   2960 R  99.9  16.6   0:11.89 mem.bash
  45629 root      20   0  546444 326904   2960 R  99.9  17.6   0:12.62 mem.bash
  45629 root      20   0  564000 344592   2960 R  99.9  18.5   0:13.32 mem.bash
  45629 root      20   0  581820 362280   2960 R  93.8  19.5   0:14.02 mem.bash
  45629 root      20   0  599376 379968   2960 R  99.9  20.4   0:14.71 mem.bash
  45629 root      20   0  616800 397392   2960 R  99.9  21.4   0:15.38 mem.bash
  45629 root      20   0  634488 415080   2960 R  95.0  22.3   0:16.07 mem.bash
  45629 root      20   0  651912 432504   2960 R  99.9  23.2   0:16.77 mem.bash
  45629 root      20   0  669732 450192   2960 R  99.9  24.2   0:17.45 mem.bash
  45629 root      20   0  687816 468408   2960 R  99.9  25.2   0:18.17 mem.bash
  45629 root      20   0  705768 486360   2960 R  99.9  26.1   0:18.86 mem.bash
  45629 root      20   0  723852 504312   2960 R  99.9  27.1   0:19.58 mem.bash
  45629 root      20   0  741936 522528   2960 R  94.1  28.1   0:20.27 mem.bash
  45629 root      20   0  759888 540480   2960 R  93.8  29.0   0:20.98 mem.bash
  45629 root      20   0  777444 557904   2960 R  99.9  30.0   0:21.66 mem.bash
  45629 root      20   0  794736 575328   2960 R  99.9  30.9   0:22.34 mem.bash
  45629 root      20   0  813216 593808   2960 R  99.9  31.9   0:23.07 mem.bash
  45629 root      20   0  830508 610968   2960 R  93.8  32.8   0:23.75 mem.bash
  45629 root      20   0  847932 628392   2960 R  99.9  33.8   0:24.45 mem.bash
  45629 root      20   0  864828 645552   2960 R  99.9  34.7   0:25.12 mem.bash
  45629 root      20   0  883044 663504   2960 R  99.9  35.7   0:25.84 mem.bash
  45629 root      20   0  901260 681984   2960 R  94.4  36.6   0:26.54 mem.bash
  45629 root      20   0  915516 696240   2960 R  94.4  37.4   0:27.26 mem.bash
  45629 root      20   0  934656 715248   2960 R  99.9  38.4   0:28.01 mem.bash
  45629 root      20   0  952344 732936   2960 R  99.9  39.4   0:28.69 mem.bash
  45629 root      20   0  970428 750888   2960 R  99.9  40.4   0:29.40 mem.bash
  45629 root      20   0  989040 769632   2960 R  99.9  41.4   0:30.11 mem.bash
  45629 root      20   0 1006728 787320   2960 R  99.9  42.3   0:30.79 mem.bash
  45629 root      20   0 1024416 805008   2960 R  99.9  43.3   0:31.47 mem.bash
  45629 root      20   0 1042632 823224   2960 R  99.9  44.2   0:32.18 mem.bash
  45629 root      20   0 1060848 841440   2960 R  99.9  45.2   0:32.88 mem.bash
  45629 root      20   0 1079064 859656   2960 R  99.9  46.2   0:33.60 mem.bash
  45629 root      20   0 1096488 877080   2960 R  99.9  47.1   0:34.27 mem.bash
  45629 root      20   0 1112460 892920   2960 R  99.9  48.0   0:34.99 mem.bash
  45629 root      20   0 1127508 907968   2960 R  99.9  48.8   0:35.68 mem.bash
  45629 root      20   0 1145724 926184   2960 R  99.9  49.8   0:36.38 mem.bash
  45629 root      20   0 1163808 944400   2960 R  99.9  50.7   0:37.07 mem.bash
  45629 root      20   0 1182024 962616   2960 R  99.9  51.7   0:37.78 mem.bash
  45629 root      20   0 1199976 980568   2960 R  99.9  52.7   0:38.49 mem.bash
  45629 root      20   0 1218456 999048   2960 R  99.9  53.7   0:39.20 mem.bash
  45629 root      20   0 1237464 994.2m   2960 R  94.4  54.7   0:39.93 mem.bash
  45629 root      20   0 1254492   1.0g   2960 R  99.9  55.6   0:40.59 mem.bash
  45629 root      20   0 1272444   1.0g   2960 R  99.9  56.6   0:41.29 mem.bash
  45629 root      20   0 1290660   1.0g   2960 R  99.9  57.6   0:42.00 mem.bash
  45629 root      20   0 1309668   1.0g   2960 R  99.9  58.6   0:42.73 mem.bash
  45629 root      20   0 1328148   1.1g   2960 R  99.9  59.6   0:43.43 mem.bash
  45629 root      20   0 1345308   1.1g   2960 R  94.4  60.5   0:44.14 mem.bash
  45629 root      20   0 1363656   1.1g   2960 R  99.9  61.5   0:44.85 mem.bash
  45629 root      20   0 1381476   1.1g   2960 R  99.9  62.4   0:45.53 mem.bash
  45629 root      20   0 1400088   1.1g   2960 R  99.9  63.4   0:46.26 mem.bash
  45629 root      20   0 1418304   1.1g   2960 R  99.9  64.4   0:46.96 mem.bash
  45629 root      20   0 1437576   1.2g   2960 R  99.9  65.5   0:47.70 mem.bash
  45629 root      20   0 1455792   1.2g   2960 R  94.4  66.4   0:48.41 mem.bash
  45629 root      20   0 1473744   1.2g   2960 R  99.9  67.4   0:49.11 mem.bash
  45629 root      20   0 1491696   1.2g   2960 R  99.9  68.4   0:49.79 mem.bash
  45629 root      20   0 1510308   1.2g   2960 R  99.9  69.4   0:50.52 mem.bash
  45629 root      20   0 1528524   1.2g   2960 R  93.8  70.3   0:51.22 mem.bash
  45629 root      20   0 1546740   1.3g   2960 R  94.4  71.3   0:51.93 mem.bash
  45629 root      20   0 1564428   1.3g   2960 R  99.9  72.3   0:52.63 mem.bash
  45629 root      20   0 1582776   1.3g   2960 R  99.9  73.3   0:53.34 mem.bash
  45629 root      20   0 1601388   1.3g   2960 R  99.9  74.3   0:54.05 mem.bash
  45629 root      20   0 1619208   1.3g   2960 R  99.9  75.2   0:54.75 mem.bash
  45629 root      20   0 1637820   1.4g   2960 R  95.0  76.2   0:55.46 mem.bash
  45629 root      20   0 1656960   1.4g   2960 R  94.4  77.2   0:56.20 mem.bash
  45629 root      20   0 1673988   1.4g   2960 R  93.8  78.2   0:56.87 mem.bash
  45629 root      20   0 1691544   1.4g   2960 R  99.9  79.1   0:57.55 mem.bash
  45629 root      20   0 1710024   1.4g   2960 R  94.4  80.1   0:58.27 mem.bash
  45629 root      20   0 1728768   1.4g   2960 R  99.9  81.1   0:59.01 mem.bash
  45629 root      20   0 1747380   1.5g   2960 R  99.9  82.1   0:59.73 mem.bash
  45629 root      20   0 1764804   1.5g   2960 R  99.9  83.0   1:00.40 mem.bash
  45629 root      20   0 1782624   1.5g   2960 R  99.9  84.0   1:01.09 mem.bash
  45629 root      20   0 1799916   1.5g   2960 R  99.9  84.9   1:01.75 mem.bash
  45629 root      20   0 1818000   1.5g   2960 R  99.9  85.9   1:02.46 mem.bash
  45629 root      20   0 1835688   1.5g   2960 R  99.9  86.9   1:03.15 mem.bash
  45629 root      20   0 1853640   1.6g   2960 R  93.8  87.8   1:03.84 mem.bash
  45629 root      20   0 1896672   1.6g   2896 R  94.4  88.3   1:06.14 mem.bash
  45629 root      20   0 1917660   1.6g   2896 R  99.9  88.3   1:06.95 mem.bash
  45629 root      20   0 1934028   1.6g   2896 R  99.9  88.0   1:07.61 mem.bash
  45629 root      20   0 1946568   1.6g   2896 R  94.4  87.5   1:08.29 mem.bash
  45629 root      20   0 1966104   1.6g   2896 R  99.9  87.5   1:09.06 mem.bash
  45629 root      20   0 1982208   1.5g   2896 R  93.8  87.3   1:09.78 mem.bash
  45629 root      20   0 1997124   1.6g   2896 R  94.4  88.1   1:10.47 mem.bash
  45629 root      20   0 2014152   1.6g   2896 R  99.9  87.9   1:11.19 mem.bash
  45629 root      20   0 2030124   1.6g   2896 R  99.9  87.9   1:11.83 mem.bash
  45629 root      20   0 2045172   1.6g   2896 R  99.9  87.6   1:12.60 mem.bash
  45629 root      20   0 2066160   1.6g   2896 R  99.9  87.8   1:13.43 mem.bash
  45629 root      20   0 2083320   1.6g   2896 R  99.9  87.7   1:14.11 mem.bash
  45629 root      20   0 2098236   1.6g   2896 R  87.5  87.7   1:14.76 mem.bash
  45629 root      20   0 2116452   1.6g   2896 R  99.9  87.9   1:15.55 mem.bash
  45629 root      20   0 2134668   1.6g   2896 R  99.9  88.5   1:16.25 mem.bash
  45629 root      20   0 2148792   1.6g   2896 R  93.8  87.7   1:17.05 mem.bash
  45629 root      20   0 2166216   1.6g   2892 R  77.8  88.0   1:17.74 mem.bash
  45629 root      20   0 2181924   1.6g   2892 R  93.8  88.5   1:18.43 mem.bash
  45629 root      20   0 2197632   1.6g   2892 R  99.9  88.2   1:19.04 mem.bash
  45629 root      20   0 2215188   1.6g   2884 R  94.4  88.2   1:19.72 mem.bash
  45629 root      20   0 2226540   1.6g   2868 R  95.0  87.8   1:20.41 mem.bash
  45629 root      20   0 2243172   1.6g   2860 R  87.5  87.8   1:21.07 mem.bash
  45629 root      20   0 2257296   1.6g   2848 R  64.7  87.6   1:21.72 mem.bash
  45629 root      20   0 2271684   1.6g   2848 R  99.9  88.3   1:22.45 mem.bash
  45629 root      20   0 2288844   1.6g   2840 R  99.9  88.2   1:23.12 mem.bash
  45629 root      20   0 2306400   1.6g   2832 R  99.9  88.1   1:23.79 mem.bash
  45629 root      20   0 2320260   1.6g   2824 R  99.9  87.8   1:24.54 mem.bash
  45629 root      20   0 2332272   1.6g   2816 R  99.9  87.6   1:25.17 mem.bash
  45629 root      20   0 2348772   1.6g   2816 R  99.9  88.5   1:25.85 mem.bash
  45629 root      20   0 2364612   1.6g   2808 R  99.9  88.3   1:26.62 mem.bash
  45629 root      20   0 2378604   1.6g   2804 R  99.9  88.0   1:27.38 mem.bash
  45629 root      20   0 2391540   1.6g   2800 R  99.9  87.7   1:28.09 mem.bash
  45629 root      20   0 2408964   1.6g   2796 R  88.9  87.7   1:28.78 mem.bash
  45629 root      20   0 2427576   1.6g   2788 R  88.2  87.6   1:29.49 mem.bash
  45629 root      20   0 2443812   1.6g   2788 R  94.4  88.1   1:30.36 mem.bash
  45629 root      20   0 2458200   1.6g   2784 R  99.9  88.4   1:31.04 mem.bash
  45629 root      20   0 2471400   1.6g   2780 R  99.9  88.0   1:31.68 mem.bash
  45629 root      20   0 2487372   1.6g   2776 R  99.9  87.9   1:32.38 mem.bash
  45629 root      20   0 2504928   1.6g   2772 R  99.9  87.9   1:33.06 mem.bash
  45629 root      20   0 2519580   1.6g   2768 R  77.8  87.7   1:33.74 mem.bash
  45629 root      20   0 2535816   1.6g   2768 R  99.9  88.5   1:34.48 mem.bash
  45629 root      20   0 2554824   1.6g   2656 R  88.2  88.1   1:35.21 mem.bash
