
   3783 root      20   0  234132  14792   2892 R  50.0   0.8   0:00.44 mem2.bash
   3783 root      20   0  246540  27200   2892 R  52.9   1.5   0:00.91 mem2.bash
   3783 root      20   0  259872  40400   2892 R  50.0   2.2   0:01.41 mem2.bash
   3783 root      20   0  272940  53600   2892 R  37.5   2.9   0:01.89 mem2.bash
   3783 root      20   0  286140  66536   2892 R  56.2   3.6   0:02.39 mem2.bash
   3783 root      20   0  299208  79736   2892 R  43.8   4.3   0:02.88 mem2.bash
   3783 root      20   0  311616  92144   2892 R  46.7   5.0   0:03.39 mem2.bash
   3783 root      20   0  324420 104816   2892 R  46.7   5.6   0:03.88 mem2.bash
   3783 root      20   0  337092 117752   2892 R  46.7   6.3   0:04.36 mem2.bash
   3783 root      20   0  350292 130688   2892 R  56.2   7.0   0:04.87 mem2.bash
   3783 root      20   0  362832 143360   2892 R  55.6   7.7   0:05.34 mem2.bash
   3783 root      20   0  376032 156560   2892 R  56.2   8.4   0:05.83 mem2.bash
   3783 root      20   0  388704 169232   2892 R  47.1   9.1   0:06.30 mem2.bash
   3783 root      20   0  401904 182432   2892 R  52.9   9.8   0:06.80 mem2.bash
   3783 root      20   0  413256 193784   2892 R  53.3  10.4   0:07.26 mem2.bash
   3783 root      20   0  425532 206192   2892 R  53.3  11.1   0:07.75 mem2.bash
   3783 root      20   0  437940 218336   2892 R  40.0  11.7   0:08.21 mem2.bash
   3783 root      20   0  450744 231272   2892 R  53.3  12.4   0:08.70 mem2.bash
   3783 root      20   0  463812 244208   2892 R  50.0  13.1   0:09.19 mem2.bash
   3783 root      20   0  477276 257672   2892 R  46.7  13.8   0:09.70 mem2.bash
   3783 root      20   0  490608 271136   2892 R  50.0  14.6   0:10.20 mem2.bash
   3783 root      20   0  503148 283544   2892 R  52.9  15.2   0:10.68 mem2.bash
   3783 root      20   0  515688 296216   2892 R  52.9  15.9   0:11.16 mem2.bash
   3783 root      20   0  529284 309680   2892 R  46.7  16.6   0:11.66 mem2.bash
   3783 root      20   0  541428 321824   2892 R  46.7  17.3   0:12.13 mem2.bash
   3783 root      20   0  554100 334760   2892 R  50.0  18.0   0:12.62 mem2.bash
   3783 root      20   0  567300 347696   2892 R  53.3  18.7   0:13.11 mem2.bash
   3783 root      20   0  580104 360632   2892 R  53.3  19.4   0:13.59 mem2.bash
   3783 root      20   0  593436 373832   2892 R  53.3  20.1   0:14.09 mem2.bash
   3783 root      20   0  605712 386240   2892 R  47.1  20.8   0:14.56 mem2.bash
   3783 root      20   0  618912 399440   2892 R  50.0  21.5   0:15.06 mem2.bash
   3783 root      20   0  632376 412904   2892 R  52.9  22.2   0:15.57 mem2.bash
   3783 root      20   0  645312 425840   2892 R  43.8  22.9   0:16.05 mem2.bash
   3783 root      20   0  659304 439832   2892 R  52.9  23.6   0:16.58 mem2.bash
   3783 root      20   0  671712 452240   2892 R  53.3  24.3   0:17.07 mem2.bash
   3783 root      20   0  684252 464648   2892 R  41.2  25.0   0:17.54 mem2.bash
   3783 root      20   0  696792 477320   2892 R  47.1  25.6   0:18.02 mem2.bash
   3783 root      20   0  709068 489464   2892 R  41.2  26.3   0:18.50 mem2.bash
   3783 root      20   0  722136 502664   2892 R  50.0  27.0   0:18.99 mem2.bash
   3783 root      20   0  734544 515072   2892 R  50.0  27.7   0:19.47 mem2.bash
   3783 root      20   0  747612 528272   2892 R  44.4  28.4   0:19.96 mem2.bash
   3783 root      20   0  760020 540416   2892 R  53.3  29.0   0:20.43 mem2.bash
   3783 root      20   0  772032 552560   2892 R  50.0  29.7   0:20.89 mem2.bash
   3783 root      20   0  784308 564704   2892 R  50.0  30.3   0:21.37 mem2.bash
   3783 root      20   0  798960 579460   2864 R  47.1  31.1   0:21.92 mem2.bash
   3783 root      20   0  812424 592924   2864 R  43.8  31.9   0:22.41 mem2.bash
   3783 root      20   0  825756 606388   2864 R  46.7  32.6   0:22.91 mem2.bash
   3783 root      20   0  838824 619324   2864 R  50.0  33.3   0:23.40 mem2.bash
   3783 root      20   0  851496 631996   2864 R  37.5  34.0   0:23.88 mem2.bash
   3783 root      20   0  865488 645988   2864 R  46.7  34.7   0:24.41 mem2.bash
   3783 root      20   0  879348 659980   2864 R  52.9  35.5   0:24.94 mem2.bash
   3783 root      20   0  892548 672916   2864 R  53.3  36.2   0:25.42 mem2.bash
   3783 root      20   0  905748 686116   2864 R  43.8  36.9   0:25.92 mem2.bash
   3783 root      20   0  919080 699580   2864 R  43.8  37.6   0:26.43 mem2.bash
   3783 root      20   0  931092 711724   2864 R  46.7  38.2   0:26.89 mem2.bash
   3783 root      20   0  943632 724132   2864 R  40.0  38.9   0:27.35 mem2.bash
   3783 root      20   0  957756 738120   2860 R  47.1  39.7   0:27.90 mem2.bash
   3783 root      20   0  970956 751316   2856 R  56.2  40.4   0:28.40 mem2.bash
   3783 root      20   0  994056 753508   2732 R  50.0  40.5   0:29.33 mem2.bash
   3783 root      20   0 1006992 759348   2732 R  50.0  40.8   0:29.82 mem2.bash
   3783 root      20   0 1019268 763596   2732 R  47.4  41.0   0:30.31 mem2.bash
   3783 root      20   0 1030356 762640   2732 R  46.7  41.0   0:30.78 mem2.bash
   3783 root      20   0 1042236 765416   2732 R  43.8  41.1   0:31.29 mem2.bash
   3783 root      20   0 1052532 767608   2732 R  50.0  41.2   0:31.78 mem2.bash
   3783 root      20   0 1064544 763892   2732 R  43.8  41.0   0:32.25 mem2.bash
   3783 root      20   0 1074180 766748   2732 R  44.4  41.2   0:32.75 mem2.bash
   3783 root      20   0 1085400 769128   2732 R  47.1  41.3   0:33.23 mem2.bash
   3783 root      20   0 1096092 769724   2732 R  53.3  41.4   0:33.71 mem2.bash
   3783 root      20   0 1107048 768800   2732 R  42.1  41.3   0:34.21 mem2.bash
   3783 root      20   0 1117344 771896   2732 R  50.0  41.5   0:34.71 mem2.bash
   3783 root      20   0 1129620 773760   2732 R  43.8  41.6   0:35.18 mem2.bash
   3783 root      20   0 1144140 774356   2732 R  53.3  41.6   0:35.73 mem2.bash
   3783 root      20   0 1156944 775020   2732 R  50.0  41.6   0:36.21 mem2.bash
   3783 root      20   0 1167504 774272   2732 R  53.3  41.6   0:36.70 mem2.bash
   3783 root      20   0 1180044 777024   2732 R  56.2  41.8   0:37.17 mem2.bash
   3783 root      20   0 1194168 769620   2732 R  43.8  41.4   0:37.71 mem2.bash
   3783 root      20   0 1207104 782484   2732 R  50.0  42.0   0:38.19 mem2.bash
   3783 root      20   0 1218984 776960   2732 R  50.0  41.8   0:38.67 mem2.bash
   3783 root      20   0 1227960 775816   2732 R  41.2  41.7   0:39.17 mem2.bash
   3783 root      20   0 1237728 782756   2732 R  53.3  42.1   0:39.68 mem2.bash
   3783 root      20   0 1250796 786828   2732 R  47.1  42.3   0:40.17 mem2.bash
   3783 root      20   0 1265580 785532   2732 R  60.0  42.2   0:40.72 mem2.bash
   3783 root      20   0 1280232 781864   2732 R  43.8  42.0   0:41.28 mem2.bash
   3783 root      20   0 1293432 789140   2732 R  53.3  42.4   0:41.78 mem2.bash
   3783 root      20   0 1302540 789728   2732 R  56.2  42.4   0:42.28 mem2.bash
   3783 root      20   0 1314420 783276   2732 R  43.8  42.1   0:42.86 mem2.bash
   3783 root      20   0 1327224 788744   2732 R  52.9  42.4   0:43.34 mem2.bash
   3783 root      20   0 1337520 777180   2732 R  35.3  41.8   0:43.81 mem2.bash
   3783 root      20   0 1352700 784032   2732 R  38.9  42.1   0:44.54 mem2.bash
   3783 root      20   0 1365372 787464   2732 R  53.3  42.3   0:45.07 mem2.bash
   3783 root      20   0 1379628 793156   2732 R  56.2  42.6   0:45.60 mem2.bash
   3783 root      20   0 1391772 794232    828 R  46.2  42.7   0:46.11 mem2.bash
   3783 root      20   0 1456188 853876   1412 R  99.9  45.9   0:50.73 mem2.bash
   3783 root      20   0 1479552 877612   1668 R  99.9  47.2   0:51.62 mem2.bash
   3783 root      20   0 1503708 901636   1668 R  99.9  48.5   0:52.52 mem2.bash
   3783 root      20   0 1526940 924868   1668 R  99.9  49.7   0:53.39 mem2.bash
   3783 root      20   0 1549644 947572   1668 R  94.4  50.9   0:54.26 mem2.bash
   3783 root      20   0 1572744 970804   1668 R  99.9  52.2   0:55.11 mem2.bash
   3783 root      20   0 1595184 992980   1668 R  99.9  53.4   0:55.95 mem2.bash
   3783 root      20   0 1618548 992.7m   1668 R  93.8  54.6   0:56.82 mem2.bash
   3783 root      20   0 1641780   1.0g   1668 R  99.9  55.9   0:57.68 mem2.bash
   3783 root      20   0 1665408   1.0g   1668 R  99.9  57.1   0:58.56 mem2.bash
   3783 root      20   0 1687980   1.0g   1668 R  99.9  58.4   0:59.41 mem2.bash
   3783 root      20   0 1712004   1.1g   1668 R  94.1  59.6   1:00.29 mem2.bash
   3783 root      20   0 1735764   1.1g   1668 R  99.9  60.9   1:01.17 mem2.bash
   3783 root      20   0 1757676   1.1g   1668 R  99.9  62.1   1:02.00 mem2.bash
   3783 root      20   0 1780908   1.1g   1668 R  99.9  63.3   1:02.88 mem2.bash
   3783 root      20   0 1804008   1.1g   1668 R  99.9  64.6   1:03.74 mem2.bash
   3783 root      20   0 1827372   1.2g   1668 R  99.9  65.8   1:04.62 mem2.bash
   3783 root      20   0 1850076   1.2g   1668 R  99.9  67.1   1:05.47 mem2.bash
   3783 root      20   0 1872516   1.2g   1668 R  99.9  68.3   1:06.32 mem2.bash
   3783 root      20   0 1895880   1.2g   1668 R  93.8  69.5   1:07.17 mem2.bash
   3783 root      20   0 1918848   1.3g   1668 R  93.8  70.8   1:08.04 mem2.bash
   3783 root      20   0 1941948   1.3g   1668 R  99.9  72.0   1:08.92 mem2.bash
   3783 root      20   0 1966236   1.3g   1668 R  94.4  73.3   1:09.81 mem2.bash
   3783 root      20   0 1989732   1.3g   1668 R  99.9  74.6   1:10.70 mem2.bash
   3783 root      20   0 2012568   1.3g   1668 R  99.9  75.8   1:11.55 mem2.bash
   3783 root      20   0 2036856   1.4g   1668 R  99.9  77.1   1:12.46 mem2.bash
   3783 root      20   0 2059956   1.4g   1668 R  99.9  78.3   1:13.33 mem2.bash
   3783 root      20   0 2083848   1.4g   1668 R  99.9  79.6   1:14.22 mem2.bash
   3783 root      20   0 2107608   1.4g   1668 R  99.9  80.9   1:15.10 mem2.bash
   3783 root      20   0 2132160   1.5g   1668 R  94.1  82.2   1:16.02 mem2.bash
   3783 root      20   0 2155524   1.5g   1668 R  93.8  83.5   1:16.90 mem2.bash
   3783 root      20   0 2177832   1.5g   1668 R  99.9  83.8   1:17.74 mem2.bash
   3783 root      20   0 2194992   1.5g   1668 R  66.7  83.6   1:18.51 mem2.bash
   3783 root      20   0 2212416   1.5g   1668 R  85.0  83.8   1:19.39 mem2.bash
   3783 root      20   0 2236176   1.5g   1668 R  94.4  84.4   1:20.29 mem2.bash
   3783 root      20   0 2255448   1.5g   1668 R  99.9  84.5   1:21.22 mem2.bash
   3783 root      20   0 2275512   1.5g   1668 R  99.9  84.4   1:22.07 mem2.bash
   3783 root      20   0 2294256   1.5g   1668 R  99.9  84.4   1:22.94 mem2.bash
   3783 root      20   0 2311944   1.5g   1668 R  99.9  84.1   1:23.82 mem2.bash
   3783 root      20   0 2329632   1.5g   1668 R  99.9  83.8   1:24.66 mem2.bash
   3783 root      20   0 2352996   1.5g   1668 R  81.2  84.3   1:25.54 mem2.bash
   3783 root      20   0 2374776   1.5g   1668 R  99.9  84.9   1:26.43 mem2.bash
   3783 root      20   0 2391144   1.5g   1668 R  93.8  84.9   1:27.24 mem2.bash
   3783 root      20   0 2411076   1.5g   1668 R  99.9  84.8   1:28.07 mem2.bash
   3783 root      20   0 2432328   1.5g   1668 R  55.6  84.6   1:29.12 mem2.bash
   3783 root      20   0 2450676   1.5g   1668 R  88.2  84.7   1:29.99 mem2.bash
   3783 root      20   0 2471004   1.5g   1668 R  75.0  84.5   1:30.98 mem2.bash
   3783 root      20   0 2495028   1.5g   1668 R  99.9  85.4   1:32.17 mem2.bash
   3783 root      20   0 2521296   1.5g   1668 R  93.8  85.8   1:33.25 mem2.bash
   3783 root      20   0 2543736   1.5g   1668 R  87.5  85.6   1:34.25 mem2.bash
