
  24754 root      20   0  231492  11836   2836 R  47.1   0.6   0:00.34 mem.bash
  24754 root      20   0  243900  24244   2836 R  44.4   1.3   0:00.82 mem.bash
  24754 root      20   0  256572  36916   2836 R  50.0   2.0   0:01.32 mem.bash
  24754 root      20   0  269244  49588   2836 R  52.9   2.7   0:01.81 mem.bash
  24754 root      20   0  281784  62260   2836 R  52.6   3.3   0:02.30 mem.bash
  24754 root      20   0  293796  74140   2836 R  58.8   4.0   0:02.77 mem.bash
  24754 root      20   0  305808  86284   2836 R  50.0   4.6   0:03.24 mem.bash
  24754 root      20   0  318480  98956   2836 R  47.4   5.3   0:03.73 mem.bash
  24754 root      20   0  331020 111364   2836 R  44.4   6.0   0:04.23 mem.bash
  24754 root      20   0  343824 124300   2836 R  52.9   6.7   0:04.72 mem.bash
  24754 root      20   0  356760 137236   2836 R  62.5   7.4   0:05.22 mem.bash
  24754 root      20   0  368376 148852   2836 R  47.1   8.0   0:05.68 mem.bash
  24754 root      20   0  380916 161260   2836 R  52.9   8.7   0:06.17 mem.bash
  24754 root      20   0  392532 172876   2836 R  47.1   9.3   0:06.62 mem.bash
  24754 root      20   0  404940 185284   2836 R  44.4  10.0   0:07.10 mem.bash
  24754 root      20   0  417744 198220   2836 R  44.4  10.7   0:07.60 mem.bash
  24754 root      20   0  430152 210628   2836 R  47.1  11.3   0:08.07 mem.bash
  24754 root      20   0  442164 222508   2836 R  43.8  12.0   0:08.55 mem.bash
  24754 root      20   0  454440 234916   2836 R  41.2  12.6   0:09.03 mem.bash
  24754 root      20   0  463152 243628   2836 R  50.0  13.1   0:09.53 mem.bash
  24754 root      20   0  472656 253132   2836 R  46.7  13.6   0:09.99 mem.bash
  24754 root      20   0  485196 265804   2836 R  55.6  14.3   0:10.49 mem.bash
  24754 root      20   0  497604 277948   2836 R  47.1  14.9   0:10.96 mem.bash
  24754 root      20   0  509880 290356   2836 R  47.1  15.6   0:11.45 mem.bash
  24754 root      20   0  522288 302764   2836 R  47.4  16.3   0:11.94 mem.bash
  24754 root      20   0  534960 315436   2836 R  47.4  17.0   0:12.43 mem.bash
  24754 root      20   0  547632 328108   2836 R  61.1  17.6   0:12.93 mem.bash
  24754 root      20   0  559644 339988   2836 R  45.0  18.3   0:13.39 mem.bash
  24754 root      20   0  572448 352924   2836 R  50.0  19.0   0:13.88 mem.bash
  24754 root      20   0  584988 365332   2836 R  55.6  19.6   0:14.38 mem.bash
  24754 root      20   0  597792 378268   2836 R  50.0  20.3   0:14.87 mem.bash
  24754 root      20   0  610728 391204   2836 R  42.1  21.0   0:15.36 mem.bash
  24754 root      20   0  623664 404140   2836 R  55.6  21.7   0:15.87 mem.bash
  24754 root      20   0  636336 416812   2836 R  45.0  22.4   0:16.37 mem.bash
  24754 root      20   0  649272 429748   2836 R  45.0  23.1   0:16.87 mem.bash
  24754 root      20   0  662076 442420   2836 R  55.6  23.8   0:17.38 mem.bash
  24754 root      20   0  674484 454828   2836 R  43.8  24.4   0:17.85 mem.bash
  24754 root      20   0  687024 467500   2836 R  44.4  25.1   0:18.34 mem.bash
  24754 root      20   0  699300 479644   2836 R  52.9  25.8   0:18.82 mem.bash
  24754 root      20   0  711840 492316   2836 R  50.0  26.5   0:19.30 mem.bash
  24754 root      20   0  724644 504988   2836 R  47.1  27.1   0:19.79 mem.bash
  24754 root      20   0  736920 517396   2836 R  58.8  27.8   0:20.28 mem.bash
  24754 root      20   0  748800 529276   2836 R  50.0  28.4   0:20.74 mem.bash
  24754 root      20   0  761472 541948   2836 R  47.1  29.1   0:21.22 mem.bash
  24754 root      20   0  773748 554092   2836 R  50.0  29.8   0:21.70 mem.bash
  24754 root      20   0  786420 566764   2836 R  50.0  30.5   0:22.20 mem.bash
  24754 root      20   0  798696 579172   2836 R  47.1  31.1   0:22.67 mem.bash
  24754 root      20   0  810972 591316   2836 R  50.0  31.8   0:23.14 mem.bash
  24754 root      20   0  823644 603988   2836 R  52.6  32.5   0:23.63 mem.bash
  24754 root      20   0  835920 616396   2836 R  47.1  33.1   0:24.11 mem.bash
  24754 root      20   0  847272 627748   2836 R  47.1  33.7   0:24.57 mem.bash
  24754 root      20   0  859680 640156   2836 R  58.8  34.4   0:25.06 mem.bash
  24754 root      20   0  871692 652036   2836 R  47.1  35.0   0:25.52 mem.bash
  24754 root      20   0  883704 664180   2836 R  50.0  35.7   0:26.00 mem.bash
  24754 root      20   0  895584 676060   2836 R  50.0  36.3   0:26.46 mem.bash
  24754 root      20   0  908124 688468   2836 R  50.0  37.0   0:26.95 mem.bash
  24754 root      20   0  919872 700348   2836 R  47.1  37.6   0:27.42 mem.bash
  24754 root      20   0  932412 712756   2836 R  41.2  38.3   0:27.90 mem.bash
  24754 root      20   0  944820 725164   2836 R  47.4  39.0   0:28.38 mem.bash
  24754 root      20   0  956964 737572   2836 R  47.1  39.6   0:28.86 mem.bash
  24754 root      20   0  969504 749980   2836 R  41.2  40.3   0:29.36 mem.bash
  24754 root      20   0  981648 762124   2836 R  50.0  41.0   0:29.86 mem.bash
  24754 root      20   0  994188 774532   2836 R  41.2  41.6   0:30.34 mem.bash
  24754 root      20   0 1006728 787204   2836 R  50.0  42.3   0:30.83 mem.bash
  24754 root      20   0 1023756 802848   2640 R  52.9  43.1   0:31.61 mem.bash
  24754 root      20   0 1033656 812880   2640 R  43.8  43.7   0:32.09 mem.bash
  24754 root      20   0 1043292 805836   2640 R  41.2  43.3   0:32.55 mem.bash
  24754 root      20   0 1055568 809500   2640 R  43.8  43.5   0:33.04 mem.bash
  24754 root      20   0 1067448 814564   2640 R  47.1  43.8   0:33.50 mem.bash
  24754 root      20   0 1079592 811620   2640 R  41.2  43.6   0:33.97 mem.bash
  24754 root      20   0 1090548 804420   2640 R  45.5  43.2   0:34.47 mem.bash
  24754 root      20   0 1101636 814572   2640 R  47.4  43.8   0:34.96 mem.bash
  24754 root      20   0 1111800 815036   2640 R  53.3  43.8   0:35.43 mem.bash
  24754 root      20   0 1124868 810792   2640 R  50.0  43.6   0:35.94 mem.bash
  24754 root      20   0 1136880 815748   2640 R  41.2  43.8   0:36.40 mem.bash
  24754 root      20   0 1146912 818976   2640 R  52.6  44.0   0:36.90 mem.bash
  24754 root      20   0 1156680 821440   2640 R  55.6  44.1   0:37.39 mem.bash
  24754 root      20   0 1165788 817196   2640 R  58.8  43.9   0:37.85 mem.bash
  24754 root      20   0 1177404 814644   2640 R  50.0  43.8   0:38.33 mem.bash
  24754 root      20   0 1190340 816672   2640 R  44.4  43.9   0:38.90 mem.bash
  24754 root      20   0 1200372 817948   2640 R  43.8  44.0   0:39.40 mem.bash
  24754 root      20   0 1213044 818436   2640 R  47.4  44.0   0:39.90 mem.bash
  24754 root      20   0 1222680 809924   2640 R  41.2  43.5   0:40.38 mem.bash
  24754 root      20   0 1232976 815696   2640 R  50.0  43.8   0:40.90 mem.bash
  24754 root      20   0 1240368 812312   2616 R  52.6  43.7   0:41.39 mem.bash
  24754 root      20   0 1251984 813040   2616 R  47.1  43.7   0:41.86 mem.bash
  24754 root      20   0 1262016 811640   2616 R  29.4  43.6   0:42.32 mem.bash
  24754 root      20   0 1274292 813392   2616 R  46.7  43.7   0:42.83 mem.bash
  24754 root      20   0 1284192 813344   2616 R  35.3  43.7   0:43.28 mem.bash
  24754 root      20   0 1295016 812072   2616 R  37.5  43.6   0:43.74 mem.bash
  24754 root      20   0 1307424 820612   2616 R  52.9  44.1   0:44.26 mem.bash
  24754 root      20   0 1316664 819516   2616 R  50.0  44.0   0:44.74 mem.bash
  24754 root      20   0 1324848 817692   2616 R  62.5  43.9   0:45.19 mem.bash
  24754 root      20   0 1337388 811612   2616 R  46.7  43.6   0:45.68 mem.bash
  24754 root      20   0 1349268 817600   2616 R  41.2  43.9   0:46.15 mem.bash
  24754 root      20   0 1362072 818540   2532 R  52.6  44.0   0:46.65 mem.bash
  24754 root      20   0 1395600 843876   1536 R  99.9  45.3   0:52.53 mem.bash
  24754 root      20   0 1412496 860772   1536 R  99.9  46.3   0:53.29 mem.bash
  24754 root      20   0 1434012 882420   1536 R  99.9  47.4   0:54.15 mem.bash
  24754 root      20   0 1456716 905124   1536 R  99.9  48.6   0:55.02 mem.bash
  24754 root      20   0 1478232 926508   1536 R  99.9  49.8   0:55.85 mem.bash
  24754 root      20   0 1500408 948684   1536 R  99.9  51.0   0:56.72 mem.bash
  24754 root      20   0 1521792 970332   1536 R  99.9  52.1   0:57.54 mem.bash
  24754 root      20   0 1543176 991452   1536 R  99.9  53.3   0:58.37 mem.bash
  24754 root      20   0 1565748 990.4m   1536 R  99.9  54.5   0:59.24 mem.bash
  24754 root      20   0 1588584   1.0g   1536 R  99.9  55.7   1:00.14 mem.bash
  24754 root      20   0 1610232   1.0g   1536 R  99.9  56.9   1:00.99 mem.bash
  24754 root      20   0 1632672   1.0g   1536 R  99.9  58.1   1:01.85 mem.bash
  24754 root      20   0 1655376   1.1g   1536 R  99.9  59.3   1:02.74 mem.bash
  24754 root      20   0 1678212   1.1g   1536 R  94.1  60.5   1:03.62 mem.bash
  24754 root      20   0 1699596   1.1g   1536 R  99.9  61.7   1:04.45 mem.bash
  24754 root      20   0 1720584   1.1g   1536 R  99.9  62.8   1:05.28 mem.bash
  24754 root      20   0 1742364   1.1g   1536 R  99.9  64.0   1:06.13 mem.bash
  24754 root      20   0 1765464   1.2g   1536 R  99.9  65.2   1:07.02 mem.bash
  24754 root      20   0 1787904   1.2g   1536 R  93.8  66.4   1:07.89 mem.bash
  24754 root      20   0 1810872   1.2g   1536 R  99.9  67.7   1:08.78 mem.bash
  24754 root      20   0 1834104   1.2g   1536 R  99.9  68.9   1:09.68 mem.bash
  24754 root      20   0 1856940   1.2g   1536 R  99.9  70.1   1:10.56 mem.bash
  24754 root      20   0 1878852   1.3g   1536 R  99.9  71.3   1:11.43 mem.bash
  24754 root      20   0 1901820   1.3g   1536 R  94.1  72.6   1:12.31 mem.bash
  24754 root      20   0 1923600   1.3g   1536 R  93.8  73.7   1:13.16 mem.bash
  24754 root      20   0 1946040   1.3g   1536 R  99.9  74.9   1:14.04 mem.bash
  24754 root      20   0 1968348   1.4g   1536 R  94.4  76.1   1:14.90 mem.bash
  24754 root      20   0 1991184   1.4g   1536 R  99.9  77.4   1:15.79 mem.bash
  24754 root      20   0 2013492   1.4g   1536 R  99.9  78.6   1:16.65 mem.bash
  24754 root      20   0 2036724   1.4g   1536 R  99.9  79.8   1:17.56 mem.bash
  24754 root      20   0 2059296   1.4g   1536 R  99.9  81.0   1:18.42 mem.bash
  24754 root      20   0 2082660   1.5g   1536 R  99.9  82.3   1:19.31 mem.bash
  24754 root      20   0 2104836   1.5g   1536 R  99.9  83.5   1:20.18 mem.bash
  24754 root      20   0 2127936   1.5g   1536 R  99.9  84.7   1:21.08 mem.bash
  24754 root      20   0 2150112   1.5g   1536 R  88.9  84.8   1:21.93 mem.bash
  24754 root      20   0 2168196   1.5g   1536 R  81.2  84.8   1:22.70 mem.bash
  24754 root      20   0 2183640   1.5g   1536 R  82.4  84.7   1:23.53 mem.bash
  24754 root      20   0 2206344   1.5g   1536 R  99.9  85.0   1:24.47 mem.bash
  24754 root      20   0 2223108   1.5g   1536 R  99.9  84.8   1:25.32 mem.bash
  24754 root      20   0 2240268   1.5g   1536 R  99.9  85.0   1:26.18 mem.bash
  24754 root      20   0 2261916   1.5g   1536 R  93.8  85.0   1:27.03 mem.bash
  24754 root      20   0 2277888   1.5g   1536 R  94.7  85.0   1:27.85 mem.bash
  24754 root      20   0 2293728   1.5g   1536 R  99.9  85.2   1:28.69 mem.bash
  24754 root      20   0 2310624   1.5g   1536 R  99.9  85.2   1:29.53 mem.bash
  24754 root      20   0 2330820   1.5g   1536 R  99.9  84.8   1:30.36 mem.bash
  24754 root      20   0 2352864   1.5g   1536 R  94.1  84.8   1:31.21 mem.bash
  24754 root      20   0 2369100   1.5g   1536 R  99.9  84.9   1:32.08 mem.bash
  24754 root      20   0 2386128   1.5g   1536 R  94.1  84.4   1:32.90 mem.bash
  24754 root      20   0 2407116   1.5g   1536 R  87.5  85.0   1:33.75 mem.bash
  24754 root      20   0 2422692   1.5g   1536 R  75.0  84.5   1:34.64 mem.bash
  24754 root      20   0 2441040   1.5g   1536 R  99.9  85.5   1:35.51 mem.bash
  24754 root      20   0 2458596   1.5g   1536 R  99.9  85.7   1:36.41 mem.bash
  24754 root      20   0 2476152   1.5g   1536 R  87.5  85.1   1:37.25 mem.bash
  24754 root      20   0 2495688   1.5g   1536 R  93.3  85.4   1:38.10 mem.bash
  24754 root      20   0 2515752   1.5g   1536 R  88.2  85.4   1:38.98 mem.bash
  24754 root      20   0 2570400   1.6g   1244 R   9.4  88.4   1:48.24 mem.bash
