
MiB Swap:    820.0 total,    680.0 free,    139.9 used.   1602.9 avail Mem 
MiB Swap:    820.0 total,    680.0 free,    139.9 used.   1584.7 avail Mem 
MiB Swap:    820.0 total,    680.0 free,    139.9 used.   1567.8 avail Mem 
MiB Swap:    820.0 total,    680.0 free,    139.9 used.   1549.6 avail Mem 
MiB Swap:    820.0 total,    680.0 free,    139.9 used.   1531.8 avail Mem 
MiB Swap:    820.0 total,    680.0 free,    139.9 used.   1513.4 avail Mem 
MiB Swap:    820.0 total,    680.0 free,    139.9 used.   1495.6 avail Mem 
MiB Swap:    820.0 total,    680.0 free,    139.9 used.   1476.6 avail Mem 
MiB Swap:    820.0 total,    680.0 free,    139.9 used.   1460.2 avail Mem 
MiB Swap:    820.0 total,    680.0 free,    139.9 used.   1441.9 avail Mem 
MiB Swap:    820.0 total,    680.0 free,    139.9 used.   1424.8 avail Mem 
MiB Swap:    820.0 total,    680.0 free,    139.9 used.   1407.2 avail Mem 
MiB Swap:    820.0 total,    680.0 free,    139.9 used.   1390.0 avail Mem 
MiB Swap:    820.0 total,    680.0 free,    139.9 used.   1372.7 avail Mem 
MiB Swap:    820.0 total,    680.0 free,    139.9 used.   1354.7 avail Mem 
MiB Swap:    820.0 total,    680.0 free,    139.9 used.   1336.1 avail Mem 
MiB Swap:    820.0 total,    680.0 free,    139.9 used.   1317.3 avail Mem 
MiB Swap:    820.0 total,    680.0 free,    139.9 used.   1299.3 avail Mem 
MiB Swap:    820.0 total,    680.1 free,    139.9 used.   1282.3 avail Mem 
MiB Swap:    820.0 total,    680.1 free,    139.9 used.   1264.6 avail Mem 
MiB Swap:    820.0 total,    680.1 free,    139.9 used.   1247.2 avail Mem 
MiB Swap:    820.0 total,    680.1 free,    139.9 used.   1230.4 avail Mem 
MiB Swap:    820.0 total,    680.1 free,    139.9 used.   1213.9 avail Mem 
MiB Swap:    820.0 total,    680.1 free,    139.9 used.   1195.8 avail Mem 
MiB Swap:    820.0 total,    680.1 free,    139.9 used.   1178.6 avail Mem 
MiB Swap:    820.0 total,    680.1 free,    139.9 used.   1160.7 avail Mem 
MiB Swap:    820.0 total,    680.1 free,    139.9 used.   1143.3 avail Mem 
MiB Swap:    820.0 total,    680.1 free,    139.9 used.   1125.6 avail Mem 
MiB Swap:    820.0 total,    680.1 free,    139.9 used.   1108.2 avail Mem 
MiB Swap:    820.0 total,    680.1 free,    139.9 used.   1090.3 avail Mem 
MiB Swap:    820.0 total,    680.1 free,    139.9 used.   1073.4 avail Mem 
MiB Swap:    820.0 total,    680.1 free,    139.9 used.   1055.9 avail Mem 
MiB Swap:    820.0 total,    680.1 free,    139.9 used.   1039.2 avail Mem 
MiB Swap:    820.0 total,    680.1 free,    139.9 used.   1021.1 avail Mem 
MiB Swap:    820.0 total,    680.1 free,    139.9 used.   1004.7 avail Mem 
MiB Swap:    820.0 total,    680.1 free,    139.9 used.    987.5 avail Mem 
MiB Swap:    820.0 total,    680.1 free,    139.9 used.    970.8 avail Mem 
MiB Swap:    820.0 total,    680.1 free,    139.9 used.    952.6 avail Mem 
MiB Swap:    820.0 total,    680.1 free,    139.9 used.    936.6 avail Mem 
MiB Swap:    820.0 total,    680.1 free,    139.9 used.    919.7 avail Mem 
MiB Swap:    820.0 total,    680.1 free,    139.9 used.    902.4 avail Mem 
MiB Swap:    820.0 total,    680.1 free,    139.9 used.    884.3 avail Mem 
MiB Swap:    820.0 total,    680.1 free,    139.9 used.    866.2 avail Mem 
MiB Swap:    820.0 total,    680.1 free,    139.9 used.    848.8 avail Mem 
MiB Swap:    820.0 total,    680.1 free,    139.9 used.    831.4 avail Mem 
MiB Swap:    820.0 total,    680.1 free,    139.9 used.    814.5 avail Mem 
MiB Swap:    820.0 total,    680.1 free,    139.9 used.    796.3 avail Mem 
MiB Swap:    820.0 total,    680.1 free,    139.9 used.    778.5 avail Mem 
MiB Swap:    820.0 total,    680.1 free,    139.9 used.    760.9 avail Mem 
MiB Swap:    820.0 total,    680.1 free,    139.9 used.    743.7 avail Mem 
MiB Swap:    820.0 total,    680.1 free,    139.9 used.    728.8 avail Mem 
MiB Swap:    820.0 total,    680.1 free,    139.9 used.    712.9 avail Mem 
MiB Swap:    820.0 total,    680.1 free,    139.9 used.    695.1 avail Mem 
MiB Swap:    820.0 total,    680.1 free,    139.9 used.    678.3 avail Mem 
MiB Swap:    820.0 total,    680.1 free,    139.9 used.    659.6 avail Mem 
MiB Swap:    820.0 total,    680.1 free,    139.9 used.    641.8 avail Mem 
MiB Swap:    820.0 total,    680.1 free,    139.9 used.    623.5 avail Mem 
MiB Swap:    820.0 total,    680.1 free,    139.9 used.    606.2 avail Mem 
MiB Swap:    820.0 total,    680.1 free,    139.9 used.    589.1 avail Mem 
MiB Swap:    820.0 total,    680.1 free,    139.9 used.    571.1 avail Mem 
MiB Swap:    820.0 total,    680.1 free,    139.9 used.    552.6 avail Mem 
MiB Swap:    820.0 total,    680.1 free,    139.9 used.    535.3 avail Mem 
MiB Swap:    820.0 total,    680.1 free,    139.9 used.    517.8 avail Mem 
MiB Swap:    820.0 total,    680.1 free,    139.9 used.    499.9 avail Mem 
MiB Swap:    820.0 total,    680.1 free,    139.9 used.    482.0 avail Mem 
MiB Swap:    820.0 total,    680.1 free,    139.9 used.    464.4 avail Mem 
MiB Swap:    820.0 total,    680.1 free,    139.9 used.    446.5 avail Mem 
MiB Swap:    820.0 total,    680.1 free,    139.9 used.    428.2 avail Mem 
MiB Swap:    820.0 total,    680.1 free,    139.9 used.    409.7 avail Mem 
MiB Swap:    820.0 total,    680.1 free,    139.9 used.    392.4 avail Mem 
MiB Swap:    820.0 total,    680.1 free,    139.9 used.    374.6 avail Mem 
MiB Swap:    820.0 total,    680.1 free,    139.9 used.    356.3 avail Mem 
MiB Swap:    820.0 total,    680.1 free,    139.9 used.    338.5 avail Mem 
MiB Swap:    820.0 total,    680.1 free,    139.9 used.    320.9 avail Mem 
MiB Swap:    820.0 total,    680.1 free,    139.9 used.    303.5 avail Mem 
MiB Swap:    820.0 total,    680.1 free,    139.9 used.    286.0 avail Mem 
MiB Swap:    820.0 total,    680.1 free,    139.9 used.    266.8 avail Mem 
MiB Swap:    820.0 total,    680.1 free,    139.9 used.    250.1 avail Mem 
MiB Swap:    820.0 total,    680.1 free,    139.9 used.    232.2 avail Mem 
MiB Swap:    820.0 total,    680.1 free,    139.9 used.    213.0 avail Mem 
MiB Swap:    820.0 total,    680.1 free,    139.9 used.    195.9 avail Mem 
MiB Swap:    820.0 total,    680.1 free,    139.9 used.    178.9 avail Mem 
MiB Swap:    820.0 total,    680.1 free,    139.9 used.    161.1 avail Mem 
MiB Swap:    820.0 total,    680.1 free,    139.9 used.    142.5 avail Mem 
MiB Swap:    820.0 total,    680.1 free,    139.9 used.    124.6 avail Mem 
MiB Swap:    820.0 total,    680.1 free,    139.9 used.    107.3 avail Mem 
MiB Swap:    820.0 total,    680.1 free,    139.9 used.     89.5 avail Mem 
MiB Swap:    820.0 total,    680.1 free,    139.9 used.     72.6 avail Mem 
MiB Swap:    820.0 total,    680.1 free,    139.9 used.     55.1 avail Mem 
MiB Swap:    820.0 total,    680.1 free,    139.9 used.     38.0 avail Mem 
MiB Swap:    820.0 total,    680.1 free,    139.9 used.     19.9 avail Mem 
MiB Swap:    820.0 total,    646.2 free,    173.8 used.     19.9 avail Mem 
MiB Swap:    820.0 total,    624.7 free,    195.3 used.     21.5 avail Mem 
MiB Swap:    820.0 total,    603.1 free,    216.9 used.     23.2 avail Mem 
MiB Swap:    820.0 total,    583.1 free,    236.9 used.     29.3 avail Mem 
MiB Swap:    820.0 total,    564.1 free,    255.9 used.     32.2 avail Mem 
MiB Swap:    820.0 total,    553.8 free,    266.2 used.     18.7 avail Mem 
MiB Swap:    820.0 total,    543.6 free,    276.4 used.     18.6 avail Mem 
MiB Swap:    820.0 total,    524.6 free,    295.4 used.     20.9 avail Mem 
MiB Swap:    820.0 total,    507.3 free,    312.7 used.     24.8 avail Mem 
MiB Swap:    820.0 total,    488.2 free,    331.8 used.     28.7 avail Mem 
MiB Swap:    820.0 total,    480.0 free,    340.0 used.     17.1 avail Mem 
MiB Swap:    820.0 total,    456.3 free,    363.7 used.     20.7 avail Mem 
MiB Swap:    820.0 total,    451.8 free,    368.2 used.     14.0 avail Mem 
MiB Swap:    820.0 total,    433.1 free,    386.9 used.     15.6 avail Mem 
MiB Swap:    820.0 total,    416.4 free,    403.6 used.     18.2 avail Mem 
MiB Swap:    820.0 total,    390.9 free,    429.1 used.     20.6 avail Mem 
MiB Swap:    820.0 total,    388.5 free,    431.5 used.     13.2 avail Mem 
MiB Swap:    820.0 total,    370.1 free,    449.9 used.     16.8 avail Mem 
MiB Swap:    820.0 total,    349.3 free,    470.7 used.     17.7 avail Mem 
MiB Swap:    820.0 total,    332.6 free,    487.4 used.     21.6 avail Mem 
MiB Swap:    820.0 total,    313.9 free,    506.1 used.     27.7 avail Mem 
MiB Swap:    820.0 total,    313.9 free,    506.1 used.     11.0 avail Mem 
MiB Swap:    820.0 total,    298.7 free,    521.3 used.     11.3 avail Mem 
MiB Swap:    820.0 total,    280.0 free,    540.0 used.     19.0 avail Mem 
MiB Swap:    820.0 total,    260.8 free,    559.2 used.     19.4 avail Mem 
MiB Swap:    820.0 total,    241.9 free,    578.1 used.     20.0 avail Mem 
MiB Swap:    820.0 total,    223.1 free,    596.9 used.     23.7 avail Mem 
MiB Swap:    820.0 total,    207.1 free,    612.9 used.     30.4 avail Mem 
MiB Swap:    820.0 total,    207.1 free,    612.9 used.     16.2 avail Mem 
MiB Swap:    820.0 total,    187.7 free,    632.3 used.     18.3 avail Mem 
MiB Swap:    820.0 total,    169.2 free,    650.8 used.     23.5 avail Mem 
MiB Swap:    820.0 total,    150.7 free,    669.3 used.     25.1 avail Mem 
MiB Swap:    820.0 total,    150.7 free,    669.3 used.     10.5 avail Mem 
MiB Swap:    820.0 total,    134.0 free,    686.0 used.     12.2 avail Mem 
MiB Swap:    820.0 total,    114.4 free,    705.6 used.     13.4 avail Mem 
MiB Swap:    820.0 total,     97.8 free,    722.2 used.     18.3 avail Mem 
MiB Swap:    820.0 total,     79.5 free,    740.5 used.     23.1 avail Mem 
MiB Swap:    820.0 total,     60.9 free,    759.1 used.     24.0 avail Mem 
MiB Swap:    820.0 total,     60.9 free,    759.1 used.      8.3 avail Mem 
MiB Swap:    820.0 total,     41.9 free,    778.1 used.     10.6 avail Mem 
MiB Swap:    820.0 total,     25.3 free,    794.7 used.     14.2 avail Mem 
MiB Swap:    820.0 total,      5.9 free,    814.1 used.     12.3 avail Mem 
