
   1604 root      20   0  822252  63700  24776 S   0.0   3.4   0:01.82 packagekitd
    879 root      20   0  438780  41184  39528 S   0.0   2.2   0:00.13 sssd_nss
    877 root      20   0  506324  40648  18628 S   0.0   2.2   0:00.70 firewalld
    902 root      20   0  626652  30936  15388 S   0.0   1.7   0:00.32 tuned
    845 polkitd   20   0 1631468  25248  17452 S   0.0   1.4   0:00.16 polkitd

   1604 root      20   0  822252  63700  24776 S   0.0   3.4   0:01.82 packagekitd
    879 root      20   0  438780  41184  39528 S   0.0   2.2   0:00.13 sssd_nss
    877 root      20   0  506324  40648  18628 S   0.0   2.2   0:00.70 firewalld
    902 root      20   0  626652  30936  15388 S   0.0   1.7   0:00.32 tuned
   3782 root      20   0  249444  29708   2760 R  47.1   1.6   0:01.00 mem.bash

   1604 root      20   0  822252  63700  24776 S   0.0   3.4   0:01.82 packagekitd
   3783 root      20   0  262248  42776   2892 R  43.8   2.3   0:01.49 mem2.bash
   3782 root      20   0  262380  42644   2760 R  50.0   2.3   0:01.50 mem.bash
    879 root      20   0  438780  41184  39528 S   0.0   2.2   0:00.13 sssd_nss
    877 root      20   0  506324  40648  18628 S   0.0   2.2   0:00.70 firewalld

   1604 root      20   0  822252  63700  24776 S   0.0   3.4   0:01.82 packagekitd
   3782 root      20   0  275712  56108   2760 R  44.4   3.0   0:02.00 mem.bash
   3783 root      20   0  275580  55976   2892 R  44.4   3.0   0:01.99 mem2.bash
    879 root      20   0  438780  41184  39528 S   0.0   2.2   0:00.13 sssd_nss
    877 root      20   0  506324  40648  18628 S   0.0   2.2   0:00.70 firewalld

   3783 root      20   0  288516  68912   2892 R  38.9   3.7   0:02.48 mem2.bash
   3782 root      20   0  288516  68780   2760 R  50.0   3.7   0:02.49 mem.bash
   1604 root      20   0  822252  63700  24776 S   0.0   3.4   0:01.82 packagekitd
    879 root      20   0  438780  41184  39528 S   0.0   2.2   0:00.13 sssd_nss
    877 root      20   0  506324  40648  18628 S   0.0   2.2   0:00.70 firewalld

   3783 root      20   0  301848  82376   2892 R  50.0   4.4   0:02.98 mem2.bash
   3782 root      20   0  301848  82244   2760 R  56.2   4.4   0:02.99 mem.bash
   1604 root      20   0  822252  63700  24776 S   0.0   3.4   0:01.82 packagekitd
    879 root      20   0  438780  41184  39528 S   0.0   2.2   0:00.13 sssd_nss
    877 root      20   0  506324  40648  18628 S   0.0   2.2   0:00.70 firewalld

   3783 root      20   0  314124  94520   2892 R  50.0   5.1   0:03.49 mem2.bash
   3782 root      20   0  313860  94124   2760 R  50.0   5.1   0:03.48 mem.bash
   1604 root      20   0  822252  63700  24776 S   0.0   3.4   0:01.82 packagekitd
    879 root      20   0  438780  41184  39528 S   0.0   2.2   0:00.13 sssd_nss
    877 root      20   0  506324  40648  18628 S   0.0   2.2   0:00.70 firewalld

   3783 root      20   0  327192 107720   2892 R  62.5   5.8   0:03.99 mem2.bash
   3782 root      20   0  326928 107324   2760 R  43.8   5.8   0:03.97 mem.bash
   1604 root      20   0  822252  63700  24776 S   0.0   3.4   0:01.82 packagekitd
    879 root      20   0  438780  41184  39528 S   0.0   2.2   0:00.13 sssd_nss
    877 root      20   0  506324  40648  18628 S   0.0   2.2   0:00.70 firewalld

   3783 root      20   0  339864 120392   2892 R  50.0   6.5   0:04.47 mem2.bash
   3782 root      20   0  339996 120260   2760 R  38.9   6.5   0:04.46 mem.bash
   1604 root      20   0  822252  63700  24776 S   0.0   3.4   0:01.82 packagekitd
    879 root      20   0  438780  41184  39528 S   0.0   2.2   0:00.13 sssd_nss
    877 root      20   0  506324  40648  18628 S   0.0   2.2   0:00.70 firewalld

   3782 root      20   0  352932 133460   2760 R  52.9   7.2   0:04.95 mem.bash
   3783 root      20   0  352272 132800   2892 R  41.2   7.1   0:04.94 mem2.bash
   1604 root      20   0  822252  63700  24776 S   0.0   3.4   0:01.82 packagekitd
    879 root      20   0  438780  41184  39528 S   0.0   2.2   0:00.13 sssd_nss
    877 root      20   0  506324  40648  18628 S   0.0   2.2   0:00.70 firewalld

   3782 root      20   0  365736 146132   2760 R  50.0   7.9   0:05.43 mem.bash
   3783 root      20   0  365208 145736   2892 R  50.0   7.8   0:05.43 mem2.bash
   1604 root      20   0  822252  63700  24776 S   0.0   3.4   0:01.82 packagekitd
    879 root      20   0  438780  41184  39528 S   0.0   2.2   0:00.13 sssd_nss
    877 root      20   0  506324  40648  18628 S   0.0   2.2   0:00.70 firewalld

   3782 root      20   0  378672 159068   2760 R  46.7   8.5   0:05.91 mem.bash
   3783 root      20   0  378540 158936   2892 R  60.0   8.5   0:05.93 mem2.bash
   1604 root      20   0  822252  63700  24776 S   0.0   3.4   0:01.82 packagekitd
    879 root      20   0  438780  41184  39528 S   0.0   2.2   0:00.15 sssd_nss
    877 root      20   0  506324  40648  18628 S   0.0   2.2   0:00.70 firewalld

   3782 root      20   0  391740 172004   2760 R  43.8   9.2   0:06.40 mem.bash
   3783 root      20   0  391344 171872   2892 R  56.2   9.2   0:06.41 mem2.bash
   1604 root      20   0  822252  63700  24776 S   0.0   3.4   0:01.82 packagekitd
    879 root      20   0  438780  41184  39528 S   0.0   2.2   0:00.15 sssd_nss
    877 root      20   0  506324  40648  18628 S   0.0   2.2   0:00.70 firewalld

   3782 root      20   0  404940 185204   2760 R  52.9  10.0   0:06.90 mem.bash
   3783 root      20   0  404280 184808   2892 R  47.1   9.9   0:06.89 mem2.bash
   1604 root      20   0  822252  63700  24776 S   0.0   3.4   0:01.82 packagekitd
    879 root      20   0  438780  41184  39528 S   0.0   2.2   0:00.15 sssd_nss
    877 root      20   0  506324  40648  18628 S   0.0   2.2   0:00.70 firewalld

   3782 root      20   0  416292 196556   2760 R  41.2  10.6   0:07.34 mem.bash
   3783 root      20   0  415896 196424   2892 R  47.1  10.6   0:07.35 mem2.bash
   1604 root      20   0  822252  63700  24776 S   0.0   3.4   0:01.82 packagekitd
    879 root      20   0  438780  41184  39528 S   0.0   2.2   0:00.15 sssd_nss
    877 root      20   0  506324  40648  18628 S   0.0   2.2   0:00.70 firewalld

   3782 root      20   0  428832 209228   2760 R  50.0  11.2   0:07.83 mem.bash
   3783 root      20   0  427908 208568   2892 R  50.0  11.2   0:07.83 mem2.bash
   1604 root      20   0  822252  63700  24776 S   0.0   3.4   0:01.82 packagekitd
    879 root      20   0  438780  41184  39528 S   0.0   2.2   0:00.15 sssd_nss
    877 root      20   0  506324  40648  18628 S   0.0   2.2   0:00.70 firewalld

   3782 root      20   0  441900 222164   2760 R  50.0  11.9   0:08.31 mem.bash
   3783 root      20   0  440316 220712   2892 R  43.8  11.9   0:08.30 mem2.bash
   1604 root      20   0  822252  63700  24776 S   0.0   3.4   0:01.82 packagekitd
    879 root      20   0  438780  41184  39528 S   0.0   2.2   0:00.15 sssd_nss
    877 root      20   0  506324  40648  18628 S   0.0   2.2   0:00.70 firewalld

   3782 root      20   0  454704 235100   2760 R  41.2  12.6   0:08.79 mem.bash
   3783 root      20   0  453252 233648   2892 R  47.1  12.6   0:08.79 mem2.bash
   1604 root      20   0  822252  63700  24776 S   0.0   3.4   0:01.82 packagekitd
    879 root      20   0  438780  41184  39528 S   0.0   2.2   0:00.15 sssd_nss
    877 root      20   0  506324  40648  18628 S   0.0   2.2   0:00.70 firewalld

   3782 root      20   0  467904 248300   2760 R  50.0  13.3   0:09.29 mem.bash
   3783 root      20   0  466320 246848   2892 R  50.0  13.3   0:09.29 mem2.bash
   1604 root      20   0  822252  63700  24776 S   0.0   3.4   0:01.82 packagekitd
    879 root      20   0  438780  41184  39528 S   0.0   2.2   0:00.15 sssd_nss
    877 root      20   0  506324  40648  18628 S   0.0   2.2   0:00.70 firewalld

   3782 root      20   0  481500 261764   2760 R  45.0  14.1   0:09.80 mem.bash
   3783 root      20   0  479784 260312   2892 R  40.0  14.0   0:09.79 mem2.bash
   1604 root      20   0  822252  63700  24776 S   0.0   3.4   0:01.82 packagekitd
    879 root      20   0  438780  41184  39528 S   0.0   2.2   0:00.15 sssd_nss
    877 root      20   0  506324  40648  18628 S   0.0   2.2   0:00.70 firewalld

   3782 root      20   0  494700 274964   2760 R  50.0  14.8   0:10.29 mem.bash
   3783 root      20   0  492852 273248   2892 R  37.5  14.7   0:10.28 mem2.bash
   1604 root      20   0  822252  63700  24776 S   0.0   3.4   0:01.82 packagekitd
    879 root      20   0  438780  41184  39528 S   0.0   2.2   0:00.15 sssd_nss
    877 root      20   0  506324  40648  18628 S   0.0   2.2   0:00.70 firewalld

   3782 root      20   0  507240 287636   2760 R  47.1  15.5   0:10.77 mem.bash
   3783 root      20   0  505656 286184   2892 R  41.2  15.4   0:10.77 mem2.bash
   1604 root      20   0  822252  63700  24776 S   0.0   3.4   0:01.82 packagekitd
    879 root      20   0  438780  41184  39528 S   0.0   2.2   0:00.15 sssd_nss
    877 root      20   0  506324  40648  18628 S   0.0   2.2   0:00.70 firewalld

   3782 root      20   0  520176 300572   2760 R  38.9  16.2   0:11.25 mem.bash
   3783 root      20   0  518592 299120   2892 R  50.0  16.1   0:11.26 mem2.bash
   1604 root      20   0  822252  63700  24776 S   0.0   3.4   0:01.82 packagekitd
    879 root      20   0  438780  41184  39528 S   0.0   2.2   0:00.15 sssd_nss
    877 root      20   0  506324  40648  18628 S   0.0   2.2   0:00.70 firewalld

   3782 root      20   0  533376 313772   2760 R  50.0  16.9   0:11.75 mem.bash
   3783 root      20   0  531660 312056   2892 R  50.0  16.8   0:11.76 mem2.bash
   1604 root      20   0  822252  63700  24776 S   0.0   3.4   0:01.82 packagekitd
    879 root      20   0  438780  41184  39528 S   0.0   2.2   0:00.15 sssd_nss
    877 root      20   0  506324  40648  18628 S   0.0   2.2   0:00.70 firewalld

   3782 root      20   0  545784 326180   2760 R  38.9  17.5   0:12.21 mem.bash
   3783 root      20   0  543804 324200   2892 R  50.0  17.4   0:12.23 mem2.bash
   1604 root      20   0  822252  63700  24776 S   0.0   3.4   0:01.82 packagekitd
    879 root      20   0  438780  41184  39528 S   0.0   2.2   0:00.15 sssd_nss
    877 root      20   0  506324  40648  18628 S   0.0   2.2   0:00.70 firewalld

   3782 root      20   0  559116 339380   2760 R  56.2  18.2   0:12.71 mem.bash
   3783 root      20   0  556608 337136   2892 R  43.8  18.1   0:12.70 mem2.bash
   1604 root      20   0  822252  63700  24776 S   0.0   3.4   0:01.82 packagekitd
    879 root      20   0  438780  41184  39528 S   0.0   2.2   0:00.15 sssd_nss
    877 root      20   0  506324  40648  18628 S   0.0   2.2   0:00.70 firewalld

   3782 root      20   0  572448 352844   2760 R  62.5  19.0   0:13.21 mem.bash
   3783 root      20   0  569280 349808   2892 R  37.5  18.8   0:13.19 mem2.bash
   1604 root      20   0  822252  63700  24776 S   0.0   3.4   0:01.82 packagekitd
    879 root      20   0  438780  41184  39528 S   0.0   2.2   0:00.15 sssd_nss
    877 root      20   0  506324  40648  18628 S   0.0   2.2   0:00.70 firewalld

   3782 root      20   0  585252 365780   2760 R  56.2  19.7   0:13.69 mem.bash
   3783 root      20   0  582348 362744   2892 R  37.5  19.5   0:13.67 mem2.bash
   1604 root      20   0  822252  63700  24776 S   0.0   3.4   0:01.82 packagekitd
    879 root      20   0  438780  41184  39528 S   0.0   2.2   0:00.15 sssd_nss
    877 root      20   0  506324  40648  18628 S   0.0   2.2   0:00.70 firewalld

   3782 root      20   0  598452 378716   2760 R  50.0  20.4   0:14.18 mem.bash
   3783 root      20   0  595416 375944   2892 R  43.8  20.2   0:14.17 mem2.bash
   1604 root      20   0  822252  63700  24776 S   0.0   3.4   0:01.82 packagekitd
    879 root      20   0  438780  41184  39528 S   0.0   2.2   0:00.15 sssd_nss
    877 root      20   0  506324  40648  18628 S   0.0   2.2   0:00.70 firewalld

   3782 root      20   0  610728 391124   2760 R  52.9  21.0   0:14.65 mem.bash
   3783 root      20   0  608220 388880   2892 R  41.2  20.9   0:14.65 mem2.bash
   1604 root      20   0  822252  63700  24776 S   0.0   3.4   0:01.82 packagekitd
    879 root      20   0  438780  41184  39528 S   0.0   2.2   0:00.15 sssd_nss
    877 root      20   0  506324  40648  18628 S   0.0   2.2   0:00.70 firewalld

   3782 root      20   0  624192 404588   2760 R  56.2  21.7   0:15.16 mem.bash
   3783 root      20   0  621288 401816   2892 R  43.8  21.6   0:15.15 mem2.bash
   1604 root      20   0  822252  63700  24776 S   0.0   3.4   0:01.82 packagekitd
    879 root      20   0  438780  41184  39528 S   0.0   2.2   0:00.15 sssd_nss
    877 root      20   0  506324  40648  18628 S   0.0   2.2   0:00.70 firewalld

   3782 root      20   0  637128 417524   2760 R  50.0  22.4   0:15.65 mem.bash
   3783 root      20   0  634488 415016   2892 R  56.2  22.3   0:15.66 mem2.bash
   1604 root      20   0  822252  63700  24776 S   0.0   3.4   0:01.82 packagekitd
    879 root      20   0  438780  41184  39528 S   0.0   2.2   0:00.16 sssd_nss
    877 root      20   0  506324  40648  18628 S   0.0   2.2   0:00.70 firewalld

   3782 root      20   0  651120 431516   2760 R  35.0  23.2   0:16.16 mem.bash
   3783 root      20   0  648084 428480   2892 R  45.0  23.0   0:16.16 mem2.bash
   1604 root      20   0  822252  63700  24776 S   0.0   3.4   0:01.82 packagekitd
    879 root      20   0  438780  41184  39528 S   0.0   2.2   0:00.16 sssd_nss
    877 root      20   0  506324  40648  18628 S   0.0   2.2   0:00.70 firewalld

   3782 root      20   0  664452 444716   2760 R  52.9  23.9   0:16.68 mem.bash
   3783 root      20   0  661548 441944   2892 R  41.2  23.7   0:16.67 mem2.bash
   1604 root      20   0  822252  63700  24776 S   0.0   3.4   0:01.82 packagekitd
    879 root      20   0  438780  41184  39528 S   0.0   2.2   0:00.16 sssd_nss
    877 root      20   0  506324  40648  18628 S   0.0   2.2   0:00.70 firewalld

   3782 root      20   0  677520 457916   2760 R  56.2  24.6   0:17.17 mem.bash
   3783 root      20   0  673956 454352   2892 R  43.8  24.4   0:17.15 mem2.bash
   1604 root      20   0  822252  63700  24776 S   0.0   3.4   0:01.82 packagekitd
    879 root      20   0  438780  41184  39528 S   0.0   2.2   0:00.16 sssd_nss
    877 root      20   0  506324  40648  18628 S   0.0   2.2   0:00.70 firewalld

   3782 root      20   0  690324 470852   2760 R  52.9  25.3   0:17.65 mem.bash
   3783 root      20   0  686628 467024   2892 R  47.1  25.1   0:17.64 mem2.bash
   1604 root      20   0  822252  63700  24776 S   0.0   3.4   0:01.82 packagekitd
    879 root      20   0  438780  41184  39528 S   0.0   2.2   0:00.16 sssd_nss
    877 root      20   0  506324  40648  18628 S   0.0   2.2   0:00.70 firewalld

   3782 root      20   0  702336 482732   2760 R  43.8  25.9   0:18.10 mem.bash
   3783 root      20   0  698904 479432   2892 R  62.5  25.8   0:18.12 mem2.bash
   1604 root      20   0  822252  63700  24776 S   0.0   3.4   0:01.82 packagekitd
    879 root      20   0  438780  41184  39528 S   0.0   2.2   0:00.16 sssd_nss
    877 root      20   0  506324  40648  18628 S   0.0   2.2   0:00.70 firewalld

   3782 root      20   0  715404 495668   2760 R  41.2  26.6   0:18.60 mem.bash
   3783 root      20   0  711972 492368   2892 R  52.9  26.5   0:18.61 mem2.bash
   1604 root      20   0  822252  63700  24776 S   0.0   3.4   0:01.82 packagekitd
    879 root      20   0  438780  41184  39528 S   0.0   2.2   0:00.16 sssd_nss
    877 root      20   0  506324  40648  18628 S   0.0   2.2   0:00.70 firewalld

   3782 root      20   0  728868 509132   2760 R  52.9  27.4   0:19.10 mem.bash
   3783 root      20   0  724512 505040   2892 R  41.2  27.1   0:19.09 mem2.bash
   1604 root      20   0  822252  63700  24776 S   0.0   3.4   0:01.82 packagekitd
    879 root      20   0  438780  41184  39528 S   0.0   2.2   0:00.16 sssd_nss
    877 root      20   0  506324  40648  18628 S   0.0   2.2   0:00.70 firewalld

   3782 root      20   0  741408 521804   2760 R  47.1  28.0   0:19.57 mem.bash
   3783 root      20   0  737052 517448   2892 R  47.1  27.8   0:19.56 mem2.bash
   1604 root      20   0  822252  63700  24776 S   0.0   3.4   0:01.82 packagekitd
    879 root      20   0  438780  41184  39528 S   0.0   2.2   0:00.16 sssd_nss
    877 root      20   0  506324  40648  18628 S   0.0   2.2   0:00.70 firewalld

   3782 root      20   0  754608 535004   2760 R  50.0  28.7   0:20.06 mem.bash
   3783 root      20   0  749988 530384   2892 R  50.0  28.5   0:20.05 mem2.bash
   1604 root      20   0  822252  63700  24776 S   0.0   3.4   0:01.82 packagekitd
    879 root      20   0  438780  41184  39528 S   0.0   2.2   0:00.17 sssd_nss
    877 root      20   0  506324  40648  18628 S   0.0   2.2   0:00.70 firewalld

   3782 root      20   0  766884 547148   2760 R  53.3  29.4   0:20.53 mem.bash
   3783 root      20   0  762264 542792   2892 R  46.7  29.2   0:20.52 mem2.bash
   1604 root      20   0  822252  63700  24776 S   0.0   3.4   0:01.82 packagekitd
    879 root      20   0  438780  41184  39528 S   0.0   2.2   0:00.17 sssd_nss
    877 root      20   0  506324  40648  18628 S   0.0   2.2   0:00.70 firewalld

   3782 root      20   0  778500 559028   2760 R  50.0  30.0   0:20.98 mem.bash
   3783 root      20   0  774672 555200   2892 R  50.0  29.8   0:20.99 mem2.bash
   1604 root      20   0  822252  63700  24776 S   0.0   3.4   0:01.82 packagekitd
    879 root      20   0  438780  41184  39528 S   0.0   2.2   0:00.17 sssd_nss
    877 root      20   0  506324  40648  18628 S   0.0   2.2   0:00.70 firewalld

   3782 root      20   0  793020 573284   2760 R  56.2  30.8   0:21.54 mem.bash
   3783 root      20   0  788400 568928   2892 R  37.5  30.6   0:21.52 mem2.bash
   1604 root      20   0  822252  63700  24776 S   0.0   3.4   0:01.82 packagekitd
    879 root      20   0  438780  41184  39528 S   0.0   2.2   0:00.17 sssd_nss
    877 root      20   0  506324  40648  18628 S   0.0   2.2   0:00.70 firewalld

   3782 root      20   0  805560 585928   2732 R  41.2  31.5   0:22.02 mem.bash
   3783 root      20   0  801732 582100   2864 R  52.9  31.3   0:22.02 mem2.bash
   1604 root      20   0  822252  63308  24384 S   0.0   3.4   0:01.82 packagekitd
    879 root      20   0  438780  40920  39264 S   0.0   2.2   0:00.17 sssd_nss
    877 root      20   0  506324  40620  18600 S   0.0   2.2   0:00.70 firewalld

   3782 root      20   0  818892 599128   2732 R  47.1  32.2   0:22.51 mem.bash
   3783 root      20   0  815064 595564   2864 R  47.1  32.0   0:22.51 mem2.bash
   1604 root      20   0  822252  63308  24384 S   0.0   3.4   0:01.82 packagekitd
    879 root      20   0  438780  40920  39264 S   0.0   2.2   0:00.17 sssd_nss
    877 root      20   0  506324  40620  18600 S   0.0   2.2   0:00.70 firewalld

   3782 root      20   0  832356 612856   2732 R  50.0  32.9   0:23.01 mem.bash
   3783 root      20   0  828000 608500   2864 R  43.8  32.7   0:23.00 mem2.bash
   1604 root      20   0  822252  63308  24384 S   0.0   3.4   0:01.82 packagekitd
    879 root      20   0  438780  40920  39264 S   0.0   2.2   0:00.17 sssd_nss
    877 root      20   0  506324  40620  18600 S   0.0   2.2   0:00.70 firewalld

   3782 root      20   0  845028 625264   2732 R  43.8  33.6   0:23.49 mem.bash
   3783 root      20   0  841068 621436   2864 R  43.8  33.4   0:23.49 mem2.bash
   1604 root      20   0  822252  63288  24364 S   0.0   3.4   0:01.82 packagekitd
    879 root      20   0  438780  40900  39244 S   0.0   2.2   0:00.17 sssd_nss
    877 root      20   0  506324  40620  18600 S   0.0   2.2   0:00.70 firewalld

   3782 root      20   0  858096 638464   2732 R  47.1  34.3   0:23.99 mem.bash
   3783 root      20   0  854136 634636   2864 R  52.9  34.1   0:23.99 mem2.bash
   1604 root      20   0  822252  63288  24364 S   0.0   3.4   0:01.82 packagekitd
    879 root      20   0  438780  40900  39244 S   0.0   2.2   0:00.17 sssd_nss
    877 root      20   0  506324  40620  18600 S   0.0   2.2   0:00.70 firewalld

   3782 root      20   0  873012 653248   2732 R  47.4  35.1   0:24.55 mem.bash
   3783 root      20   0  868656 649156   2864 R  36.8  34.9   0:24.53 mem2.bash
   1604 root      20   0  822252  63288  24364 S   0.0   3.4   0:01.82 packagekitd
    877 root      20   0  506324  40620  18600 S   0.0   2.2   0:00.70 firewalld
    879 root      20   0  438780  36468  34812 S   0.0   2.0   0:00.17 sssd_nss

   3782 root      20   0  886080 666448   2732 R  62.5  35.8   0:25.05 mem.bash
   3783 root      20   0  881988 662356   2864 R  43.8  35.6   0:25.04 mem2.bash
   1604 root      20   0  822252  61980  24364 S   0.0   3.3   0:01.82 packagekitd
    877 root      20   0  506324  40588  18568 S   0.0   2.2   0:00.70 firewalld
    879 root      20   0  438780  32616  30960 S   0.0   1.8   0:00.18 sssd_nss

   3782 root      20   0  898752 679120   2732 R  50.0  36.5   0:25.51 mem.bash
   3783 root      20   0  894924 675556   2864 R  43.8  36.3   0:25.51 mem2.bash
   1604 root      20   0  822252  60920  24364 S   0.0   3.3   0:01.82 packagekitd
    877 root      20   0  506324  40548  18528 S   0.0   2.2   0:00.70 firewalld
    902 root      20   0  626652  30800  15252 S   0.0   1.7   0:00.32 tuned

   3782 root      20   0  912744 693112   2732 R  47.1  37.2   0:26.03 mem.bash
   3783 root      20   0  908124 688492   2864 R  41.2  37.0   0:26.01 mem2.bash
   1604 root      20   0  822252  59564  23996 S   0.0   3.2   0:01.82 packagekitd
    877 root      20   0  506324  39608  17588 S   0.0   2.1   0:00.70 firewalld
    902 root      20   0  626652  30328  14780 S   0.0   1.6   0:00.32 tuned

   3782 root      20   0  925944 706312   2732 R  62.5  38.0   0:26.53 mem.bash
   3783 root      20   0  921324 701692   2864 R  43.8  37.7   0:26.51 mem2.bash
   1604 root      20   0  822252  58068  23352 D   0.0   3.1   0:01.82 packagekitd
    877 root      20   0  506324  38944  16924 S   0.0   2.1   0:00.70 firewalld
    902 root      20   0  626652  29700  14152 S   0.0   1.6   0:00.32 tuned

   3782 root      20   0  938088 718456   2732 R  50.0  38.6   0:26.98 mem.bash
   3783 root      20   0  933336 713836   2864 R  43.8  38.4   0:26.97 mem2.bash
   1604 root      20   0  822252  54136  22336 S   0.0   2.9   0:01.82 packagekitd
    877 root      20   0  506324  36792  14772 S   0.0   2.0   0:00.70 firewalld
    902 root      20   0  626652  27768  12220 S   0.0   1.5   0:00.32 tuned

   3782 root      20   0  953004 733240   2732 R  42.1  39.4   0:27.55 mem.bash
   3783 root      20   0  948252 728620   2864 R  36.8  39.2   0:27.54 mem2.bash
   1604 root      20   0  822252  49640  21948 S   0.0   2.7   0:01.82 packagekitd
    877 root      20   0  506324  35696  13676 S   0.0   1.9   0:00.70 firewalld
    902 root      20   0  626652  26708  11160 S   0.0   1.4   0:00.32 tuned

   3782 root      20   0  964752 745116   2728 R  50.0  40.0   0:28.00 mem.bash
   3783 root      20   0  960264 740760   2860 R  50.0  39.8   0:28.00 mem2.bash
   1604 root      20   0  822252  47700  20008 S   0.0   2.6   0:01.82 packagekitd
    877 root      20   0  506324  33824  11804 S   0.0   1.8   0:00.70 firewalld
    902 root      20   0  626652  25044   9496 S   0.0   1.3   0:00.32 tuned

   3782 root      20   0  977688 752228   2656 R  47.1  40.4   0:28.49 mem.bash
   3783 root      20   0  972936 747604   2828 R  35.3  40.2   0:28.48 mem2.bash
   1604 root      20   0  822252  31744  11408 S   0.0   1.7   0:01.82 packagekitd
    877 root      20   0  506324  28896   6924 S   0.0   1.6   0:00.70 firewalld
    902 root      20   0  626652  21356   6464 S   0.0   1.1   0:00.32 tuned

   3782 root      20   0 1001316 760248   2536 R  52.9  40.9   0:29.43 mem.bash
   3783 root      20   0  996564 755884   2732 R  41.2  40.6   0:29.42 mem2.bash
    877 root      20   0  506324  26300   6152 S   0.0   1.4   0:00.70 firewalld
   1604 root      20   0  822252  19620   9524 S   0.0   1.1   0:01.82 packagekitd
    902 root      20   0  626652  19464   5724 S   0.0   1.0   0:00.33 tuned

   3782 root      20   0 1013988 765772   2536 R  38.9  41.1   0:29.90 mem.bash
   3783 root      20   0 1009500 761084   2732 R  44.4  40.9   0:29.91 mem2.bash
    877 root      20   0  506324  26168   6020 S   0.0   1.4   0:00.70 firewalld
    902 root      20   0  626652  19348   5608 S   0.0   1.0   0:00.33 tuned
   1604 root      20   0  822252  19312   9216 S   0.0   1.0   0:01.82 packagekitd

   3782 root      20   0 1026396 770676   2536 R  50.0  41.4   0:30.41 mem.bash
   3783 root      20   0 1021380 765708   2732 R  50.0  41.1   0:30.39 mem2.bash
    877 root      20   0  506324  26072   5924 S   0.0   1.4   0:00.70 firewalld
    902 root      20   0  626652  19268   5528 S   0.0   1.0   0:00.33 tuned
   1604 root      20   0  822252  19048   8952 S   0.0   1.0   0:01.82 packagekitd

   3782 root      20   0 1036164 768548   2536 R  42.9  41.3   0:30.89 mem.bash
   3783 root      20   0 1031412 763696   2732 R  33.3  41.0   0:30.88 mem2.bash
    877 root      20   0  506324  25756   5760 S   0.0   1.4   0:00.70 firewalld
    902 root      20   0  626652  19124   5396 S   0.0   1.0   0:00.33 tuned
   1604 root      20   0  822252  18696   8600 S   0.0   1.0   0:01.82 packagekitd

   3782 root      20   0 1049496 773024   2536 R  38.9  41.5   0:31.39 mem.bash
   3783 root      20   0 1045008 768320   2732 R  44.4  41.3   0:31.40 mem2.bash
    877 root      20   0  506324  25328   5612 S   0.0   1.4   0:00.70 firewalld
    902 root      20   0  626652  18828   5288 S   0.0   1.0   0:00.33 tuned
   1604 root      20   0  822252  18456   8360 S   0.0   1.0   0:01.82 packagekitd

   3782 root      20   0 1059396 774144   2536 R  43.8  41.6   0:31.87 mem.bash
   3783 root      20   0 1055172 769984   2732 R  56.2  41.4   0:31.89 mem2.bash
    877 root      20   0  506324  24968   5476 S   0.0   1.3   0:00.70 firewalld
    902 root      20   0  626652  18656   5264 S   0.0   1.0   0:00.33 tuned
   1604 root      20   0  822252  18304   8208 S   0.0   1.0   0:01.82 packagekitd

   3782 root      20   0 1072068 771140   2536 R  50.0  41.4   0:32.36 mem.bash
   3783 root      20   0 1067052 766268   2732 R  50.0  41.2   0:32.35 mem2.bash
    877 root      20   0  506324  24380   5324 S   0.0   1.3   0:00.70 firewalld
    902 root      20   0  626652  18184   5084 S   0.0   1.0   0:00.33 tuned
   1604 root      20   0  822252  17928   7832 S   0.0   1.0   0:01.82 packagekitd

   3782 root      20   0 1081572 774340   2536 R  50.0  41.6   0:32.86 mem.bash
   3783 root      20   0 1076688 769388   2732 R  33.3  41.3   0:32.85 mem2.bash
    877 root      20   0  506324  24096   5252 S   0.0   1.3   0:00.70 firewalld
    902 root      20   0  626652  17932   4968 S   0.0   1.0   0:00.33 tuned
   1604 root      20   0  822252  17760   7664 S   0.0   1.0   0:01.82 packagekitd

   3782 root      20   0 1092396 775648   2536 R  43.8  41.7   0:33.31 mem.bash
   3783 root      20   0 1088040 771768   2732 R  50.0  41.5   0:33.33 mem2.bash
    877 root      20   0  506324  23816   5184 S   0.0   1.3   0:00.70 firewalld
    902 root      20   0  626652  17720   4896 S   0.0   1.0   0:00.33 tuned
   1604 root      20   0  822252  17548   7452 S   0.0   0.9   0:01.82 packagekitd

   3782 root      20   0 1103088 772676   2536 R  44.4  41.5   0:33.79 mem.bash
   3783 root      20   0 1098600 768484   2732 R  44.4  41.3   0:33.80 mem2.bash
    877 root      20   0  506324  23268   5048 S   0.0   1.3   0:00.70 firewalld
    902 root      20   0  626652  17416   4756 S   0.0   0.9   0:00.33 tuned
   1604 root      20   0  822252  17272   7176 S   0.0   0.9   0:01.82 packagekitd

   3782 root      20   0 1113252 767132   2536 R  35.3  41.2   0:34.29 mem.bash
   3783 root      20   0 1108104 762656   2732 R  41.2  41.0   0:34.30 mem2.bash
    877 root      20   0  506324  22716   4912 S   0.0   1.2   0:00.70 firewalld
    902 root      20   0  626652  16912   4648 S   0.0   0.9   0:00.33 tuned
   1604 root      20   0  822252  16876   6780 S   0.0   0.9   0:01.82 packagekitd

   3782 root      20   0 1124604 778484   2536 R  41.2  41.8   0:34.80 mem.bash
   3783 root      20   0 1119852 774272   2732 R  52.9  41.6   0:34.81 mem2.bash
    877 root      20   0  506324  22716   4912 S   0.0   1.2   0:00.70 firewalld
    902 root      20   0  626652  16912   4648 S   0.0   0.9   0:00.33 tuned
   1604 root      20   0  822252  16876   6780 S   0.0   0.9   0:01.82 packagekitd

   3782 root      20   0 1136880 775964   2536 R  47.1  41.7   0:35.27 mem.bash
   3783 root      20   0 1132128 771976   2732 R  47.1  41.5   0:35.27 mem2.bash
    877 root      20   0  506324  22368   4824 S   0.0   1.2   0:00.70 firewalld
   1604 root      20   0  822252  16700   6604 S   0.0   0.9   0:01.82 packagekitd
    902 root      20   0  626652  16684   4564 S   0.0   0.9   0:00.33 tuned

   3782 root      20   0 1151664 781228   2536 R  36.8  42.0   0:35.82 mem.bash
   3783 root      20   0 1146384 776468   2732 R  42.1  41.7   0:35.82 mem2.bash
    877 root      20   0  506324  22064   4716 S   0.0   1.2   0:00.70 firewalld
   1604 root      20   0  822252  16536   6440 S   0.0   0.9   0:01.82 packagekitd
    902 root      20   0  626652  16480   4464 S   0.0   0.9   0:00.33 tuned

   3782 root      20   0 1163016 769336   2536 R  38.9  41.3   0:36.29 mem.bash
   3783 root      20   0 1158264 765032   2732 R  44.4  41.1   0:36.30 mem2.bash
    877 root      20   0  506324  21176   4472 S   0.0   1.1   0:00.70 firewalld
   1604 root      20   0  822252  16076   5980 S   0.0   0.9   0:01.82 packagekitd
    902 root      20   0  626652  15820   4224 S   0.0   0.9   0:00.33 tuned

   3782 root      20   0 1174236 779596   2536 R  41.2  41.9   0:36.77 mem.bash
   3783 root      20   0 1169880 775792   2732 R  47.1  41.7   0:36.79 mem2.bash
    877 root      20   0  506324  21160   4456 S   0.0   1.1   0:00.70 firewalld
   1604 root      20   0  822252  16060   5964 S   0.0   0.9   0:01.82 packagekitd
    902 root      20   0  626652  15788   4192 S   0.0   0.8   0:00.33 tuned

   3782 root      20   0 1187172 783552   2536 R  47.1  42.1   0:37.25 mem.bash
   3783 root      20   0 1182288 779400   2732 R  47.1  41.9   0:37.26 mem2.bash
    877 root      20   0  506324  20936   4420 S   0.0   1.1   0:00.70 firewalld
   1604 root      20   0  822252  15992   5896 S   0.0   0.9   0:01.82 packagekitd
    902 root      20   0  626652  15588   4116 S   0.0   0.8   0:00.33 tuned

   3782 root      20   0 1201824 775568   2536 R  56.2  41.7   0:37.80 mem.bash
   3783 root      20   0 1196148 771396   2732 R  37.5  41.5   0:37.78 mem2.bash
    877 root      20   0  506324  20192   4344 S   0.0   1.1   0:00.70 firewalld
   1604 root      20   0  822252  15740   5644 S   0.0   0.8   0:01.82 packagekitd
    902 root      20   0  626652  14924   3880 S   0.0   0.8   0:00.33 tuned

   3782 root      20   0 1214892 779944   2536 R  44.4  41.9   0:38.29 mem.bash
   3783 root      20   0 1209216 775764   2732 R  38.9  41.7   0:38.27 mem2.bash
    877 root      20   0  506324  20080   4340 S   0.0   1.1   0:00.70 firewalld
   1604 root      20   0  822252  15708   5612 S   0.0   0.8   0:01.82 packagekitd
    902 root      20   0  626652  14816   3836 S   0.0   0.8   0:00.33 tuned

   3782 root      20   0 1225188 781464   2536 R  50.0  42.0   0:38.77 mem.bash
   3783 root      20   0 1219644 777488   2732 R  33.3  41.8   0:38.75 mem2.bash
    877 root      20   0  506324  19900   4336 S   0.0   1.1   0:00.70 firewalld
   1604 root      20   0  822252  15676   5580 S   0.0   0.8   0:01.82 packagekitd
    902 root      20   0  626652  14656   3792 S   0.0   0.8   0:00.33 tuned

   3782 root      20   0 1236012 782276   2536 R  47.4  42.0   0:39.28 mem.bash
   3783 root      20   0 1230600 778456   2732 R  42.1  41.8   0:39.28 mem2.bash
    877 root      20   0  506324  19724   4332 S   0.0   1.1   0:00.70 firewalld
    902 root      20   0  626652  14504   3752 S   0.0   0.8   0:00.33 tuned
   1604 root      20   0  822252  13596   5548 S   0.0   0.7   0:01.82 packagekitd

   3782 root      20   0 1246044 789664   2536 R  47.1  42.4   0:39.78 mem.bash
   3783 root      20   0 1240236 785396   2732 R  47.1  42.2   0:39.77 mem2.bash
    877 root      20   0  506324  19548   4328 S   0.0   1.1   0:00.70 firewalld
    902 root      20   0  626652  14352   3712 S   0.0   0.8   0:00.33 tuned
   1604 root      20   0  822252  13564   5516 S   0.0   0.7   0:01.82 packagekitd

   3782 root      20   0 1258584 780812   2536 R  33.3  42.0   0:40.24 mem.bash
   3783 root      20   0 1252776 776908   2732 R  44.4  41.7   0:40.25 mem2.bash
    877 root      20   0  506324  19208   4320 S   0.0   1.0   0:00.70 firewalld
    902 root      20   0  626652  14104   3672 S   0.0   0.8   0:00.33 tuned
   1604 root      20   0  822252   9408   5456 S   0.0   0.5   0:01.82 packagekitd

   3782 root      20   0 1273104 782696   2536 R  43.8  42.1   0:40.79 mem.bash
   3783 root      20   0 1267296 778700   2732 R  50.0  41.8   0:40.80 mem2.bash
    877 root      20   0  506324  18880   4308 S   0.0   1.0   0:00.70 firewalld
    902 root      20   0  626652  13896   3672 S   0.0   0.7   0:00.33 tuned
   1575 root      20   0  624280   9396   4464 S   0.0   0.5   0:00.78 cockpit-bridge

   3782 root      20   0 1288548 787620   2536 R  37.5  42.3   0:41.37 mem.bash
   3783 root      20   0 1283004 784216   2732 R  56.2  42.1   0:41.39 mem2.bash
    877 root      20   0  506324  18648   4300 S   0.0   1.0   0:00.70 firewalld
    902 root      20   0  626652  13720   3636 S   0.0   0.7   0:00.33 tuned
   1575 root      20   0  624280   9396   4464 S   0.0   0.5   0:00.78 cockpit-bridge

   3782 root      20   0 1299768 784812   2536 R  33.3  42.2   0:41.85 mem.bash
   3783 root      20   0 1294224 781280   2732 R  33.3  42.0   0:41.84 mem2.bash
    877 root      20   0  506324  18336   4300 S   0.0   1.0   0:00.70 firewalld
    902 root      20   0  626652  13500   3600 S   0.0   0.7   0:00.33 tuned
   1575 root      20   0  624280   9396   4464 S   0.0   0.5   0:00.78 cockpit-bridge

   3782 root      20   0 1310328 784296   2536 R  47.4  42.1   0:42.37 mem.bash
   3783 root      20   0 1304520 780540   2732 R  31.6  41.9   0:42.35 mem2.bash
    877 root      20   0  506324  18180   4300 S   0.0   1.0   0:00.70 firewalld
    902 root      20   0  626652  13368   3572 S   0.0   0.7   0:00.33 tuned
   1575 root      20   0  624280   9388   4464 S   0.0   0.5   0:00.79 cockpit-bridge

   3782 root      20   0 1322472 788912   2536 R  35.3  42.4   0:42.95 mem.bash
   3783 root      20   0 1317192 785916   2732 R  47.1  42.2   0:42.96 mem2.bash
    877 root      20   0  506324  18004   4292 S   0.0   1.0   0:00.70 firewalld
    902 root      20   0  626652  13196   3528 S   0.0   0.7   0:00.33 tuned
   1575 root      20   0  624280   9376   4464 S   0.0   0.5   0:00.79 cockpit-bridge

   3782 root      20   0 1334616 785756   2536 R  43.8  42.2   0:43.41 mem.bash
   3783 root      20   0 1329072 782976   2732 R  50.0  42.1   0:43.42 mem2.bash
    877 root      20   0  506324  17728   4292 S   0.0   1.0   0:00.70 firewalld
    902 root      20   0  626652  12980   3480 S   0.0   0.7   0:00.33 tuned
   1575 root      20   0  624280   9376   4464 S   0.0   0.5   0:00.79 cockpit-bridge

   3782 root      20   0 1345308 782344   2536 R  50.0  42.0   0:43.89 mem.bash
   3783 root      20   0 1339500 779028   2732 R  43.8  41.9   0:43.88 mem2.bash
    877 root      20   0  506324  17412   4284 S   0.0   0.9   0:00.70 firewalld
    902 root      20   0  626652  12708   3424 S   0.0   0.7   0:00.33 tuned
   1575 root      20   0  624280   9376   4464 S   0.0   0.5   0:00.79 cockpit-bridge

   3782 root      20   0 1359828 788284   2536 R  33.3  42.4   0:44.64 mem.bash
   3783 root      20   0 1354284 785616   2732 R  38.1  42.2   0:44.65 mem2.bash
    877 root      20   0  506324  17284   4284 S   0.0   0.9   0:00.70 firewalld
    902 root      20   0  626652  12620   3408 S   0.0   0.7   0:00.33 tuned
   1575 root      20   0  624280   9376   4464 S   0.0   0.5   0:00.79 cockpit-bridge

   3782 root      20   0 1373556 792924   2536 R  47.1  42.6   0:45.15 mem.bash
   3783 root      20   0 1367484 789840   2732 R  41.2  42.4   0:45.15 mem2.bash
    877 root      20   0  506324  17140   4284 S   0.0   0.9   0:00.70 firewalld
    902 root      20   0  626652  12508   3392 S   0.0   0.7   0:00.33 tuned
   1575 root      20   0  624280   9376   4464 S   0.0   0.5   0:00.79 cockpit-bridge

   3782 root      20   0 1386624 788280   2536 R  44.4  42.4   0:45.67 mem.bash
   3783 root      20   0 1380552 785280   2732 R  33.3  42.2   0:45.66 mem2.bash
    877 root      20   0  506324  16864   4284 S   0.0   0.9   0:00.70 firewalld
    902 root      20   0  626652  12284   3360 S   0.0   0.7   0:00.33 tuned
   1575 root      20   0  624280   9368   4456 S   0.0   0.5   0:00.79 cockpit-bridge

   3783 root      20   0 1423320 820876   1412 R  31.9  44.1   0:49.49 mem2.bash
    877 root      20   0  506324  12580      0 S   0.0   0.7   0:00.70 firewalld
    902 root      20   0  626652  10052   1368 S   0.0   0.5   0:00.72 tuned
   1575 root      20   0  624280   7348   2384 S   0.0   0.4   0:00.97 cockpit-bridge
      1 root      20   0  186668   6016   2152 S   0.0   0.3   0:01.92 systemd

   3783 root      20   0 1461072 858628   1412 R  99.9  46.1   0:50.92 mem2.bash
    877 root      20   0  506324  12580      0 S   0.0   0.7   0:00.70 firewalld
    902 root      20   0  626652  10052   1368 S   0.0   0.5   0:00.72 tuned
   1575 root      20   0  624280   7348   2384 S   0.0   0.4   0:00.97 cockpit-bridge
      1 root      20   0  186668   6016   2152 S   0.0   0.3   0:01.92 systemd

   3783 root      20   0 1483908 881836   1668 R  99.9  47.4   0:51.79 mem2.bash
    877 root      20   0  506324  12580      0 S   0.0   0.7   0:00.70 firewalld
    902 root      20   0  626652  10052   1368 S   0.0   0.5   0:00.72 tuned
   1575 root      20   0  624280   7348   2384 S   0.0   0.4   0:00.97 cockpit-bridge
      1 root      20   0  186668   6016   2152 S   0.0   0.3   0:01.92 systemd

   3783 root      20   0 1507668 905596   1668 R  99.9  48.7   0:52.67 mem2.bash
    877 root      20   0  506324  12580      0 S   0.0   0.7   0:00.70 firewalld
    902 root      20   0  626652  10052   1368 S   0.0   0.5   0:00.72 tuned
   1575 root      20   0  624280   7348   2384 S   0.0   0.4   0:00.97 cockpit-bridge
      1 root      20   0  186668   6016   2152 S   0.0   0.3   0:01.92 systemd

   3783 root      20   0 1531428 929356   1668 R  99.9  49.9   0:53.56 mem2.bash
    877 root      20   0  506324  12580      0 S   0.0   0.7   0:00.70 firewalld
    902 root      20   0  626652  10052   1368 S   0.0   0.5   0:00.72 tuned
   1575 root      20   0  624280   7348   2384 S   0.0   0.4   0:00.97 cockpit-bridge
      1 root      20   0  186668   6016   2152 S   0.0   0.3   0:01.92 systemd

   3783 root      20   0 1554132 952060   1668 R  94.1  51.2   0:54.42 mem2.bash
    877 root      20   0  506324  12580      0 S   0.0   0.7   0:00.70 firewalld
    902 root      20   0  626652  10052   1368 S   0.0   0.5   0:00.72 tuned
   1575 root      20   0  624280   7348   2384 S   0.0   0.4   0:00.97 cockpit-bridge
      1 root      20   0  186668   6016   2152 S   0.0   0.3   0:01.92 systemd

   3783 root      20   0 1577100 975028   1668 R  99.9  52.4   0:55.27 mem2.bash
    877 root      20   0  506324  12580      0 S   0.0   0.7   0:00.70 firewalld
    902 root      20   0  626652  10052   1368 S   0.0   0.5   0:00.72 tuned
   1575 root      20   0  624280   7348   2384 S   0.0   0.4   0:00.97 cockpit-bridge
      1 root      20   0  186668   6016   2152 S   0.0   0.3   0:01.92 systemd

   3783 root      20   0 1600068 997996   1668 R  99.9  53.6   0:56.13 mem2.bash
    877 root      20   0  506324  12580      0 S   0.0   0.7   0:00.70 firewalld
    902 root      20   0  626652  10052   1368 S   0.0   0.5   0:00.72 tuned
   1575 root      20   0  624280   7348   2384 S   0.0   0.4   0:00.97 cockpit-bridge
      1 root      20   0  186668   6016   2152 S   0.0   0.3   0:01.92 systemd

   3783 root      20   0 1622904 997.0m   1668 R  99.9  54.9   0:56.98 mem2.bash
    877 root      20   0  506324  12580      0 S   0.0   0.7   0:00.70 firewalld
    902 root      20   0  626652  10052   1368 S   0.0   0.5   0:00.72 tuned
   1575 root      20   0  624280   7348   2384 S   0.0   0.4   0:00.97 cockpit-bridge
      1 root      20   0  186668   6016   2152 S   0.0   0.3   0:01.92 systemd

   3783 root      20   0 1645872   1.0g   1668 R  93.8  56.1   0:57.83 mem2.bash
    877 root      20   0  506324  12580      0 S   0.0   0.7   0:00.70 firewalld
    902 root      20   0  626652  10052   1368 S   0.0   0.5   0:00.72 tuned
   1575 root      20   0  624280   7348   2384 S   0.0   0.4   0:00.97 cockpit-bridge
      1 root      20   0  186668   6016   2152 S   0.0   0.3   0:01.92 systemd

   3783 root      20   0 1669896   1.0g   1668 R  99.9  57.4   0:58.73 mem2.bash
    877 root      20   0  506324  12580      0 S   0.0   0.7   0:00.70 firewalld
    902 root      20   0  626652  10052   1368 S   0.0   0.5   0:00.72 tuned
   1575 root      20   0  624280   7348   2384 S   0.0   0.4   0:00.97 cockpit-bridge
      1 root      20   0  186668   6016   2152 S   0.0   0.3   0:01.92 systemd

   3783 root      20   0 1692864   1.0g   1668 R  99.9  58.6   0:59.59 mem2.bash
    877 root      20   0  506324  12580      0 S   0.0   0.7   0:00.70 firewalld
    902 root      20   0  626652  10052   1368 S   0.0   0.5   0:00.72 tuned
   1575 root      20   0  624280   7348   2384 S   0.0   0.4   0:00.97 cockpit-bridge
      1 root      20   0  186668   6016   2152 S   0.0   0.3   0:01.92 systemd

   3783 root      20   0 1716756   1.1g   1668 R  99.9  59.9   1:00.46 mem2.bash
    877 root      20   0  506324  12580      0 S   0.0   0.7   0:00.70 firewalld
    902 root      20   0  626652  10052   1368 S   0.0   0.5   0:00.72 tuned
   1575 root      20   0  624280   7348   2384 S   0.0   0.4   0:00.97 cockpit-bridge
      1 root      20   0  186668   6016   2152 S   0.0   0.3   0:01.92 systemd

   3783 root      20   0 1740120   1.1g   1668 R  94.4  61.2   1:01.34 mem2.bash
    877 root      20   0  506324  12580      0 S   0.0   0.7   0:00.70 firewalld
    902 root      20   0  626652  10052   1368 S   0.0   0.5   0:00.72 tuned
   1575 root      20   0  624280   7348   2384 S   0.0   0.4   0:00.97 cockpit-bridge
      1 root      20   0  186668   6016   2152 S   0.0   0.3   0:01.92 systemd

   3783 root      20   0 1761900   1.1g   1668 R  99.9  62.3   1:02.17 mem2.bash
    877 root      20   0  506324  12580      0 S   0.0   0.7   0:00.70 firewalld
    902 root      20   0  626652  10052   1368 S   0.0   0.5   0:00.72 tuned
   1575 root      20   0  624280   7348   2384 S   0.0   0.4   0:00.97 cockpit-bridge
      1 root      20   0  186668   6016   2152 S   0.0   0.3   0:01.92 systemd

   3783 root      20   0 1785396   1.1g   1668 R  94.1  63.6   1:03.04 mem2.bash
    877 root      20   0  506324  12580      0 S   0.0   0.7   0:00.70 firewalld
    902 root      20   0  626652  10052   1368 S   0.0   0.5   0:00.72 tuned
   1575 root      20   0  624280   7348   2384 S   0.0   0.4   0:00.97 cockpit-bridge
      1 root      20   0  186668   6016   2152 S   0.0   0.3   0:01.92 systemd

   3783 root      20   0 1808100   1.2g   1668 R  99.9  64.8   1:03.90 mem2.bash
    877 root      20   0  506324  12580      0 S   0.0   0.7   0:00.70 firewalld
    902 root      20   0  626652  10052   1368 S   0.0   0.5   0:00.72 tuned
   1575 root      20   0  624280   7348   2384 S   0.0   0.4   0:00.97 cockpit-bridge
      1 root      20   0  186668   6016   2152 S   0.0   0.3   0:01.92 systemd

   3783 root      20   0 1831464   1.2g   1668 R  99.9  66.1   1:04.77 mem2.bash
    877 root      20   0  506324  12580      0 S   0.0   0.7   0:00.70 firewalld
    902 root      20   0  626652  10052   1368 S   0.0   0.5   0:00.72 tuned
   1575 root      20   0  624280   7348   2384 S   0.0   0.4   0:00.97 cockpit-bridge
      1 root      20   0  186668   6016   2152 S   0.0   0.3   0:01.92 systemd

   3783 root      20   0 1854564   1.2g   1668 R  94.1  67.3   1:05.63 mem2.bash
    877 root      20   0  506324  12580      0 S   0.0   0.7   0:00.70 firewalld
    902 root      20   0  626652  10052   1368 S   0.0   0.5   0:00.72 tuned
   1575 root      20   0  624280   7348   2384 S   0.0   0.4   0:00.97 cockpit-bridge
      1 root      20   0  186668   6016   2152 S   0.0   0.3   0:01.92 systemd

   3783 root      20   0 1877004   1.2g   1668 R  99.9  68.5   1:06.48 mem2.bash
    877 root      20   0  506324  12580      0 S   0.0   0.7   0:00.70 firewalld
    902 root      20   0  626652  10052   1368 S   0.0   0.5   0:00.72 tuned
   1575 root      20   0  624280   7348   2384 S   0.0   0.4   0:00.97 cockpit-bridge
      1 root      20   0  186668   6016   2152 S   0.0   0.3   0:01.92 systemd

   3783 root      20   0 1900368   1.2g   1668 R  99.9  69.8   1:07.35 mem2.bash
    877 root      20   0  506324  12580      0 S   0.0   0.7   0:00.70 firewalld
    902 root      20   0  626652  10052   1368 S   0.0   0.5   0:00.72 tuned
   1575 root      20   0  624280   7348   2384 S   0.0   0.4   0:00.97 cockpit-bridge
      1 root      20   0  186668   6016   2152 S   0.0   0.3   0:01.92 systemd

   3783 root      20   0 1923336   1.3g   1668 R  99.9  71.0   1:08.21 mem2.bash
    877 root      20   0  506324  12580      0 S   0.0   0.7   0:00.70 firewalld
    902 root      20   0  626652  10052   1368 S   0.0   0.5   0:00.72 tuned
   1575 root      20   0  624280   7348   2384 S   0.0   0.4   0:00.97 cockpit-bridge
      1 root      20   0  186668   6016   2152 S   0.0   0.3   0:01.92 systemd

   3783 root      20   0 1946304   1.3g   1668 R  93.8  72.2   1:09.07 mem2.bash
    877 root      20   0  506324  12580      0 S   0.0   0.7   0:00.70 firewalld
    902 root      20   0  626652  10052   1368 S   0.0   0.5   0:00.72 tuned
   1575 root      20   0  624280   7348   2384 S   0.0   0.4   0:00.97 cockpit-bridge
      1 root      20   0  186668   6016   2152 S   0.0   0.3   0:01.92 systemd

   3783 root      20   0 1970988   1.3g   1668 R  99.9  73.6   1:09.99 mem2.bash
    877 root      20   0  506324  12580      0 S   0.0   0.7   0:00.70 firewalld
    902 root      20   0  626652  10052   1368 S   0.0   0.5   0:00.72 tuned
   1575 root      20   0  624280   7348   2384 S   0.0   0.4   0:00.97 cockpit-bridge
      1 root      20   0  186668   6016   2152 S   0.0   0.3   0:01.92 systemd

   3783 root      20   0 1993824   1.3g   1668 R  93.8  74.8   1:10.85 mem2.bash
    877 root      20   0  506324  12580      0 S   0.0   0.7   0:00.70 firewalld
    902 root      20   0  626652  10052   1368 S   0.0   0.5   0:00.72 tuned
   1575 root      20   0  624280   7348   2384 S   0.0   0.4   0:00.97 cockpit-bridge
      1 root      20   0  186668   6016   2152 S   0.0   0.3   0:01.92 systemd

   3783 root      20   0 2017056   1.3g   1668 R  99.9  76.0   1:11.72 mem2.bash
    877 root      20   0  506324  12580      0 S   0.0   0.7   0:00.70 firewalld
    902 root      20   0  626652  10052   1368 S   0.0   0.5   0:00.72 tuned
   1575 root      20   0  624280   7348   2384 S   0.0   0.4   0:00.97 cockpit-bridge
      1 root      20   0  186668   6016   2152 S   0.0   0.3   0:01.92 systemd

   3783 root      20   0 2041212   1.4g   1668 R  99.9  77.3   1:12.63 mem2.bash
    877 root      20   0  506324  12580      0 S   0.0   0.7   0:00.70 firewalld
    902 root      20   0  626652  10052   1368 S   0.0   0.5   0:00.72 tuned
   1575 root      20   0  624280   7348   2384 S   0.0   0.4   0:00.97 cockpit-bridge
      1 root      20   0  186668   6016   2152 S   0.0   0.3   0:01.92 systemd

   3783 root      20   0 2064312   1.4g   1668 R  94.1  78.6   1:13.49 mem2.bash
    877 root      20   0  506324  12580      0 S   0.0   0.7   0:00.70 firewalld
    902 root      20   0  626652  10052   1368 S   0.0   0.5   0:00.72 tuned
   1575 root      20   0  624280   7348   2384 S   0.0   0.4   0:00.97 cockpit-bridge
      1 root      20   0  186668   6016   2152 S   0.0   0.3   0:01.92 systemd

   3783 root      20   0 2088336   1.4g   1668 R  94.4  79.9   1:14.39 mem2.bash
    877 root      20   0  506324  12580      0 S   0.0   0.7   0:00.70 firewalld
    902 root      20   0  626652  10052   1368 S   0.0   0.5   0:00.72 tuned
   1575 root      20   0  624280   7348   2384 S   0.0   0.4   0:00.97 cockpit-bridge
      1 root      20   0  186668   6016   2152 S   0.0   0.3   0:01.92 systemd

   3783 root      20   0 2112096   1.4g   1668 R  99.9  81.2   1:15.27 mem2.bash
    877 root      20   0  506324  12580      0 S   0.0   0.7   0:00.70 firewalld
    902 root      20   0  626652  10052   1368 S   0.0   0.5   0:00.72 tuned
   1575 root      20   0  624280   7348   2384 S   0.0   0.4   0:00.97 cockpit-bridge
      1 root      20   0  186668   6016   2152 S   0.0   0.3   0:01.92 systemd

   3783 root      20   0 2136648   1.5g   1668 R  99.9  82.5   1:16.20 mem2.bash
    877 root      20   0  506324  12580      0 S   0.0   0.7   0:00.70 firewalld
    902 root      20   0  626652  10052   1368 S   0.0   0.5   0:00.72 tuned
   1575 root      20   0  624280   7348   2384 S   0.0   0.4   0:00.97 cockpit-bridge
      1 root      20   0  186668   6016   2152 S   0.0   0.3   0:01.92 systemd

   3783 root      20   0 2160276   1.5g   1668 R  94.7  83.7   1:17.08 mem2.bash
    877 root      20   0  506324  12580      0 S   0.0   0.7   0:00.70 firewalld
    902 root      20   0  626652  10052   1368 S   0.0   0.5   0:00.72 tuned
   1575 root      20   0  624280   7348   2384 S   0.0   0.4   0:00.97 cockpit-bridge
      1 root      20   0  186668   6016   2152 S   0.0   0.3   0:01.92 systemd

   3783 root      20   0 2180736   1.5g   1668 R  87.5  83.5   1:17.89 mem2.bash
    877 root      20   0  506324  12408      0 S   0.0   0.7   0:00.70 firewalld
    902 root      20   0  626652  10052   1368 S   0.0   0.5   0:00.72 tuned
   1575 root      20   0  624280   7348   2384 S   0.0   0.4   0:00.97 cockpit-bridge
      1 root      20   0  186668   6016   2152 S   0.0   0.3   0:01.92 systemd

   3783 root      20   0 2197104   1.5g   1668 R  84.2  83.7   1:18.69 mem2.bash
    877 root      20   0  506324  12260      0 S   0.0   0.7   0:00.70 firewalld
    902 root      20   0  626652   9976   1368 S   0.0   0.5   0:00.72 tuned
   1575 root      20   0  624280   7348   2384 S   0.0   0.4   0:00.97 cockpit-bridge
      1 root      20   0  186668   6004   2152 S   0.0   0.3   0:01.92 systemd

   3783 root      20   0 2216772   1.5g   1668 R  99.9  84.0   1:19.56 mem2.bash
    877 root      20   0  506324  12156      0 S   0.0   0.7   0:00.70 firewalld
    902 root      20   0  626652   9912   1368 S   0.0   0.5   0:00.72 tuned
   1575 root      20   0  624280   7348   2384 S   0.0   0.4   0:00.97 cockpit-bridge
      1 root      20   0  186668   5976   2152 S   0.0   0.3   0:01.92 systemd

   3783 root      20   0 2238024   1.5g   1668 R  52.9  83.5   1:20.38 mem2.bash
    877 root      20   0  506324  11864      0 S   0.0   0.6   0:00.70 firewalld
    902 root      20   0  626652   9712   1368 S   0.0   0.5   0:00.72 tuned
   1575 root      20   0  624280   7348   2384 S   0.0   0.4   0:00.97 cockpit-bridge
      1 root      20   0  186668   5900   2152 S   0.0   0.3   0:01.92 systemd

   3783 root      20   0 2258748   1.5g   1668 R  86.7  83.6   1:21.36 mem2.bash
    877 root      20   0  506324  11680      0 S   0.0   0.6   0:00.70 firewalld
    902 root      20   0  626652   9588   1368 S   0.0   0.5   0:00.72 tuned
   1575 root      20   0  624280   7348   2384 S   0.0   0.4   0:00.97 cockpit-bridge
      1 root      20   0  186668   5844   2152 S   0.0   0.3   0:01.92 systemd

   3783 root      20   0 2279868   1.5g   1668 R  94.1  84.3   1:22.23 mem2.bash
    877 root      20   0  506324  11680      0 S   0.0   0.6   0:00.70 firewalld
    902 root      20   0  626652   9588   1368 S   0.0   0.5   0:00.72 tuned
   1575 root      20   0  624280   7348   2384 S   0.0   0.4   0:00.97 cockpit-bridge
      1 root      20   0  186668   5844   2152 S   0.0   0.3   0:01.92 systemd

   3783 root      20   0 2298348   1.5g   1668 R  99.9  84.6   1:23.10 mem2.bash
    877 root      20   0  506324  11592      0 S   0.0   0.6   0:00.70 firewalld
    902 root      20   0  626652   9540   1368 S   0.0   0.5   0:00.72 tuned
   1575 root      20   0  624280   7348   2384 S   0.0   0.4   0:00.97 cockpit-bridge
      1 root      20   0  186668   5836   2152 S   0.0   0.3   0:01.92 systemd

   3783 root      20   0 2316300   1.5g   1668 R  94.1  84.3   1:23.98 mem2.bash
    877 root      20   0  506324  11392      0 S   0.0   0.6   0:00.70 firewalld
    902 root      20   0  626652   9424   1368 S   0.0   0.5   0:00.72 tuned
   1575 root      20   0  624280   7348   2384 S   0.0   0.4   0:00.97 cockpit-bridge
      1 root      20   0  186668   5776   2152 S   0.0   0.3   0:01.92 systemd

   3783 root      20   0 2334648   1.5g   1668 R  80.0  84.0   1:24.85 mem2.bash
    877 root      20   0  506324  11228      0 S   0.0   0.6   0:00.70 firewalld
    902 root      20   0  626652   9316   1368 S   0.0   0.5   0:00.72 tuned
   1575 root      20   0  624280   7348   2384 S   0.0   0.4   0:00.97 cockpit-bridge
      1 root      20   0  186668   5728   2152 S   0.0   0.3   0:01.92 systemd

   3783 root      20   0 2358012   1.5g   1668 R  94.4  84.6   1:25.73 mem2.bash
    877 root      20   0  506324  11204      0 S   0.0   0.6   0:00.70 firewalld
    902 root      20   0  626652   9300   1368 S   0.0   0.5   0:00.72 tuned
   1575 root      20   0  624280   7348   2384 S   0.0   0.4   0:00.97 cockpit-bridge
      1 root      20   0  186668   5728   2152 S   0.0   0.3   0:01.92 systemd

   3783 root      20   0 2379000   1.5g   1668 R  99.9  85.1   1:26.59 mem2.bash
    877 root      20   0  506324  11112      0 S   0.0   0.6   0:00.70 firewalld
    902 root      20   0  626652   9244   1368 S   0.0   0.5   0:00.72 tuned
   1575 root      20   0  624280   7340   2384 S   0.0   0.4   0:00.97 cockpit-bridge
      1 root      20   0  186668   5704   2152 S   0.0   0.3   0:01.92 systemd

   3783 root      20   0 2395236   1.5g   1668 R  99.9  85.2   1:27.40 mem2.bash
    877 root      20   0  506324  10956      0 S   0.0   0.6   0:00.70 firewalld
    902 root      20   0  626652   9140   1368 S   0.0   0.5   0:00.72 tuned
   1575 root      20   0  624280   7340   2384 S   0.0   0.4   0:00.97 cockpit-bridge
      1 root      20   0  186668   5656   2152 S   0.0   0.3   0:01.92 systemd

   3783 root      20   0 2418732   1.5g   1668 R  31.8  84.6   1:28.45 mem2.bash
    877 root      20   0  506324  10660      0 S   0.0   0.6   0:00.70 firewalld
    902 root      20   0  626652   8944   1368 S   0.0   0.5   0:00.72 tuned
   1575 root      20   0  624280   7336   2384 S   0.0   0.4   0:00.97 cockpit-bridge
      1 root      20   0  186668   5580   2152 S   0.0   0.3   0:01.92 systemd

   3783 root      20   0 2433648   1.5g   1668 R  81.0  84.7   1:29.32 mem2.bash
    877 root      20   0  506324  10320      0 S   0.0   0.6   0:00.70 firewalld
    902 root      20   0  626652   8724   1368 S   0.0   0.5   0:00.72 tuned
   1575 root      20   0  624280   7332   2384 S   0.0   0.4   0:00.97 cockpit-bridge
      1 root      20   0  186668   5492   2152 S   0.0   0.3   0:01.92 systemd

   3783 root      20   0 2454108   1.5g   1668 R  89.5  84.8   1:30.31 mem2.bash
    877 root      20   0  506324  10040      0 S   0.0   0.5   0:00.70 firewalld
    902 root      20   0  626652   8536   1368 S   0.0   0.5   0:00.72 tuned
   1575 root      20   0  624280   7332   2384 S   0.0   0.4   0:00.97 cockpit-bridge
      1 root      20   0  186668   5408   2152 S   0.0   0.3   0:01.92 systemd

   3783 root      20   0 2476020   1.5g   1668 R  94.1  84.3   1:31.46 mem2.bash
    877 root      20   0  506324   9448      0 S   0.0   0.5   0:00.70 firewalld
    902 root      20   0  626652   8144   1368 S   0.0   0.4   0:00.72 tuned
   1575 root      20   0  624280   7316   2384 S   0.0   0.4   0:00.97 cockpit-bridge
      1 root      20   0  186668   5224   2152 S   0.0   0.3   0:01.92 systemd

   3783 root      20   0 2499516   1.5g   1668 R  99.9  85.6   1:32.34 mem2.bash
    877 root      20   0  506324   9448      0 S   0.0   0.5   0:00.70 firewalld
    902 root      20   0  626652   8144   1368 S   0.0   0.4   0:00.72 tuned
   1575 root      20   0  624280   7316   2384 S   0.0   0.4   0:00.97 cockpit-bridge
      1 root      20   0  186668   5224   2152 S   0.0   0.3   0:01.92 systemd

   3783 root      20   0 2525124   1.5g   1668 R  82.4  85.5   1:33.39 mem2.bash
    877 root      20   0  506324   8744      0 S   0.0   0.5   0:00.70 firewalld
    902 root      20   0  626652   7804   1304 S   0.0   0.4   0:00.72 tuned
   1575 root      20   0  624280   7232   2384 S   0.0   0.4   0:00.98 cockpit-bridge
      1 root      20   0  186668   5024   2072 S   0.0   0.3   0:01.92 systemd

   3783 root      20   0 2548092   1.5g   1668 R  93.8  85.8   1:34.42 mem2.bash
    877 root      20   0  506324   8744      0 S   0.0   0.5   0:00.70 firewalld
    902 root      20   0  626652   7444   1144 S   0.0   0.4   0:00.72 tuned
   1575 root      20   0  624280   7184   2372 S   0.0   0.4   0:00.98 cockpit-bridge
      1 root      20   0  186668   4768   1908 S   0.0   0.3   0:01.92 systemd

    877 root      20   0  506324   7524      0 S   0.0   0.4   0:00.70 firewalld
    902 root      20   0  626652   6840   1320 S   0.0   0.4   0:02.89 tuned
   5580 root      20   0  275048   4408   3836 R   4.5   0.2   0:00.02 top
   1575 root      20   0  624280   3988      0 S   0.0   0.2   0:07.52 cockpit-bridge
    656 root      20   0  100956   3032   2384 S   0.0   0.2   0:00.26 systemd-journal

